<?xml version="1.0" encoding="UTF-8"?>
<testsuite name="test.ProducerTest" tests="2" skipped="0" failures="0" errors="0" timestamp="2016-09-12T13:11:59" hostname="Matt-PC" time="0.0">
  <properties/>
  <testcase name="testCreateJsonMessage" classname="test.ProducerTest" time="0.0"/>
  <testcase name="testGetNewPhoneNumber" classname="test.ProducerTest" time="0.0"/>
  <system-out><![CDATA[]]></system-out>
  <system-err><![CDATA[]]></system-err>
</testsuite>
