<?xml version="1.0" encoding="UTF-8"?>
<testsuite name="test.ApplicationTest" tests="4" skipped="0" failures="0" errors="0" timestamp="2016-09-12T13:11:56" hostname="Matt-PC" time="2.968">
  <properties/>
  <testcase name="testIsRecognisedCode" classname="test.ApplicationTest" time="0.016"/>
  <testcase name="testGetCountryForCode" classname="test.ApplicationTest" time="0.012"/>
  <testcase name="testGetFirstMatchingCountry" classname="test.ApplicationTest" time="0.007"/>
  <testcase name="test" classname="test.ApplicationTest" time="2.921"/>
  <system-out><![CDATA[14:11:51.866 [Test worker] DEBUG org.springframework.test.context.junit4.SpringJUnit4ClassRunner - SpringJUnit4ClassRunner constructor called with [class test.ApplicationTest]
14:11:51.880 [Test worker] DEBUG org.springframework.test.context.BootstrapUtils - Instantiating CacheAwareContextLoaderDelegate from class [org.springframework.test.context.cache.DefaultCacheAwareContextLoaderDelegate]
14:11:51.892 [Test worker] DEBUG org.springframework.test.context.BootstrapUtils - Instantiating BootstrapContext using constructor [public org.springframework.test.context.support.DefaultBootstrapContext(java.lang.Class,org.springframework.test.context.CacheAwareContextLoaderDelegate)]
14:11:51.919 [Test worker] DEBUG org.springframework.test.context.BootstrapUtils - Instantiating TestContextBootstrapper for test class [test.ApplicationTest] from class [org.springframework.boot.test.context.SpringBootTestContextBootstrapper]
14:11:51.943 [Test worker] INFO org.springframework.boot.test.context.SpringBootTestContextBootstrapper - Neither @ContextConfiguration nor @ContextHierarchy found for test class [test.ApplicationTest], using SpringBootContextLoader
14:11:51.949 [Test worker] DEBUG org.springframework.test.context.support.AbstractContextLoader - Did not detect default resource location for test class [test.ApplicationTest]: class path resource [test/ApplicationTest-context.xml] does not exist
14:11:51.950 [Test worker] DEBUG org.springframework.test.context.support.AbstractContextLoader - Did not detect default resource location for test class [test.ApplicationTest]: class path resource [test/ApplicationTestContext.groovy] does not exist
14:11:51.950 [Test worker] INFO org.springframework.test.context.support.AbstractContextLoader - Could not detect default resource locations for test class [test.ApplicationTest]: no resource found for suffixes {-context.xml, Context.groovy}.
14:11:52.081 [Test worker] DEBUG org.springframework.boot.test.context.SpringBootTestContextBootstrapper - @TestExecutionListeners is not present for class [test.ApplicationTest]: using defaults.
14:11:52.087 [Test worker] INFO org.springframework.boot.test.context.SpringBootTestContextBootstrapper - Loaded default TestExecutionListener class names from location [META-INF/spring.factories]: [org.springframework.boot.test.mock.mockito.MockitoTestExecutionListener, org.springframework.boot.test.mock.mockito.ResetMocksTestExecutionListener, org.springframework.boot.test.autoconfigure.AutoConfigureReportTestExecutionListener, org.springframework.boot.test.autoconfigure.restdocs.RestDocsTestExecutionListener, org.springframework.boot.test.autoconfigure.web.client.MockRestServiceServerResetTestExecutionListener, org.springframework.test.context.web.ServletTestExecutionListener, org.springframework.test.context.support.DirtiesContextBeforeModesTestExecutionListener, org.springframework.test.context.support.DependencyInjectionTestExecutionListener, org.springframework.test.context.support.DirtiesContextTestExecutionListener, org.springframework.test.context.transaction.TransactionalTestExecutionListener, org.springframework.test.context.jdbc.SqlScriptsTestExecutionListener]
14:11:52.114 [Test worker] INFO org.springframework.boot.test.context.SpringBootTestContextBootstrapper - Using TestExecutionListeners: [org.springframework.test.context.web.ServletTestExecutionListener@7000c854, org.springframework.test.context.support.DirtiesContextBeforeModesTestExecutionListener@58a5386b, org.springframework.boot.test.autoconfigure.AutoConfigureReportTestExecutionListener@6c540d00, org.springframework.test.context.support.DependencyInjectionTestExecutionListener@7e6815bc, org.springframework.test.context.support.DirtiesContextTestExecutionListener@8dc304d, org.springframework.test.context.transaction.TransactionalTestExecutionListener@79cb275d, org.springframework.test.context.jdbc.SqlScriptsTestExecutionListener@353b0969, org.springframework.boot.test.mock.mockito.MockitoTestExecutionListener@bc03f87, org.springframework.boot.test.autoconfigure.restdocs.RestDocsTestExecutionListener@62f738ea, org.springframework.boot.test.autoconfigure.web.client.MockRestServiceServerResetTestExecutionListener@42a60a26, org.springframework.boot.test.mock.mockito.ResetMocksTestExecutionListener@2f3b235a]
14:11:52.118 [Test worker] DEBUG org.springframework.test.annotation.ProfileValueUtils - Retrieved @ProfileValueSourceConfiguration [null] for test class [test.ApplicationTest]
14:11:52.119 [Test worker] DEBUG org.springframework.test.annotation.ProfileValueUtils - Retrieved ProfileValueSource type [class org.springframework.test.annotation.SystemProfileValueSource] for class [test.ApplicationTest]
14:11:52.120 [Test worker] DEBUG org.springframework.test.annotation.ProfileValueUtils - Retrieved @ProfileValueSourceConfiguration [null] for test class [test.ApplicationTest]
14:11:52.121 [Test worker] DEBUG org.springframework.test.annotation.ProfileValueUtils - Retrieved ProfileValueSource type [class org.springframework.test.annotation.SystemProfileValueSource] for class [test.ApplicationTest]
14:11:52.126 [Test worker] DEBUG org.springframework.test.context.support.AbstractDirtiesContextTestExecutionListener - Before test class: context [DefaultTestContext@62d2ade8 testClass = ApplicationTest, testInstance = [null], testMethod = [null], testException = [null], mergedContextConfiguration = [WebMergedContextConfiguration@5cc707c6 testClass = ApplicationTest, locations = '{}', classes = '{class runtime.Application, class runtime.Application}', contextInitializerClasses = '[]', activeProfiles = '{dev}', propertySourceLocations = '{}', propertySourceProperties = '{org.springframework.boot.test.context.SpringBootTestContextBootstrapper=true}', contextCustomizers = set[org.springframework.boot.test.context.SpringBootTestContextCustomizer@5cf4905f, org.springframework.boot.test.context.filter.ExcludeFilterContextCustomizer@51646096, org.springframework.boot.test.mock.mockito.MockitoContextCustomizer@30fdcbae, org.springframework.boot.test.autoconfigure.properties.PropertyMappingContextCustomizer@0], resourceBasePath = 'src/main/webapp', contextLoader = 'org.springframework.boot.test.context.SpringBootContextLoader', parent = [null]]], class annotated with @DirtiesContext [false] with mode [null].
14:11:52.127 [Test worker] DEBUG org.springframework.test.annotation.ProfileValueUtils - Retrieved @ProfileValueSourceConfiguration [null] for test class [test.ApplicationTest]
14:11:52.127 [Test worker] DEBUG org.springframework.test.annotation.ProfileValueUtils - Retrieved ProfileValueSource type [class org.springframework.test.annotation.SystemProfileValueSource] for class [test.ApplicationTest]
14:11:52.244 [Test worker] DEBUG org.springframework.core.env.StandardEnvironment - Adding [systemProperties] PropertySource with lowest search precedence
14:11:52.245 [Test worker] DEBUG org.springframework.core.env.StandardEnvironment - Adding [systemEnvironment] PropertySource with lowest search precedence
14:11:52.245 [Test worker] DEBUG org.springframework.core.env.StandardEnvironment - Initialized StandardEnvironment with PropertySources [systemProperties,systemEnvironment]
14:11:52.246 [Test worker] DEBUG org.springframework.core.env.StandardEnvironment - Adding [test] PropertySource with highest search precedence
14:11:52.249 [Test worker] DEBUG org.springframework.test.context.support.TestPropertySourceUtils - Adding inlined properties to environment: {spring.jmx.enabled=false, org.springframework.boot.test.context.SpringBootTestContextBootstrapper=true, server.port=-1}
14:11:52.249 [Test worker] DEBUG org.springframework.core.env.StandardEnvironment - Adding [Inlined Test Properties] PropertySource with highest search precedence

  .   ____          _            __ _ _
 /\\ / ___'_ __ _ _(_)_ __  __ _ \ \ \ \
( ( )\___ | '_ | '_| | '_ \/ _` | \ \ \ \
 \\/  ___)| |_)| | | | | || (_| |  ) ) ) )
  '  |____| .__|_| |_|_| |_\__, | / / / /
 =========|_|==============|___/=/_/_/_/
 :: Spring Boot ::        (v1.4.0.RELEASE)

2016-09-12 14:11:52.874  INFO 14320 --- [    Test worker] test.ApplicationTest                     : Starting ApplicationTest on Matt-PC with PID 14320 (started by Matt in C:\workspace\RTapMessages)
2016-09-12 14:11:52.875  INFO 14320 --- [    Test worker] test.ApplicationTest                     : The following profiles are active: dev
2016-09-12 14:11:52.933  INFO 14320 --- [    Test worker] o.s.w.c.s.GenericWebApplicationContext   : Refreshing org.springframework.web.context.support.GenericWebApplicationContext@7bccef77: startup date [Mon Sep 12 14:11:52 BST 2016]; root of context hierarchy
2016-09-12 14:11:54.303  INFO 14320 --- [    Test worker] o.s.b.f.s.DefaultListableBeanFactory     : Overriding bean definition for bean 'runner' with a different definition: replacing [Generic bean: class [runtime.Runner]; scope=singleton; abstract=false; lazyInit=false; autowireMode=0; dependencyCheck=0; autowireCandidate=true; primary=false; factoryBeanName=null; factoryMethodName=null; initMethodName=null; destroyMethodName=null; defined in file [C:\workspace\RTapMessages\build\classes\main\runtime\Runner.class]] with [Root bean: class [runtime.Runner]; scope=; abstract=false; lazyInit=false; autowireMode=0; dependencyCheck=0; autowireCandidate=true; primary=false; factoryBeanName=org.springframework.boot.test.mock.mockito.MockitoPostProcessor; factoryMethodName=createMock; initMethodName=null; destroyMethodName=null]
2016-09-12 14:11:54.362  INFO 14320 --- [    Test worker] trationDelegate$BeanPostProcessorChecker : Bean 'org.springframework.amqp.rabbit.annotation.RabbitBootstrapConfiguration' of type [class org.springframework.amqp.rabbit.annotation.RabbitBootstrapConfiguration$$EnhancerBySpringCGLIB$$e39d022e] is not eligible for getting processed by all BeanPostProcessors (for example: not eligible for auto-proxying)
2016-09-12 14:11:55.988  INFO 14320 --- [    Test worker] s.w.s.m.m.a.RequestMappingHandlerAdapter : Looking for @ControllerAdvice: org.springframework.web.context.support.GenericWebApplicationContext@7bccef77: startup date [Mon Sep 12 14:11:52 BST 2016]; root of context hierarchy
2016-09-12 14:11:56.092  INFO 14320 --- [    Test worker] s.w.s.m.m.a.RequestMappingHandlerMapping : Mapped "{[/]}" onto public java.lang.String runtime.Application.home()
2016-09-12 14:11:56.096  INFO 14320 --- [    Test worker] s.w.s.m.m.a.RequestMappingHandlerMapping : Mapped "{[/error]}" onto public org.springframework.http.ResponseEntity<java.util.Map<java.lang.String, java.lang.Object>> org.springframework.boot.autoconfigure.web.BasicErrorController.error(javax.servlet.http.HttpServletRequest)
2016-09-12 14:11:56.096  INFO 14320 --- [    Test worker] s.w.s.m.m.a.RequestMappingHandlerMapping : Mapped "{[/error],produces=[text/html]}" onto public org.springframework.web.servlet.ModelAndView org.springframework.boot.autoconfigure.web.BasicErrorController.errorHtml(javax.servlet.http.HttpServletRequest,javax.servlet.http.HttpServletResponse)
2016-09-12 14:11:56.152  INFO 14320 --- [    Test worker] o.s.w.s.handler.SimpleUrlHandlerMapping  : Mapped URL path [/webjars/**] onto handler of type [class org.springframework.web.servlet.resource.ResourceHttpRequestHandler]
2016-09-12 14:11:56.152  INFO 14320 --- [    Test worker] o.s.w.s.handler.SimpleUrlHandlerMapping  : Mapped URL path [/**] onto handler of type [class org.springframework.web.servlet.resource.ResourceHttpRequestHandler]
2016-09-12 14:11:56.224  INFO 14320 --- [    Test worker] o.s.w.s.handler.SimpleUrlHandlerMapping  : Mapped URL path [/**/favicon.ico] onto handler of type [class org.springframework.web.servlet.resource.ResourceHttpRequestHandler]
2016-09-12 14:11:56.643  INFO 14320 --- [    Test worker] o.s.c.support.DefaultLifecycleProcessor  : Starting beans in phase -2147482648
2016-09-12 14:11:56.643  INFO 14320 --- [    Test worker] o.s.c.support.DefaultLifecycleProcessor  : Starting beans in phase 2147483647
2016-09-12 14:11:56.756  INFO 14320 --- [    container-1] o.s.a.r.c.CachingConnectionFactory       : Created new connection: SimpleConnection@34019572 [delegate=amqp://guest@127.0.0.1:5672/, localPort= 55000]
2016-09-12 14:11:56.759  INFO 14320 --- [    container-1] o.s.amqp.rabbit.core.RabbitAdmin         : Auto-declaring a non-durable, auto-delete, or exclusive Queue (messaging-test) durable:false, auto-delete:false, exclusive:false. It will be redeclared if the broker stops and is restarted while the connection factory is alive, but all messages will be lost.
2016-09-12 14:11:56.854  INFO 14320 --- [    Test worker] test.ApplicationTest                     : Started ApplicationTest in 4.585 seconds (JVM running for 5.89)
Received Message 1: {
  "id": 1,
  "telephoneNumber": "+5818503750023"
}
Received Message 2: {
  "id": 2,
  "telephoneNumber": "+861558721225653"
}
Received Message 3: {
  "id": 3,
  "telephoneNumber": "+191162937695437"
}
Received Message 4: {
  "id": 4,
  "telephoneNumber": "+135850570267338"
}
Received Message 5: {
  "id": 5,
  "telephoneNumber": "+479527936423559"
}
Received Message 6: {
  "id": 6,
  "telephoneNumber": "+976027601873411"
}
Received Message 7: {
  "id": 7,
  "telephoneNumber": "+339103328727327"
}
Received Message 8: {
  "id": 8,
  "telephoneNumber": "+458883409227063"
}
Received Message 9: {
  "id": 9,
  "telephoneNumber": "+329981858741186"
}
Received Message 10: {
  "id": 10,
  "telephoneNumber": "+705231241851389"
}
Received Message 11: {
  "id": 11,
  "telephoneNumber": "+797769395468422"
}
Received Message 12: {
  "id": 12,
  "telephoneNumber": "+733067213283780"
}
Received Message 13: {
  "id": 13,
  "telephoneNumber": "+611793640130498"
}
Received Message 14: {
  "id": 14,
  "telephoneNumber": "+557618707740631"
}
Received Message 15: {
  "id": 15,
  "telephoneNumber": "+498472183029453"
}
Received Message 16: {
  "id": 16,
  "telephoneNumber": "+47350653496572"
}
Received Message 17: {
  "id": 17,
  "telephoneNumber": "+574396256312302"
}
Received Message 18: {
  "id": 18,
  "telephoneNumber": "+159326754893231"
}
Received Message 19: {
  "id": 19,
  "telephoneNumber": "+398769951154270"
}
Received Message 20: {
  "id": 20,
  "telephoneNumber": "+512497438245474"
}
Received Message 21: {
  "id": 21,
  "telephoneNumber": "+379337826218401"
}
Received Message 22: {
  "id": 22,
  "telephoneNumber": "+79369706902746"
}
Received Message 23: {
  "id": 23,
  "telephoneNumber": "+910630902265267"
}
Received Message 24: {
  "id": 24,
  "telephoneNumber": "+687687745807078"
}
Received Message 25: {
  "id": 25,
  "telephoneNumber": "+142974250071468"
}
Received Message 26: {
  "id": 26,
  "telephoneNumber": "+844353880811538"
}
Received Message 27: {
  "id": 27,
  "telephoneNumber": "+10306076433658"
}
Received Message 28: {
  "id": 28,
  "telephoneNumber": "+260182107162926"
}
Received Message 29: {
  "id": 29,
  "telephoneNumber": "+25262112996895"
}
Received Message 30: {
  "id": 30,
  "telephoneNumber": "+415791403083775"
}
Received Message 31: {
  "id": 31,
  "telephoneNumber": "+644748795235155"
}
Received Message 32: {
  "id": 32,
  "telephoneNumber": "+973924466632966"
}
Received Message 33: {
  "id": 33,
  "telephoneNumber": "+368695379183052"
}
Received Message 34: {
  "id": 34,
  "telephoneNumber": "+942149681928860"
}
Received Message 35: {
  "id": 35,
  "telephoneNumber": "+917799743537884"
}
Received Message 36: {
  "id": 36,
  "telephoneNumber": "+376732706191878"
}
Received Message 37: {
  "id": 37,
  "telephoneNumber": "+472505972825405"
}
Received Message 38: {
  "id": 38,
  "telephoneNumber": "+199244344767272"
}
Received Message 39: {
  "id": 39,
  "telephoneNumber": "+118171634855641"
}
Received Message 40: {
  "id": 40,
  "telephoneNumber": "+206909210766105"
}
Received Message 41: {
  "id": 41,
  "telephoneNumber": "+841676204520078"
}
Received Message 42: {
  "id": 42,
  "telephoneNumber": "+915577505780715"
}
Received Message 43: {
  "id": 43,
  "telephoneNumber": "+213067337958825"
}
Received Message 44: {
  "id": 44,
  "telephoneNumber": "+670418150345485"
}
Received Message 45: {
  "id": 45,
  "telephoneNumber": "+771191738039279"
}
Received Message 46: {
  "id": 46,
  "telephoneNumber": "+298047762280180"
}
Received Message 47: {
  "id": 47,
  "telephoneNumber": "+944972555890418"
}
Received Message 48: {
  "id": 48,
  "telephoneNumber": "+114732073367148"
}
Received Message 49: {
  "id": 49,
  "telephoneNumber": "+305915142329652"
}
Received Message 50: {
  "id": 50,
  "telephoneNumber": "+100256929969934"
}
Received Message 51: {
  "id": 51,
  "telephoneNumber": "+119906317998317"
}
Received Message 52: {
  "id": 52,
  "telephoneNumber": "+642566498247777"
}
Received Message 53: {
  "id": 53,
  "telephoneNumber": "+648774619460333"
}
Received Message 54: {
  "id": 54,
  "telephoneNumber": "+291433712794964"
}
Received Message 55: {
  "id": 55,
  "telephoneNumber": "+592538732807368"
}
Received Message 56: {
  "id": 56,
  "telephoneNumber": "+546596490789455"
}
Received Message 57: {
  "id": 57,
  "telephoneNumber": "+438991347279298"
}
Received Message 58: {
  "id": 58,
  "telephoneNumber": "+35954129581954"
}
Received Message 59: {
  "id": 59,
  "telephoneNumber": "+528629274454202"
}
Received Message 60: {
  "id": 60,
  "telephoneNumber": "+35782772198989"
}
Received Message 61: {
  "id": 61,
  "telephoneNumber": "+730223776933487"
}
Received Message 62: {
  "id": 62,
  "telephoneNumber": "+407841248213763"
}
Received Message 63: {
  "id": 63,
  "telephoneNumber": "+715727769691335"
}
Received Message 64: {
  "id": 64,
  "telephoneNumber": "+654229989802265"
}
Received Message 65: {
  "id": 65,
  "telephoneNumber": "+211484390352245"
}
Received Message 66: {
  "id": 66,
  "telephoneNumber": "+198871466250994"
}
Received Message 67: {
  "id": 67,
  "telephoneNumber": "+253492503647994"
}
Received Message 68: {
  "id": 68,
  "telephoneNumber": "+31127363659813"
}
Received Message 69: {
  "id": 69,
  "telephoneNumber": "+825637010060723"
}
Received Message 70: {
  "id": 70,
  "telephoneNumber": "+826195726335990"
}
Received Message 71: {
  "id": 71,
  "telephoneNumber": "+148780407986547"
}
Received Message 72: {
  "id": 72,
  "telephoneNumber": "+540372176241233"
}
Received Message 73: {
  "id": 73,
  "telephoneNumber": "+741903797785208"
}
Received Message 74: {
  "id": 74,
  "telephoneNumber": "+617186309121824"
}
Received Message 75: {
  "id": 75,
  "telephoneNumber": "+239068513793169"
}
Received Message 76: {
  "id": 76,
  "telephoneNumber": "+954065414194781"
}
Received Message 77: {
  "id": 77,
  "telephoneNumber": "+607249786307123"
}
Received Message 78: {
  "id": 78,
  "telephoneNumber": "+228787513696907"
}
Received Message 79: {
  "id": 79,
  "telephoneNumber": "+178471478265779"
}
Received Message 80: {
  "id": 80,
  "telephoneNumber": "+777572181150788"
}
Received Message 81: {
  "id": 81,
  "telephoneNumber": "+718873961823979"
}
Received Message 82: {
  "id": 82,
  "telephoneNumber": "+573690198761102"
}
Received Message 83: {
  "id": 83,
  "telephoneNumber": "+960933977085777"
}
Received Message 84: {
  "id": 84,
  "telephoneNumber": "+534664380858751"
}
Received Message 85: {
  "id": 85,
  "telephoneNumber": "+847120307380074"
}
Received Message 86: {
  "id": 86,
  "telephoneNumber": "+177340246126756"
}
Received Message 87: {
  "id": 87,
  "telephoneNumber": "+301125079679163"
}
Received Message 88: {
  "id": 88,
  "telephoneNumber": "+850647262402731"
}
Received Message 89: {
  "id": 89,
  "telephoneNumber": "+128080251060033"
}
Received Message 90: {
  "id": 90,
  "telephoneNumber": "+317033131206567"
}
Received Message 91: {
  "id": 91,
  "telephoneNumber": "+634350463050274"
}
Received Message 92: {
  "id": 92,
  "telephoneNumber": "+666548869931050"
}
Received Message 93: {
  "id": 93,
  "telephoneNumber": "+406053322233488"
}
Received Message 94: {
  "id": 94,
  "telephoneNumber": "+950817874255457"
}
Received Message 95: {
  "id": 95,
  "telephoneNumber": "+748095417965382"
}
Received Message 96: {
  "id": 96,
  "telephoneNumber": "+387206585186185"
}
Received Message 97: {
  "id": 97,
  "telephoneNumber": "+273687597444194"
}
Received Message 98: {
  "id": 98,
  "telephoneNumber": "+416543697822116"
}
Received Message 99: {
  "id": 99,
  "telephoneNumber": "+711557667360015"
}
Received Message 100: {
  "id": 100,
  "telephoneNumber": "+154801705192071"
}
Received Message 101: {
  "id": 101,
  "telephoneNumber": "+755208778432693"
}
Received Message 102: {
  "id": 102,
  "telephoneNumber": "+365553655897855"
}
Received Message 103: {
  "id": 103,
  "telephoneNumber": "+794816384594224"
}
Received Message 104: {
  "id": 104,
  "telephoneNumber": "+706651197478906"
}
Received Message 105: {
  "id": 105,
  "telephoneNumber": "+155771458262055"
}
Received Message 106: {
  "id": 106,
  "telephoneNumber": "+604215646571152"
}
Received Message 107: {
  "id": 107,
  "telephoneNumber": "+741999824397253"
}
Received Message 108: {
  "id": 108,
  "telephoneNumber": "+307983183631095"
}
Received Message 109: {
  "id": 109,
  "telephoneNumber": "+360213291844510"
}
Received Message 110: {
  "id": 110,
  "telephoneNumber": "+33451311218441"
}
Received Message 111: {
  "id": 111,
  "telephoneNumber": "+116474672263968"
}
Received Message 112: {
  "id": 112,
  "telephoneNumber": "+132019548744089"
}
Received Message 113: {
  "id": 113,
  "telephoneNumber": "+914391778911396"
}
Received Message 114: {
  "id": 114,
  "telephoneNumber": "+764429476578906"
}
Received Message 115: {
  "id": 115,
  "telephoneNumber": "+185147547110166"
}
Received Message 116: {
  "id": 116,
  "telephoneNumber": "+307270618918992"
}
Received Message 117: {
  "id": 117,
  "telephoneNumber": "+993216101614964"
}
Received Message 118: {
  "id": 118,
  "telephoneNumber": "+515757522944958"
}
Received Message 119: {
  "id": 119,
  "telephoneNumber": "+553563306667293"
}
Received Message 120: {
  "id": 120,
  "telephoneNumber": "+117720225437921"
}
Received Message 121: {
  "id": 121,
  "telephoneNumber": "+545969846945322"
}
Received Message 122: {
  "id": 122,
  "telephoneNumber": "+308656541415390"
}
Received Message 123: {
  "id": 123,
  "telephoneNumber": "+303334537835465"
}
Received Message 124: {
  "id": 124,
  "telephoneNumber": "+19790873996195"
}
Received Message 125: {
  "id": 125,
  "telephoneNumber": "+108272748804162"
}
Received Message 126: {
  "id": 126,
  "telephoneNumber": "+582789677553622"
}
Received Message 127: {
  "id": 127,
  "telephoneNumber": "+492371172432040"
}
Received Message 128: {
  "id": 128,
  "telephoneNumber": "+242152997737475"
}
Received Message 129: {
  "id": 129,
  "telephoneNumber": "+732954963052279"
}
Received Message 130: {
  "id": 130,
  "telephoneNumber": "+113409763339235"
}
Received Message 131: {
  "id": 131,
  "telephoneNumber": "+25467072224284"
}
Received Message 132: {
  "id": 132,
  "telephoneNumber": "+302163787368792"
}
Received Message 133: {
  "id": 133,
  "telephoneNumber": "+603805789994680"
}
Received Message 134: {
  "id": 134,
  "telephoneNumber": "+962732801698040"
}
Received Message 135: {
  "id": 135,
  "telephoneNumber": "+778979787492180"
}
Received Message 136: {
  "id": 136,
  "telephoneNumber": "+992467455653871"
}
Received Message 137: {
  "id": 137,
  "telephoneNumber": "+538817936155369"
}
Received Message 138: {
  "id": 138,
  "telephoneNumber": "+958547487148191"
}
Received Message 139: {
  "id": 139,
  "telephoneNumber": "+813437189691779"
}
Received Message 140: {
  "id": 140,
  "telephoneNumber": "+30222446686706"
}
Received Message 141: {
  "id": 141,
  "telephoneNumber": "+939333622050175"
}
Received Message 142: {
  "id": 142,
  "telephoneNumber": "+235205901591767"
}
Received Message 143: {
  "id": 143,
  "telephoneNumber": "+207084116829771"
}
Received Message 144: {
  "id": 144,
  "telephoneNumber": "+31820425413677"
}
Received Message 145: {
  "id": 145,
  "telephoneNumber": "+183411208932108"
}
Received Message 146: {
  "id": 146,
  "telephoneNumber": "+647811422780337"
}
Received Message 147: {
  "id": 147,
  "telephoneNumber": "+529114300523491"
}
Received Message 148: {
  "id": 148,
  "telephoneNumber": "+799246437480442"
}
Received Message 149: {
  "id": 149,
  "telephoneNumber": "+387514868443811"
}
Received Message 150: {
  "id": 150,
  "telephoneNumber": "+75298124070753"
}
Received Message 151: {
  "id": 151,
  "telephoneNumber": "+653064869587516"
}
Received Message 152: {
  "id": 152,
  "telephoneNumber": "+420275925582031"
}
Received Message 153: {
  "id": 153,
  "telephoneNumber": "+201915554728222"
}
Received Message 154: {
  "id": 154,
  "telephoneNumber": "+785138187214129"
}
Received Message 155: {
  "id": 155,
  "telephoneNumber": "+500039700227150"
}
Received Message 156: {
  "id": 156,
  "telephoneNumber": "+548830240536193"
}
Received Message 157: {
  "id": 157,
  "telephoneNumber": "+488077321328848"
}
Received Message 158: {
  "id": 158,
  "telephoneNumber": "+227342557968727"
}
Received Message 159: {
  "id": 159,
  "telephoneNumber": "+683797345789811"
}
Received Message 160: {
  "id": 160,
  "telephoneNumber": "+916551006613460"
}
Received Message 161: {
  "id": 161,
  "telephoneNumber": "+689106223995086"
}
Received Message 162: {
  "id": 162,
  "telephoneNumber": "+518832575684616"
}
Received Message 163: {
  "id": 163,
  "telephoneNumber": "+818986193544145"
}
Received Message 164: {
  "id": 164,
  "telephoneNumber": "+962727550408861"
}
Received Message 165: {
  "id": 165,
  "telephoneNumber": "+867682190431645"
}
Received Message 166: {
  "id": 166,
  "telephoneNumber": "+797932398515183"
}
Received Message 167: {
  "id": 167,
  "telephoneNumber": "+302870635474390"
}
Received Message 168: {
  "id": 168,
  "telephoneNumber": "+376632315044655"
}
Received Message 169: {
  "id": 169,
  "telephoneNumber": "+265806482732381"
}
Received Message 170: {
  "id": 170,
  "telephoneNumber": "+434790046321021"
}
Received Message 171: {
  "id": 171,
  "telephoneNumber": "+814991793325549"
}
Received Message 172: {
  "id": 172,
  "telephoneNumber": "+473774879851358"
}
Received Message 173: {
  "id": 173,
  "telephoneNumber": "+917571403051892"
}
Received Message 174: {
  "id": 174,
  "telephoneNumber": "+33490372690295"
}
Received Message 175: {
  "id": 175,
  "telephoneNumber": "+521337220085248"
}
Received Message 176: {
  "id": 176,
  "telephoneNumber": "+829661514380864"
}
Received Message 177: {
  "id": 177,
  "telephoneNumber": "+310855994758034"
}
Received Message 178: {
  "id": 178,
  "telephoneNumber": "+674331373695692"
}
Received Message 179: {
  "id": 179,
  "telephoneNumber": "+490476471700931"
}
Received Message 180: {
  "id": 180,
  "telephoneNumber": "+176648437257185"
}
Received Message 181: {
  "id": 181,
  "telephoneNumber": "+522174648698708"
}
Received Message 182: {
  "id": 182,
  "telephoneNumber": "+14457734481326"
}
Received Message 183: {
  "id": 183,
  "telephoneNumber": "+64023219835387"
}
Received Message 184: {
  "id": 184,
  "telephoneNumber": "+161035577056845"
}
Received Message 185: {
  "id": 185,
  "telephoneNumber": "+787176215712212"
}
Received Message 186: {
  "id": 186,
  "telephoneNumber": "+57620825723956"
}
Received Message 187: {
  "id": 187,
  "telephoneNumber": "+38204776260947"
}
Received Message 188: {
  "id": 188,
  "telephoneNumber": "+377093155979443"
}
Received Message 189: {
  "id": 189,
  "telephoneNumber": "+383874184884140"
}
Received Message 190: {
  "id": 190,
  "telephoneNumber": "+72762624313319"
}
Received Message 191: {
  "id": 191,
  "telephoneNumber": "+31940587315015"
}
Received Message 192: {
  "id": 192,
  "telephoneNumber": "+449091060850098"
}
Received Message 193: {
  "id": 193,
  "telephoneNumber": "+316661527202302"
}
Received Message 194: {
  "id": 194,
  "telephoneNumber": "+239333304610168"
}
Received Message 195: {
  "id": 195,
  "telephoneNumber": "+204391553008777"
}
Received Message 196: {
  "id": 196,
  "telephoneNumber": "+707668325206736"
}
Received Message 197: {
  "id": 197,
  "telephoneNumber": "+492483816554153"
}
Received Message 198: {
  "id": 198,
  "telephoneNumber": "+393571124348679"
}
Received Message 199: {
  "id": 199,
  "telephoneNumber": "+683576647812761"
}
Received Message 200: {
  "id": 200,
  "telephoneNumber": "+949580629557501"
}
Received Message 201: {
  "id": 201,
  "telephoneNumber": "+582120944140885"
}
Received Message 202: {
  "id": 202,
  "telephoneNumber": "+61052194910595"
}
Received Message 203: {
  "id": 203,
  "telephoneNumber": "+178848746199220"
}
Received Message 204: {
  "id": 204,
  "telephoneNumber": "+31973758956985"
}
Received Message 205: {
  "id": 205,
  "telephoneNumber": "+437485399212771"
}
Received Message 206: {
  "id": 206,
  "telephoneNumber": "+811374436911657"
}
Received Message 207: {
  "id": 207,
  "telephoneNumber": "+307837417243259"
}
Received Message 208: {
  "id": 208,
  "telephoneNumber": "+791878385586045"
}
Received Message 209: {
  "id": 209,
  "telephoneNumber": "+908563093632728"
}
Received Message 210: {
  "id": 210,
  "telephoneNumber": "+394202502977256"
}
Received Message 211: {
  "id": 211,
  "telephoneNumber": "+261690983214537"
}
Received Message 212: {
  "id": 212,
  "telephoneNumber": "+604702218885088"
}
Received Message 213: {
  "id": 213,
  "telephoneNumber": "+924892098843861"
}
Received Message 214: {
  "id": 214,
  "telephoneNumber": "+437978703193213"
}
Received Message 215: {
  "id": 215,
  "telephoneNumber": "+880910414222221"
}
Received Message 216: {
  "id": 216,
  "telephoneNumber": "+152236890553756"
}
Received Message 217: {
  "id": 217,
  "telephoneNumber": "+369892985995932"
}
Received Message 218: {
  "id": 218,
  "telephoneNumber": "+334149137797825"
}
Received Message 219: {
  "id": 219,
  "telephoneNumber": "+729620140886338"
}
Received Message 220: {
  "id": 220,
  "telephoneNumber": "+415667928837377"
}
Received Message 221: {
  "id": 221,
  "telephoneNumber": "+79874851764831"
}
Received Message 222: {
  "id": 222,
  "telephoneNumber": "+261456728307389"
}
Received Message 223: {
  "id": 223,
  "telephoneNumber": "+626815907122080"
}
Received Message 224: {
  "id": 224,
  "telephoneNumber": "+597217973607194"
}
Received Message 225: {
  "id": 225,
  "telephoneNumber": "+662691906824131"
}
Received Message 226: {
  "id": 226,
  "telephoneNumber": "+436292957813401"
}
Received Message 227: {
  "id": 227,
  "telephoneNumber": "+751734578752163"
}
Received Message 228: {
  "id": 228,
  "telephoneNumber": "+127244867378826"
}
Received Message 229: {
  "id": 229,
  "telephoneNumber": "+569129472784292"
}
Received Message 230: {
  "id": 230,
  "telephoneNumber": "+817901298344467"
}
Received Message 231: {
  "id": 231,
  "telephoneNumber": "+186636901841360"
}
Received Message 232: {
  "id": 232,
  "telephoneNumber": "+444048075999452"
}
Received Message 233: {
  "id": 233,
  "telephoneNumber": "+626170021233579"
}
Received Message 234: {
  "id": 234,
  "telephoneNumber": "+113788865572006"
}
Received Message 235: {
  "id": 235,
  "telephoneNumber": "+183308115602125"
}
Received Message 236: {
  "id": 236,
  "telephoneNumber": "+106603867854759"
}
Received Message 237: {
  "id": 237,
  "telephoneNumber": "+403605658881092"
}
Received Message 238: {
  "id": 238,
  "telephoneNumber": "+902764173141338"
}
Received Message 239: {
  "id": 239,
  "telephoneNumber": "+323415717122260"
}
Received Message 240: {
  "id": 240,
  "telephoneNumber": "+727854431768245"
}
Received Message 241: {
  "id": 241,
  "telephoneNumber": "+236561837854187"
}
Received Message 242: {
  "id": 242,
  "telephoneNumber": "+841358716446521"
}
Received Message 243: {
  "id": 243,
  "telephoneNumber": "+566342482816684"
}
Received Message 244: {
  "id": 244,
  "telephoneNumber": "+932256757410541"
}
Received Message 245: {
  "id": 245,
  "telephoneNumber": "+995454329486752"
}
Received Message 246: {
  "id": 246,
  "telephoneNumber": "+629283239922366"
}
Received Message 247: {
  "id": 247,
  "telephoneNumber": "+369592009388217"
}
Received Message 248: {
  "id": 248,
  "telephoneNumber": "+74387574758419"
}
Received Message 249: {
  "id": 249,
  "telephoneNumber": "+561059752190617"
}
Received Message 250: {
  "id": 250,
  "telephoneNumber": "+953224034308972"
}
Received Message 251: {
  "id": 251,
  "telephoneNumber": "+811975792038681"
}
Received Message 252: {
  "id": 252,
  "telephoneNumber": "+463824364851316"
}
Received Message 253: {
  "id": 253,
  "telephoneNumber": "+81012295700723"
}
Received Message 254: {
  "id": 254,
  "telephoneNumber": "+779173548564341"
}
Received Message 255: {
  "id": 255,
  "telephoneNumber": "+114255522533456"
}
Received Message 256: {
  "id": 256,
  "telephoneNumber": "+305522340952299"
}
Received Message 257: {
  "id": 257,
  "telephoneNumber": "+76880961438653"
}
Received Message 258: {
  "id": 258,
  "telephoneNumber": "+935402377084821"
}
Received Message 259: {
  "id": 259,
  "telephoneNumber": "+579929016174589"
}
Received Message 260: {
  "id": 260,
  "telephoneNumber": "+382825081224872"
}
Received Message 261: {
  "id": 261,
  "telephoneNumber": "+358062883536794"
}
Received Message 262: {
  "id": 262,
  "telephoneNumber": "+772838138813325"
}
Received Message 263: {
  "id": 263,
  "telephoneNumber": "+958445439944487"
}
Received Message 264: {
  "id": 264,
  "telephoneNumber": "+619320555348864"
}
Received Message 265: {
  "id": 265,
  "telephoneNumber": "+466483420158199"
}
Received Message 266: {
  "id": 266,
  "telephoneNumber": "+20135531999124"
}
Received Message 267: {
  "id": 267,
  "telephoneNumber": "+822393913448250"
}
Received Message 268: {
  "id": 268,
  "telephoneNumber": "+865530461023487"
}
Received Message 269: {
  "id": 269,
  "telephoneNumber": "+546234312505042"
}
Received Message 270: {
  "id": 270,
  "telephoneNumber": "+368297364003808"
}
Received Message 271: {
  "id": 271,
  "telephoneNumber": "+974045225938266"
}
Received Message 272: {
  "id": 272,
  "telephoneNumber": "+525549840871653"
}
Received Message 273: {
  "id": 273,
  "telephoneNumber": "+108155447030408"
}
Received Message 274: {
  "id": 274,
  "telephoneNumber": "+184644069211596"
}
Received Message 275: {
  "id": 275,
  "telephoneNumber": "+385412922570635"
}
Received Message 276: {
  "id": 276,
  "telephoneNumber": "+127829305035345"
}
Received Message 277: {
  "id": 277,
  "telephoneNumber": "+511210000999520"
}
Received Message 278: {
  "id": 278,
  "telephoneNumber": "+302047456400511"
}
Received Message 279: {
  "id": 279,
  "telephoneNumber": "+584932804372946"
}
Received Message 280: {
  "id": 280,
  "telephoneNumber": "+30825028270713"
}
Received Message 281: {
  "id": 281,
  "telephoneNumber": "+823800759185367"
}
Received Message 282: {
  "id": 282,
  "telephoneNumber": "+12099682217020"
}
Received Message 283: {
  "id": 283,
  "telephoneNumber": "+249992061540795"
}
Received Message 284: {
  "id": 284,
  "telephoneNumber": "+172916099186499"
}
Received Message 285: {
  "id": 285,
  "telephoneNumber": "+45835393925299"
}
Received Message 286: {
  "id": 286,
  "telephoneNumber": "+455647338710143"
}
Received Message 287: {
  "id": 287,
  "telephoneNumber": "+814050745230691"
}
Received Message 288: {
  "id": 288,
  "telephoneNumber": "+701151429263008"
}
Received Message 289: {
  "id": 289,
  "telephoneNumber": "+822905918910073"
}
Received Message 290: {
  "id": 290,
  "telephoneNumber": "+648967219736798"
}
Received Message 291: {
  "id": 291,
  "telephoneNumber": "+225771592172402"
}
Received Message 292: {
  "id": 292,
  "telephoneNumber": "+610460394388010"
}
Received Message 293: {
  "id": 293,
  "telephoneNumber": "+601538119908142"
}
Received Message 294: {
  "id": 294,
  "telephoneNumber": "+208164132125600"
}
Received Message 295: {
  "id": 295,
  "telephoneNumber": "+431559444437988"
}
Received Message 296: {
  "id": 296,
  "telephoneNumber": "+124768046810940"
}
Received Message 297: {
  "id": 297,
  "telephoneNumber": "+664708839216127"
}
Received Message 298: {
  "id": 298,
  "telephoneNumber": "+222119997350236"
}
Received Message 299: {
  "id": 299,
  "telephoneNumber": "+542629459279264"
}
Received Message 300: {
  "id": 300,
  "telephoneNumber": "+492614087979809"
}
Received Message 301: {
  "id": 301,
  "telephoneNumber": "+557649498036915"
}
Received Message 302: {
  "id": 302,
  "telephoneNumber": "+241576836881633"
}
Received Message 303: {
  "id": 303,
  "telephoneNumber": "+676511770729857"
}
Received Message 304: {
  "id": 304,
  "telephoneNumber": "+391067056200534"
}
Received Message 305: {
  "id": 305,
  "telephoneNumber": "+114014013799537"
}
Received Message 306: {
  "id": 306,
  "telephoneNumber": "+75444400928536"
}
Received Message 307: {
  "id": 307,
  "telephoneNumber": "+350609520055483"
}
Received Message 308: {
  "id": 308,
  "telephoneNumber": "+668549095829472"
}
Received Message 309: {
  "id": 309,
  "telephoneNumber": "+93130062090601"
}
Received Message 310: {
  "id": 310,
  "telephoneNumber": "+527551543883775"
}
Received Message 311: {
  "id": 311,
  "telephoneNumber": "+931232232460948"
}
Received Message 312: {
  "id": 312,
  "telephoneNumber": "+441737206398518"
}
Received Message 313: {
  "id": 313,
  "telephoneNumber": "+477149554812221"
}
Received Message 314: {
  "id": 314,
  "telephoneNumber": "+743523654917650"
}
Received Message 315: {
  "id": 315,
  "telephoneNumber": "+265700074219123"
}
Received Message 316: {
  "id": 316,
  "telephoneNumber": "+917071631278227"
}
Received Message 317: {
  "id": 317,
  "telephoneNumber": "+446643866276901"
}
Received Message 318: {
  "id": 318,
  "telephoneNumber": "+20146451000014"
}
Received Message 319: {
  "id": 319,
  "telephoneNumber": "+522837453530180"
}
Received Message 320: {
  "id": 320,
  "telephoneNumber": "+223613713698333"
}
Received Message 321: {
  "id": 321,
  "telephoneNumber": "+244884945026850"
}
Received Message 322: {
  "id": 322,
  "telephoneNumber": "+662309553351452"
}
Received Message 323: {
  "id": 323,
  "telephoneNumber": "+51131709855367"
}
Received Message 324: {
  "id": 324,
  "telephoneNumber": "+848163117144692"
}
Received Message 325: {
  "id": 325,
  "telephoneNumber": "+709033867232371"
}
Received Message 326: {
  "id": 326,
  "telephoneNumber": "+107277759717359"
}
Received Message 327: {
  "id": 327,
  "telephoneNumber": "+132349466714609"
}
Received Message 328: {
  "id": 328,
  "telephoneNumber": "+50834683179398"
}
Received Message 329: {
  "id": 329,
  "telephoneNumber": "+132983027064112"
}
Received Message 330: {
  "id": 330,
  "telephoneNumber": "+605953297293753"
}
Received Message 331: {
  "id": 331,
  "telephoneNumber": "+460009260395486"
}
Received Message 332: {
  "id": 332,
  "telephoneNumber": "+601802503868354"
}
Received Message 333: {
  "id": 333,
  "telephoneNumber": "+371599190205997"
}
Received Message 334: {
  "id": 334,
  "telephoneNumber": "+117175893234246"
}
Received Message 335: {
  "id": 335,
  "telephoneNumber": "+910190955173759"
}
Received Message 336: {
  "id": 336,
  "telephoneNumber": "+306860388994214"
}
Received Message 337: {
  "id": 337,
  "telephoneNumber": "+846462554636986"
}
Received Message 338: {
  "id": 338,
  "telephoneNumber": "+840183877520190"
}
Received Message 339: {
  "id": 339,
  "telephoneNumber": "+992167533047512"
}
Received Message 340: {
  "id": 340,
  "telephoneNumber": "+386609229224272"
}
Received Message 341: {
  "id": 341,
  "telephoneNumber": "+23969577371612"
}
Received Message 342: {
  "id": 342,
  "telephoneNumber": "+182677786442860"
}
Received Message 343: {
  "id": 343,
  "telephoneNumber": "+362897912706563"
}
Received Message 344: {
  "id": 344,
  "telephoneNumber": "+689178319309363"
}
Received Message 345: {
  "id": 345,
  "telephoneNumber": "+35429256900037"
}
Received Message 346: {
  "id": 346,
  "telephoneNumber": "+588858162495622"
}
Received Message 347: {
  "id": 347,
  "telephoneNumber": "+822447785102870"
}
Received Message 348: {
  "id": 348,
  "telephoneNumber": "+844542060932368"
}
Received Message 349: {
  "id": 349,
  "telephoneNumber": "+139872883452014"
}
Received Message 350: {
  "id": 350,
  "telephoneNumber": "+902875092094857"
}
Received Message 351: {
  "id": 351,
  "telephoneNumber": "+126707239422613"
}
Received Message 352: {
  "id": 352,
  "telephoneNumber": "+792732700704629"
}
Received Message 353: {
  "id": 353,
  "telephoneNumber": "+274580423473741"
}
Received Message 354: {
  "id": 354,
  "telephoneNumber": "+252536138340243"
}
Received Message 355: {
  "id": 355,
  "telephoneNumber": "+613212584608402"
}
Received Message 356: {
  "id": 356,
  "telephoneNumber": "+437794485409183"
}
Received Message 357: {
  "id": 357,
  "telephoneNumber": "+659840378115521"
}
Received Message 358: {
  "id": 358,
  "telephoneNumber": "+942965816186576"
}
Received Message 359: {
  "id": 359,
  "telephoneNumber": "+498499472642453"
}
Received Message 360: {
  "id": 360,
  "telephoneNumber": "+635227425654326"
}
Received Message 361: {
  "id": 361,
  "telephoneNumber": "+734698045662459"
}
Received Message 362: {
  "id": 362,
  "telephoneNumber": "+174883614626895"
}
Received Message 363: {
  "id": 363,
  "telephoneNumber": "+790388501344929"
}
Received Message 364: {
  "id": 364,
  "telephoneNumber": "+583285933229843"
}
Received Message 365: {
  "id": 365,
  "telephoneNumber": "+982470803271975"
}
Received Message 366: {
  "id": 366,
  "telephoneNumber": "+94996494130192"
}
Received Message 367: {
  "id": 367,
  "telephoneNumber": "+260523843581592"
}
Received Message 368: {
  "id": 368,
  "telephoneNumber": "+85512191613759"
}
Received Message 369: {
  "id": 369,
  "telephoneNumber": "+586597034199219"
}
Received Message 370: {
  "id": 370,
  "telephoneNumber": "+637920959553981"
}
Received Message 371: {
  "id": 371,
  "telephoneNumber": "+717573317575463"
}
Received Message 372: {
  "id": 372,
  "telephoneNumber": "+512200202809353"
}
Received Message 373: {
  "id": 373,
  "telephoneNumber": "+704503027157949"
}
Received Message 374: {
  "id": 374,
  "telephoneNumber": "+454083374222249"
}
Received Message 375: {
  "id": 375,
  "telephoneNumber": "+610483584677288"
}
Received Message 376: {
  "id": 376,
  "telephoneNumber": "+213539987437307"
}
Received Message 377: {
  "id": 377,
  "telephoneNumber": "+770437616230229"
}
Received Message 378: {
  "id": 378,
  "telephoneNumber": "+886038825033418"
}
Received Message 379: {
  "id": 379,
  "telephoneNumber": "+223704752980732"
}
Received Message 380: {
  "id": 380,
  "telephoneNumber": "+724641074580341"
}
Received Message 381: {
  "id": 381,
  "telephoneNumber": "+829798134356536"
}
Received Message 382: {
  "id": 382,
  "telephoneNumber": "+657149273828730"
}
Received Message 383: {
  "id": 383,
  "telephoneNumber": "+152144940094098"
}
Received Message 384: {
  "id": 384,
  "telephoneNumber": "+51996632800362"
}
Received Message 385: {
  "id": 385,
  "telephoneNumber": "+861106896217770"
}
Received Message 386: {
  "id": 386,
  "telephoneNumber": "+764675560624945"
}
Received Message 387: {
  "id": 387,
  "telephoneNumber": "+541988895076836"
}
Received Message 388: {
  "id": 388,
  "telephoneNumber": "+712634678637621"
}
Received Message 389: {
  "id": 389,
  "telephoneNumber": "+320480532512089"
}
Received Message 390: {
  "id": 390,
  "telephoneNumber": "+330549000240152"
}
Received Message 391: {
  "id": 391,
  "telephoneNumber": "+616869530084265"
}
Received Message 392: {
  "id": 392,
  "telephoneNumber": "+226230546271452"
}
Received Message 393: {
  "id": 393,
  "telephoneNumber": "+605931434744941"
}
Received Message 394: {
  "id": 394,
  "telephoneNumber": "+203826309712511"
}
Received Message 395: {
  "id": 395,
  "telephoneNumber": "+450358535203030"
}
Received Message 396: {
  "id": 396,
  "telephoneNumber": "+498128182397038"
}
Received Message 397: {
  "id": 397,
  "telephoneNumber": "+448916593606972"
}
Received Message 398: {
  "id": 398,
  "telephoneNumber": "+363285210952288"
}
Received Message 399: {
  "id": 399,
  "telephoneNumber": "+408547074349439"
}
Received Message 400: {
  "id": 400,
  "telephoneNumber": "+605971813215138"
}
Received Message 401: {
  "id": 401,
  "telephoneNumber": "+504446645301326"
}
Received Message 402: {
  "id": 402,
  "telephoneNumber": "+461254106507658"
}
Received Message 403: {
  "id": 403,
  "telephoneNumber": "+54507175930139"
}
Received Message 404: {
  "id": 404,
  "telephoneNumber": "+933706119872038"
}
Received Message 405: {
  "id": 405,
  "telephoneNumber": "+104102041863875"
}
Received Message 406: {
  "id": 406,
  "telephoneNumber": "+275330319093430"
}
Received Message 407: {
  "id": 407,
  "telephoneNumber": "+930099295136086"
}
Received Message 408: {
  "id": 408,
  "telephoneNumber": "+239277042321329"
}
Received Message 409: {
  "id": 409,
  "telephoneNumber": "+936467374064812"
}
Received Message 410: {
  "id": 410,
  "telephoneNumber": "+260998258334847"
}
Received Message 411: {
  "id": 411,
  "telephoneNumber": "+493755984974268"
}
Received Message 412: {
  "id": 412,
  "telephoneNumber": "+911897855547228"
}
Received Message 413: {
  "id": 413,
  "telephoneNumber": "+506777222480547"
}
Received Message 414: {
  "id": 414,
  "telephoneNumber": "+724211305978713"
}
Received Message 415: {
  "id": 415,
  "telephoneNumber": "+233423682555412"
}
Received Message 416: {
  "id": 416,
  "telephoneNumber": "+416391982021275"
}
Received Message 417: {
  "id": 417,
  "telephoneNumber": "+491794491102321"
}
Received Message 418: {
  "id": 418,
  "telephoneNumber": "+690257583809124"
}
Received Message 419: {
  "id": 419,
  "telephoneNumber": "+676239811746382"
}
Received Message 420: {
  "id": 420,
  "telephoneNumber": "+940910375415749"
}
Received Message 421: {
  "id": 421,
  "telephoneNumber": "+346046963764419"
}
Received Message 422: {
  "id": 422,
  "telephoneNumber": "+136568265701578"
}
Received Message 423: {
  "id": 423,
  "telephoneNumber": "+723856163172384"
}
Received Message 424: {
  "id": 424,
  "telephoneNumber": "+450334820779179"
}
Received Message 425: {
  "id": 425,
  "telephoneNumber": "+439802215923672"
}
Received Message 426: {
  "id": 426,
  "telephoneNumber": "+843550566071440"
}
Received Message 427: {
  "id": 427,
  "telephoneNumber": "+153341092787606"
}
Received Message 428: {
  "id": 428,
  "telephoneNumber": "+346255771110755"
}
Received Message 429: {
  "id": 429,
  "telephoneNumber": "+209570289362114"
}
Received Message 430: {
  "id": 430,
  "telephoneNumber": "+363403782933716"
}
Received Message 431: {
  "id": 431,
  "telephoneNumber": "+762122054185087"
}
Received Message 432: {
  "id": 432,
  "telephoneNumber": "+164642091913483"
}
Received Message 433: {
  "id": 433,
  "telephoneNumber": "+666978379424238"
}
Received Message 434: {
  "id": 434,
  "telephoneNumber": "+40817998539955"
}
Received Message 435: {
  "id": 435,
  "telephoneNumber": "+253212491772532"
}
Received Message 436: {
  "id": 436,
  "telephoneNumber": "+915081691151826"
}
Received Message 437: {
  "id": 437,
  "telephoneNumber": "+193951286972893"
}
Received Message 438: {
  "id": 438,
  "telephoneNumber": "+315678068123500"
}
Received Message 439: {
  "id": 439,
  "telephoneNumber": "+761096647440579"
}
Received Message 440: {
  "id": 440,
  "telephoneNumber": "+920001303962266"
}
Received Message 441: {
  "id": 441,
  "telephoneNumber": "+21363741913801"
}
Received Message 442: {
  "id": 442,
  "telephoneNumber": "+534014700593269"
}
Received Message 443: {
  "id": 443,
  "telephoneNumber": "+120724583200091"
}
Received Message 444: {
  "id": 444,
  "telephoneNumber": "+563143019139639"
}
Received Message 445: {
  "id": 445,
  "telephoneNumber": "+361039525455676"
}
Received Message 446: {
  "id": 446,
  "telephoneNumber": "+530006391235568"
}
Received Message 447: {
  "id": 447,
  "telephoneNumber": "+952574618076810"
}
Received Message 448: {
  "id": 448,
  "telephoneNumber": "+366530783488823"
}
Received Message 449: {
  "id": 449,
  "telephoneNumber": "+209830818203143"
}
Received Message 450: {
  "id": 450,
  "telephoneNumber": "+570218271171853"
}
Received Message 451: {
  "id": 451,
  "telephoneNumber": "+726743270270028"
}
Received Message 452: {
  "id": 452,
  "telephoneNumber": "+826809873574681"
}
Received Message 453: {
  "id": 453,
  "telephoneNumber": "+755725954561385"
}
Received Message 454: {
  "id": 454,
  "telephoneNumber": "+666686684777477"
}
Received Message 455: {
  "id": 455,
  "telephoneNumber": "+983428874626942"
}
Received Message 456: {
  "id": 456,
  "telephoneNumber": "+43224699285545"
}
Received Message 457: {
  "id": 457,
  "telephoneNumber": "+65151415037686"
}
Received Message 458: {
  "id": 458,
  "telephoneNumber": "+140471274870889"
}
Received Message 459: {
  "id": 459,
  "telephoneNumber": "+660655289316416"
}
Received Message 460: {
  "id": 460,
  "telephoneNumber": "+730307578334825"
}
Received Message 461: {
  "id": 461,
  "telephoneNumber": "+989452916782508"
}
Received Message 462: {
  "id": 462,
  "telephoneNumber": "+92210839996126"
}
Received Message 463: {
  "id": 463,
  "telephoneNumber": "+904273899929838"
}
Received Message 464: {
  "id": 464,
  "telephoneNumber": "+982603892089125"
}
Received Message 465: {
  "id": 465,
  "telephoneNumber": "+195603419165739"
}
Received Message 466: {
  "id": 466,
  "telephoneNumber": "+159386700158042"
}
Received Message 467: {
  "id": 467,
  "telephoneNumber": "+619463654727293"
}
Received Message 468: {
  "id": 468,
  "telephoneNumber": "+330753148611250"
}
Received Message 469: {
  "id": 469,
  "telephoneNumber": "+364478852104242"
}
Received Message 470: {
  "id": 470,
  "telephoneNumber": "+139883652977536"
}
Received Message 471: {
  "id": 471,
  "telephoneNumber": "+251504161678366"
}
Received Message 472: {
  "id": 472,
  "telephoneNumber": "+373791905547380"
}
Received Message 473: {
  "id": 473,
  "telephoneNumber": "+495971111195956"
}
Received Message 474: {
  "id": 474,
  "telephoneNumber": "+799210009983347"
}
Received Message 475: {
  "id": 475,
  "telephoneNumber": "+177521874620941"
}
Received Message 476: {
  "id": 476,
  "telephoneNumber": "+503414914336975"
}
Received Message 477: {
  "id": 477,
  "telephoneNumber": "+251657874643418"
}
Received Message 478: {
  "id": 478,
  "telephoneNumber": "+917269648105307"
}
Received Message 479: {
  "id": 479,
  "telephoneNumber": "+485608831894577"
}
Received Message 480: {
  "id": 480,
  "telephoneNumber": "+182844697894143"
}
Received Message 481: {
  "id": 481,
  "telephoneNumber": "+639836522085513"
}
Received Message 482: {
  "id": 482,
  "telephoneNumber": "+300295803387956"
}
Received Message 483: {
  "id": 483,
  "telephoneNumber": "+140646937755577"
}
Received Message 484: {
  "id": 484,
  "telephoneNumber": "+450948577089146"
}
Received Message 485: {
  "id": 485,
  "telephoneNumber": "+324021643889338"
}
Received Message 486: {
  "id": 486,
  "telephoneNumber": "+631193643516835"
}
Received Message 487: {
  "id": 487,
  "telephoneNumber": "+366751377559545"
}
Received Message 488: {
  "id": 488,
  "telephoneNumber": "+924492510479461"
}
Received Message 489: {
  "id": 489,
  "telephoneNumber": "+975595236585094"
}
Received Message 490: {
  "id": 490,
  "telephoneNumber": "+650167163632157"
}
Received Message 491: {
  "id": 491,
  "telephoneNumber": "+452359521540549"
}
Received Message 492: {
  "id": 492,
  "telephoneNumber": "+227410245720433"
}
Received Message 493: {
  "id": 493,
  "telephoneNumber": "+150214068867"
}
Received Message 494: {
  "id": 494,
  "telephoneNumber": "+732079377474925"
}
Received Message 495: {
  "id": 495,
  "telephoneNumber": "+379683301271032"
}
Received Message 496: {
  "id": 496,
  "telephoneNumber": "+544850416861717"
}
Received Message 497: {
  "id": 497,
  "telephoneNumber": "+245094015886404"
}
Received Message 498: {
  "id": 498,
  "telephoneNumber": "+184671631673072"
}
Received Message 499: {
  "id": 499,
  "telephoneNumber": "+346084904272312"
}
Received Message 500: {
  "id": 500,
  "telephoneNumber": "+324716481954043"
}
Received Message 501: {
  "id": 501,
  "telephoneNumber": "+55302116665349"
}
Received Message 502: {
  "id": 502,
  "telephoneNumber": "+565865213164362"
}
Received Message 503: {
  "id": 503,
  "telephoneNumber": "+914281602282047"
}
Received Message 504: {
  "id": 504,
  "telephoneNumber": "+66658590360315"
}
Received Message 505: {
  "id": 505,
  "telephoneNumber": "+249642721107760"
}
Received Message 506: {
  "id": 506,
  "telephoneNumber": "+201178152869935"
}
Received Message 507: {
  "id": 507,
  "telephoneNumber": "+110987553966084"
}
Received Message 508: {
  "id": 508,
  "telephoneNumber": "+756099972214745"
}
Received Message 509: {
  "id": 509,
  "telephoneNumber": "+149819604710442"
}
Received Message 510: {
  "id": 510,
  "telephoneNumber": "+817191457351242"
}
Received Message 511: {
  "id": 511,
  "telephoneNumber": "+637406201680676"
}
Received Message 512: {
  "id": 512,
  "telephoneNumber": "+649445480210441"
}
Received Message 513: {
  "id": 513,
  "telephoneNumber": "+949331571585167"
}
Received Message 514: {
  "id": 514,
  "telephoneNumber": "+651475686978320"
}
Received Message 515: {
  "id": 515,
  "telephoneNumber": "+48086627693970"
}
Received Message 516: {
  "id": 516,
  "telephoneNumber": "+732352383491110"
}
Received Message 517: {
  "id": 517,
  "telephoneNumber": "+488493345496484"
}
Received Message 518: {
  "id": 518,
  "telephoneNumber": "+100032023489738"
}
Received Message 519: {
  "id": 519,
  "telephoneNumber": "+733309166340135"
}
Received Message 520: {
  "id": 520,
  "telephoneNumber": "+189298691595287"
}
Received Message 521: {
  "id": 521,
  "telephoneNumber": "+994628700016786"
}
Received Message 522: {
  "id": 522,
  "telephoneNumber": "+674800334838464"
}
Received Message 523: {
  "id": 523,
  "telephoneNumber": "+94656543030226"
}
Received Message 524: {
  "id": 524,
  "telephoneNumber": "+189937194158593"
}
Received Message 525: {
  "id": 525,
  "telephoneNumber": "+435082759528473"
}
Received Message 526: {
  "id": 526,
  "telephoneNumber": "+651087006332310"
}
Received Message 527: {
  "id": 527,
  "telephoneNumber": "+576211554681895"
}
Received Message 528: {
  "id": 528,
  "telephoneNumber": "+6065658128411"
}
Received Message 529: {
  "id": 529,
  "telephoneNumber": "+749654421836159"
}
Received Message 530: {
  "id": 530,
  "telephoneNumber": "+407263520319987"
}
Received Message 531: {
  "id": 531,
  "telephoneNumber": "+568148103603862"
}
Received Message 532: {
  "id": 532,
  "telephoneNumber": "+249254521457386"
}
Received Message 533: {
  "id": 533,
  "telephoneNumber": "+340116632237900"
}
Received Message 534: {
  "id": 534,
  "telephoneNumber": "+60602884679248"
}
Received Message 535: {
  "id": 535,
  "telephoneNumber": "+636084619571240"
}
Received Message 536: {
  "id": 536,
  "telephoneNumber": "+396340941371413"
}
Received Message 537: {
  "id": 537,
  "telephoneNumber": "+19319489826356"
}
Received Message 538: {
  "id": 538,
  "telephoneNumber": "+413134340527692"
}
Received Message 539: {
  "id": 539,
  "telephoneNumber": "+792515900240170"
}
Received Message 540: {
  "id": 540,
  "telephoneNumber": "+218897473163579"
}
Received Message 541: {
  "id": 541,
  "telephoneNumber": "+624202504360758"
}
Received Message 542: {
  "id": 542,
  "telephoneNumber": "+508610964542081"
}
Received Message 543: {
  "id": 543,
  "telephoneNumber": "+951586440185036"
}
Received Message 544: {
  "id": 544,
  "telephoneNumber": "+652655679442061"
}
Received Message 545: {
  "id": 545,
  "telephoneNumber": "+708313956771314"
}
Received Message 546: {
  "id": 546,
  "telephoneNumber": "+475110462384854"
}
Received Message 547: {
  "id": 547,
  "telephoneNumber": "+975822608338173"
}
Received Message 548: {
  "id": 548,
  "telephoneNumber": "+393952219300547"
}
Received Message 549: {
  "id": 549,
  "telephoneNumber": "+900271415179915"
}
Received Message 550: {
  "id": 550,
  "telephoneNumber": "+7633512331983"
}
Received Message 551: {
  "id": 551,
  "telephoneNumber": "+183534810759698"
}
Received Message 552: {
  "id": 552,
  "telephoneNumber": "+113424332658070"
}
Received Message 553: {
  "id": 553,
  "telephoneNumber": "+781868028737154"
}
Received Message 554: {
  "id": 554,
  "telephoneNumber": "+501670580270751"
}
Received Message 555: {
  "id": 555,
  "telephoneNumber": "+299229296306562"
}
Received Message 556: {
  "id": 556,
  "telephoneNumber": "+320477875662379"
}
Received Message 557: {
  "id": 557,
  "telephoneNumber": "+176874300945669"
}
Received Message 558: {
  "id": 558,
  "telephoneNumber": "+992746689641976"
}
Received Message 559: {
  "id": 559,
  "telephoneNumber": "+772761302471013"
}
Received Message 560: {
  "id": 560,
  "telephoneNumber": "+439760628920199"
}
Received Message 561: {
  "id": 561,
  "telephoneNumber": "+528552083767607"
}
Received Message 562: {
  "id": 562,
  "telephoneNumber": "+162447127242595"
}
Received Message 563: {
  "id": 563,
  "telephoneNumber": "+33258403786244"
}
Received Message 564: {
  "id": 564,
  "telephoneNumber": "+466265494472819"
}
Received Message 565: {
  "id": 565,
  "telephoneNumber": "+381223156461167"
}
Received Message 566: {
  "id": 566,
  "telephoneNumber": "+632293205568271"
}
Received Message 567: {
  "id": 567,
  "telephoneNumber": "+448773889871829"
}
Received Message 568: {
  "id": 568,
  "telephoneNumber": "+417900855372847"
}
Received Message 569: {
  "id": 569,
  "telephoneNumber": "+399305535108362"
}
Received Message 570: {
  "id": 570,
  "telephoneNumber": "+580113539572374"
}
Received Message 571: {
  "id": 571,
  "telephoneNumber": "+476141870185507"
}
Received Message 572: {
  "id": 572,
  "telephoneNumber": "+418562559375015"
}
Received Message 573: {
  "id": 573,
  "telephoneNumber": "+910900501142358"
}
Received Message 574: {
  "id": 574,
  "telephoneNumber": "+641006277127833"
}
Received Message 575: {
  "id": 575,
  "telephoneNumber": "+75667247332856"
}
Received Message 576: {
  "id": 576,
  "telephoneNumber": "+710122165254125"
}
Received Message 577: {
  "id": 577,
  "telephoneNumber": "+544259750550139"
}
Received Message 578: {
  "id": 578,
  "telephoneNumber": "+228699499760195"
}
Received Message 579: {
  "id": 579,
  "telephoneNumber": "+347844849174024"
}
Received Message 580: {
  "id": 580,
  "telephoneNumber": "+117419397678817"
}
Received Message 581: {
  "id": 581,
  "telephoneNumber": "+349784948067895"
}
Received Message 582: {
  "id": 582,
  "telephoneNumber": "+619101323387947"
}
Received Message 583: {
  "id": 583,
  "telephoneNumber": "+798143092110098"
}
Received Message 584: {
  "id": 584,
  "telephoneNumber": "+399973123676872"
}
Received Message 585: {
  "id": 585,
  "telephoneNumber": "+797413697241273"
}
Received Message 586: {
  "id": 586,
  "telephoneNumber": "+434898952690835"
}
Received Message 587: {
  "id": 587,
  "telephoneNumber": "+140020123712312"
}
Received Message 588: {
  "id": 588,
  "telephoneNumber": "+714540346083746"
}
Received Message 589: {
  "id": 589,
  "telephoneNumber": "+813932965968168"
}
Received Message 590: {
  "id": 590,
  "telephoneNumber": "+231650232392449"
}
Received Message 591: {
  "id": 591,
  "telephoneNumber": "+333556942502822"
}
Received Message 592: {
  "id": 592,
  "telephoneNumber": "+385409601142512"
}
Received Message 593: {
  "id": 593,
  "telephoneNumber": "+436641785578675"
}
Received Message 594: {
  "id": 594,
  "telephoneNumber": "+869637330807618"
}
Received Message 595: {
  "id": 595,
  "telephoneNumber": "+566873035421306"
}
Received Message 596: {
  "id": 596,
  "telephoneNumber": "+754340362763776"
}
Received Message 597: {
  "id": 597,
  "telephoneNumber": "+438023363823240"
}
Received Message 598: {
  "id": 598,
  "telephoneNumber": "+76517698834713"
}
Received Message 599: {
  "id": 599,
  "telephoneNumber": "+514414466682001"
}
Received Message 600: {
  "id": 600,
  "telephoneNumber": "+664108960540818"
}
Received Message 601: {
  "id": 601,
  "telephoneNumber": "+855567246372017"
}
Received Message 602: {
  "id": 602,
  "telephoneNumber": "+818796229186471"
}
Received Message 603: {
  "id": 603,
  "telephoneNumber": "+269177735096787"
}
Received Message 604: {
  "id": 604,
  "telephoneNumber": "+938558858984170"
}
Received Message 605: {
  "id": 605,
  "telephoneNumber": "+788350645593283"
}
Received Message 606: {
  "id": 606,
  "telephoneNumber": "+374471954886411"
}
Received Message 607: {
  "id": 607,
  "telephoneNumber": "+36745922688738"
}
Received Message 608: {
  "id": 608,
  "telephoneNumber": "+611555796797529"
}
Received Message 609: {
  "id": 609,
  "telephoneNumber": "+254237394027589"
}
Received Message 610: {
  "id": 610,
  "telephoneNumber": "+299844373728580"
}
Received Message 611: {
  "id": 611,
  "telephoneNumber": "+385384042041888"
}
Received Message 612: {
  "id": 612,
  "telephoneNumber": "+918976839769083"
}
Received Message 613: {
  "id": 613,
  "telephoneNumber": "+355115196606937"
}
Received Message 614: {
  "id": 614,
  "telephoneNumber": "+902477741478580"
}
Received Message 615: {
  "id": 615,
  "telephoneNumber": "+107606983781982"
}
Received Message 616: {
  "id": 616,
  "telephoneNumber": "+976715126966102"
}
Received Message 617: {
  "id": 617,
  "telephoneNumber": "+140811895054415"
}
Received Message 618: {
  "id": 618,
  "telephoneNumber": "+549792626469512"
}
Received Message 619: {
  "id": 619,
  "telephoneNumber": "+341006682303017"
}
Received Message 620: {
  "id": 620,
  "telephoneNumber": "+789959000364823"
}
Received Message 621: {
  "id": 621,
  "telephoneNumber": "+544095722740606"
}
Received Message 622: {
  "id": 622,
  "telephoneNumber": "+563599144623849"
}
Received Message 623: {
  "id": 623,
  "telephoneNumber": "+512199107754781"
}
Received Message 624: {
  "id": 624,
  "telephoneNumber": "+723786079390677"
}
Received Message 625: {
  "id": 625,
  "telephoneNumber": "+353527828032476"
}
Received Message 626: {
  "id": 626,
  "telephoneNumber": "+640196401823928"
}
Received Message 627: {
  "id": 627,
  "telephoneNumber": "+955779536020195"
}
Received Message 628: {
  "id": 628,
  "telephoneNumber": "+405936899619230"
}
Received Message 629: {
  "id": 629,
  "telephoneNumber": "+981267552877430"
}
Received Message 630: {
  "id": 630,
  "telephoneNumber": "+216723327159226"
}
Received Message 631: {
  "id": 631,
  "telephoneNumber": "+946490412058865"
}
Received Message 632: {
  "id": 632,
  "telephoneNumber": "+725039554888754"
}
Received Message 633: {
  "id": 633,
  "telephoneNumber": "+325915612210933"
}
Received Message 634: {
  "id": 634,
  "telephoneNumber": "+585577413161638"
}
Received Message 635: {
  "id": 635,
  "telephoneNumber": "+860701421793674"
}
Received Message 636: {
  "id": 636,
  "telephoneNumber": "+630089580395928"
}
Received Message 637: {
  "id": 637,
  "telephoneNumber": "+353894244145456"
}
Received Message 638: {
  "id": 638,
  "telephoneNumber": "+773888034977032"
}
Received Message 639: {
  "id": 639,
  "telephoneNumber": "+90944972978082"
}
Received Message 640: {
  "id": 640,
  "telephoneNumber": "+934747402760695"
}
Received Message 641: {
  "id": 641,
  "telephoneNumber": "+492227664813801"
}
Received Message 642: {
  "id": 642,
  "telephoneNumber": "+152262067623993"
}
Received Message 643: {
  "id": 643,
  "telephoneNumber": "+343841341974126"
}
Received Message 644: {
  "id": 644,
  "telephoneNumber": "+168115536979324"
}
Received Message 645: {
  "id": 645,
  "telephoneNumber": "+483589581705838"
}
Received Message 646: {
  "id": 646,
  "telephoneNumber": "+650129704267751"
}
Received Message 647: {
  "id": 647,
  "telephoneNumber": "+588110166122478"
}
Received Message 648: {
  "id": 648,
  "telephoneNumber": "+64338155438206"
}
Received Message 649: {
  "id": 649,
  "telephoneNumber": "+360915910430235"
}
Received Message 650: {
  "id": 650,
  "telephoneNumber": "+863219556106855"
}
Received Message 651: {
  "id": 651,
  "telephoneNumber": "+307337641523985"
}
Received Message 652: {
  "id": 652,
  "telephoneNumber": "+397833179338019"
}
Received Message 653: {
  "id": 653,
  "telephoneNumber": "+347018253596306"
}
Received Message 654: {
  "id": 654,
  "telephoneNumber": "+20326297382565"
}
Received Message 655: {
  "id": 655,
  "telephoneNumber": "+78050594127468"
}
Received Message 656: {
  "id": 656,
  "telephoneNumber": "+322900211581024"
}
Received Message 657: {
  "id": 657,
  "telephoneNumber": "+771733200300918"
}
Received Message 658: {
  "id": 658,
  "telephoneNumber": "+189500128404642"
}
Received Message 659: {
  "id": 659,
  "telephoneNumber": "+600860676309726"
}
Received Message 660: {
  "id": 660,
  "telephoneNumber": "+387340342847663"
}
Received Message 661: {
  "id": 661,
  "telephoneNumber": "+738398308859814"
}
Received Message 662: {
  "id": 662,
  "telephoneNumber": "+182642353809312"
}
Received Message 663: {
  "id": 663,
  "telephoneNumber": "+668051414516727"
}
Received Message 664: {
  "id": 664,
  "telephoneNumber": "+653037834983108"
}
Received Message 665: {
  "id": 665,
  "telephoneNumber": "+392386328278883"
}
Received Message 666: {
  "id": 666,
  "telephoneNumber": "+307956825904717"
}
Received Message 667: {
  "id": 667,
  "telephoneNumber": "+266577404694333"
}
Received Message 668: {
  "id": 668,
  "telephoneNumber": "+582545906289879"
}
Received Message 669: {
  "id": 669,
  "telephoneNumber": "+725320187592581"
}
Received Message 670: {
  "id": 670,
  "telephoneNumber": "+908768084886898"
}
Received Message 671: {
  "id": 671,
  "telephoneNumber": "+395855949959712"
}
Received Message 672: {
  "id": 672,
  "telephoneNumber": "+819610609821102"
}
Received Message 673: {
  "id": 673,
  "telephoneNumber": "+90953124500461"
}
Received Message 674: {
  "id": 674,
  "telephoneNumber": "+498983111393389"
}
Received Message 675: {
  "id": 675,
  "telephoneNumber": "+197488975974928"
}
Received Message 676: {
  "id": 676,
  "telephoneNumber": "+30669242986566"
}
Received Message 677: {
  "id": 677,
  "telephoneNumber": "+584000362199391"
}
Received Message 678: {
  "id": 678,
  "telephoneNumber": "+547032231025984"
}
Received Message 679: {
  "id": 679,
  "telephoneNumber": "+984022756371366"
}
Received Message 680: {
  "id": 680,
  "telephoneNumber": "+664158529153569"
}
Received Message 681: {
  "id": 681,
  "telephoneNumber": "+816314379307324"
}
Received Message 682: {
  "id": 682,
  "telephoneNumber": "+711739387711116"
}
Received Message 683: {
  "id": 683,
  "telephoneNumber": "+911474002145950"
}
Received Message 684: {
  "id": 684,
  "telephoneNumber": "+421848480979950"
}
Received Message 685: {
  "id": 685,
  "telephoneNumber": "+320648501285786"
}
Received Message 686: {
  "id": 686,
  "telephoneNumber": "+125025268054934"
}
Received Message 687: {
  "id": 687,
  "telephoneNumber": "+782145094367920"
}
Received Message 688: {
  "id": 688,
  "telephoneNumber": "+967693000143648"
}
Received Message 689: {
  "id": 689,
  "telephoneNumber": "+279775762707433"
}
Received Message 690: {
  "id": 690,
  "telephoneNumber": "+668420503745509"
}
Received Message 691: {
  "id": 691,
  "telephoneNumber": "+689135924964026"
}
Received Message 692: {
  "id": 692,
  "telephoneNumber": "+209555423716994"
}
Received Message 693: {
  "id": 693,
  "telephoneNumber": "+205249143868095"
}
Received Message 694: {
  "id": 694,
  "telephoneNumber": "+187060228689193"
}
Received Message 695: {
  "id": 695,
  "telephoneNumber": "+556223540399135"
}
Received Message 696: {
  "id": 696,
  "telephoneNumber": "+315652502817772"
}
Received Message 697: {
  "id": 697,
  "telephoneNumber": "+338114965186257"
}
Received Message 698: {
  "id": 698,
  "telephoneNumber": "+15854766492103"
}
Received Message 699: {
  "id": 699,
  "telephoneNumber": "+65823780163093"
}
Received Message 700: {
  "id": 700,
  "telephoneNumber": "+462911910440762"
}
Received Message 701: {
  "id": 701,
  "telephoneNumber": "+651343445103771"
}
Received Message 702: {
  "id": 702,
  "telephoneNumber": "+937986950825492"
}
Received Message 703: {
  "id": 703,
  "telephoneNumber": "+619707089290573"
}
Received Message 704: {
  "id": 704,
  "telephoneNumber": "+532515551504443"
}
Received Message 705: {
  "id": 705,
  "telephoneNumber": "+632443203990340"
}
Received Message 706: {
  "id": 706,
  "telephoneNumber": "+300565911979897"
}
Received Message 707: {
  "id": 707,
  "telephoneNumber": "+277027066109415"
}
Received Message 708: {
  "id": 708,
  "telephoneNumber": "+420065940162865"
}
Received Message 709: {
  "id": 709,
  "telephoneNumber": "+330324206627087"
}
Received Message 710: {
  "id": 710,
  "telephoneNumber": "+90650766353663"
}
Received Message 711: {
  "id": 711,
  "telephoneNumber": "+450292699179587"
}
Received Message 712: {
  "id": 712,
  "telephoneNumber": "+312215232704016"
}
Received Message 713: {
  "id": 713,
  "telephoneNumber": "+100478038311006"
}
Received Message 714: {
  "id": 714,
  "telephoneNumber": "+437563562212433"
}
Received Message 715: {
  "id": 715,
  "telephoneNumber": "+816057208601415"
}
Received Message 716: {
  "id": 716,
  "telephoneNumber": "+535896917494123"
}
Received Message 717: {
  "id": 717,
  "telephoneNumber": "+745890742860733"
}
Received Message 718: {
  "id": 718,
  "telephoneNumber": "+667500437055583"
}
Received Message 719: {
  "id": 719,
  "telephoneNumber": "+812449686949838"
}
Received Message 720: {
  "id": 720,
  "telephoneNumber": "+78873510468803"
}
Received Message 721: {
  "id": 721,
  "telephoneNumber": "+619283164093273"
}
Received Message 722: {
  "id": 722,
  "telephoneNumber": "+377959104518662"
}
Received Message 723: {
  "id": 723,
  "telephoneNumber": "+160542495748902"
}
Received Message 724: {
  "id": 724,
  "telephoneNumber": "+232326545123412"
}
Received Message 725: {
  "id": 725,
  "telephoneNumber": "+182028311067572"
}
Received Message 726: {
  "id": 726,
  "telephoneNumber": "+674057215369391"
}
Received Message 727: {
  "id": 727,
  "telephoneNumber": "+590707584376173"
}
Received Message 728: {
  "id": 728,
  "telephoneNumber": "+770261257214883"
}
Received Message 729: {
  "id": 729,
  "telephoneNumber": "+14460224000163"
}
Received Message 730: {
  "id": 730,
  "telephoneNumber": "+179164064794700"
}
Received Message 731: {
  "id": 731,
  "telephoneNumber": "+619030534815934"
}
Received Message 732: {
  "id": 732,
  "telephoneNumber": "+907671844185383"
}
Received Message 733: {
  "id": 733,
  "telephoneNumber": "+316593141363156"
}
Received Message 734: {
  "id": 734,
  "telephoneNumber": "+267406673427899"
}
Received Message 735: {
  "id": 735,
  "telephoneNumber": "+729715659608234"
}
Received Message 736: {
  "id": 736,
  "telephoneNumber": "+578545009613959"
}
Received Message 737: {
  "id": 737,
  "telephoneNumber": "+956520197446745"
}
Received Message 738: {
  "id": 738,
  "telephoneNumber": "+235904273660828"
}
Received Message 739: {
  "id": 739,
  "telephoneNumber": "+444077677205220"
}
Received Message 740: {
  "id": 740,
  "telephoneNumber": "+165098978088191"
}
Received Message 741: {
  "id": 741,
  "telephoneNumber": "+265691400035855"
}
Received Message 742: {
  "id": 742,
  "telephoneNumber": "+679200333495382"
}
Received Message 743: {
  "id": 743,
  "telephoneNumber": "+129909162366666"
}
Received Message 744: {
  "id": 744,
  "telephoneNumber": "+323470833449499"
}
Received Message 745: {
  "id": 745,
  "telephoneNumber": "+842300175375920"
}
Received Message 746: {
  "id": 746,
  "telephoneNumber": "+141965754583982"
}
Received Message 747: {
  "id": 747,
  "telephoneNumber": "+93564930443033"
}
Received Message 748: {
  "id": 748,
  "telephoneNumber": "+298017188433753"
}
Received Message 749: {
  "id": 749,
  "telephoneNumber": "+484931791531899"
}
Received Message 750: {
  "id": 750,
  "telephoneNumber": "+240060328674695"
}
Received Message 751: {
  "id": 751,
  "telephoneNumber": "+338098907252578"
}
Received Message 752: {
  "id": 752,
  "telephoneNumber": "+154390320889085"
}
Received Message 753: {
  "id": 753,
  "telephoneNumber": "+548351848220049"
}
Received Message 754: {
  "id": 754,
  "telephoneNumber": "+549301392123576"
}
Received Message 755: {
  "id": 755,
  "telephoneNumber": "+416990253421431"
}
Received Message 756: {
  "id": 756,
  "telephoneNumber": "+482474617109616"
}
Received Message 757: {
  "id": 757,
  "telephoneNumber": "+649452795170192"
}
Received Message 758: {
  "id": 758,
  "telephoneNumber": "+311154486383603"
}
Received Message 759: {
  "id": 759,
  "telephoneNumber": "+213615605049924"
}
Received Message 760: {
  "id": 760,
  "telephoneNumber": "+954625869679180"
}
Received Message 761: {
  "id": 761,
  "telephoneNumber": "+321040078547490"
}
Received Message 762: {
  "id": 762,
  "telephoneNumber": "+185975214828398"
}
Received Message 763: {
  "id": 763,
  "telephoneNumber": "+50059153398706"
}
Received Message 764: {
  "id": 764,
  "telephoneNumber": "+275164985687735"
}
Received Message 765: {
  "id": 765,
  "telephoneNumber": "+191955368964041"
}
Received Message 766: {
  "id": 766,
  "telephoneNumber": "+418762007456947"
}
Received Message 767: {
  "id": 767,
  "telephoneNumber": "+678418298392649"
}
Received Message 768: {
  "id": 768,
  "telephoneNumber": "+692298611942049"
}
Received Message 769: {
  "id": 769,
  "telephoneNumber": "+241831600523932"
}
Received Message 770: {
  "id": 770,
  "telephoneNumber": "+413779520231530"
}
Received Message 771: {
  "id": 771,
  "telephoneNumber": "+447693910047876"
}
Received Message 772: {
  "id": 772,
  "telephoneNumber": "+63738146165986"
}
Received Message 773: {
  "id": 773,
  "telephoneNumber": "+850513400410428"
}
Received Message 774: {
  "id": 774,
  "telephoneNumber": "+810362296748903"
}
Received Message 775: {
  "id": 775,
  "telephoneNumber": "+585318539894544"
}
Received Message 776: {
  "id": 776,
  "telephoneNumber": "+414398322796877"
}
Received Message 777: {
  "id": 777,
  "telephoneNumber": "+720735197484783"
}
Received Message 778: {
  "id": 778,
  "telephoneNumber": "+200957513685910"
}
Received Message 779: {
  "id": 779,
  "telephoneNumber": "+561296784871834"
}
Received Message 780: {
  "id": 780,
  "telephoneNumber": "+200260359067551"
}
Received Message 781: {
  "id": 781,
  "telephoneNumber": "+512951698017848"
}
Received Message 782: {
  "id": 782,
  "telephoneNumber": "+316260111178841"
}
Received Message 783: {
  "id": 783,
  "telephoneNumber": "+534241288975918"
}
Received Message 784: {
  "id": 784,
  "telephoneNumber": "+313089968441404"
}
Received Message 785: {
  "id": 785,
  "telephoneNumber": "+461098821801759"
}
Received Message 786: {
  "id": 786,
  "telephoneNumber": "+363593170940235"
}
Received Message 787: {
  "id": 787,
  "telephoneNumber": "+811865122624538"
}
Received Message 788: {
  "id": 788,
  "telephoneNumber": "+37794456517281"
}
Received Message 789: {
  "id": 789,
  "telephoneNumber": "+465769385649309"
}
Received Message 790: {
  "id": 790,
  "telephoneNumber": "+965060578136642"
}
Received Message 791: {
  "id": 791,
  "telephoneNumber": "+951410347882802"
}
Received Message 792: {
  "id": 792,
  "telephoneNumber": "+817849114734323"
}
Received Message 793: {
  "id": 793,
  "telephoneNumber": "+275511289091980"
}
Received Message 794: {
  "id": 794,
  "telephoneNumber": "+93242461992774"
}
Received Message 795: {
  "id": 795,
  "telephoneNumber": "+524974828026726"
}
Received Message 796: {
  "id": 796,
  "telephoneNumber": "+374428101033701"
}
Received Message 797: {
  "id": 797,
  "telephoneNumber": "+183421047926756"
}
Received Message 798: {
  "id": 798,
  "telephoneNumber": "+598029247242890"
}
Received Message 799: {
  "id": 799,
  "telephoneNumber": "+974660194905175"
}
Received Message 800: {
  "id": 800,
  "telephoneNumber": "+602327180549300"
}
Received Message 801: {
  "id": 801,
  "telephoneNumber": "+404742732653948"
}
Received Message 802: {
  "id": 802,
  "telephoneNumber": "+923604130729349"
}
Received Message 803: {
  "id": 803,
  "telephoneNumber": "+498707413837511"
}
Received Message 804: {
  "id": 804,
  "telephoneNumber": "+540808880382363"
}
Received Message 805: {
  "id": 805,
  "telephoneNumber": "+9462664929292"
}
Received Message 806: {
  "id": 806,
  "telephoneNumber": "+154388960521215"
}
Received Message 807: {
  "id": 807,
  "telephoneNumber": "+418556149759866"
}
Received Message 808: {
  "id": 808,
  "telephoneNumber": "+650342147308259"
}
Received Message 809: {
  "id": 809,
  "telephoneNumber": "+993679409298730"
}
Received Message 810: {
  "id": 810,
  "telephoneNumber": "+488884658342728"
}
Received Message 811: {
  "id": 811,
  "telephoneNumber": "+415390464104106"
}
Received Message 812: {
  "id": 812,
  "telephoneNumber": "+235682769111709"
}
Received Message 813: {
  "id": 813,
  "telephoneNumber": "+633413175262808"
}
Received Message 814: {
  "id": 814,
  "telephoneNumber": "+777495537027916"
}
Received Message 815: {
  "id": 815,
  "telephoneNumber": "+655589360321719"
}
Received Message 816: {
  "id": 816,
  "telephoneNumber": "+741447008116647"
}
Received Message 817: {
  "id": 817,
  "telephoneNumber": "+4875485114159"
}
Received Message 818: {
  "id": 818,
  "telephoneNumber": "+208757069345924"
}
Received Message 819: {
  "id": 819,
  "telephoneNumber": "+518544470884583"
}
Received Message 820: {
  "id": 820,
  "telephoneNumber": "+396274413966711"
}
Received Message 821: {
  "id": 821,
  "telephoneNumber": "+404405837492214"
}
Received Message 822: {
  "id": 822,
  "telephoneNumber": "+977551268684001"
}
Received Message 823: {
  "id": 823,
  "telephoneNumber": "+452200960632065"
}
Received Message 824: {
  "id": 824,
  "telephoneNumber": "+415814774596731"
}
Received Message 825: {
  "id": 825,
  "telephoneNumber": "+643188396876875"
}
Received Message 826: {
  "id": 826,
  "telephoneNumber": "+603226024725463"
}
Received Message 827: {
  "id": 827,
  "telephoneNumber": "+375258705913600"
}
Received Message 828: {
  "id": 828,
  "telephoneNumber": "+153454058492107"
}
Received Message 829: {
  "id": 829,
  "telephoneNumber": "+17835919740107"
}
Received Message 830: {
  "id": 830,
  "telephoneNumber": "+771965057268405"
}
Received Message 831: {
  "id": 831,
  "telephoneNumber": "+189813422592601"
}
Received Message 832: {
  "id": 832,
  "telephoneNumber": "+260159178540760"
}
Received Message 833: {
  "id": 833,
  "telephoneNumber": "+102924037889069"
}
Received Message 834: {
  "id": 834,
  "telephoneNumber": "+986819527066432"
}
Received Message 835: {
  "id": 835,
  "telephoneNumber": "+784060345607574"
}
Received Message 836: {
  "id": 836,
  "telephoneNumber": "+968272401790930"
}
Received Message 837: {
  "id": 837,
  "telephoneNumber": "+724399182879866"
}
Received Message 838: {
  "id": 838,
  "telephoneNumber": "+33533776563066"
}
Received Message 839: {
  "id": 839,
  "telephoneNumber": "+972318809349755"
}
Received Message 840: {
  "id": 840,
  "telephoneNumber": "+348747089722921"
}
Received Message 841: {
  "id": 841,
  "telephoneNumber": "+38028874830458"
}
Received Message 842: {
  "id": 842,
  "telephoneNumber": "+826001996338293"
}
Received Message 843: {
  "id": 843,
  "telephoneNumber": "+925369398087621"
}
Received Message 844: {
  "id": 844,
  "telephoneNumber": "+785778968413551"
}
Received Message 845: {
  "id": 845,
  "telephoneNumber": "+948740606391655"
}
Received Message 846: {
  "id": 846,
  "telephoneNumber": "+583299247210639"
}
Received Message 847: {
  "id": 847,
  "telephoneNumber": "+166477061371029"
}
Received Message 848: {
  "id": 848,
  "telephoneNumber": "+755652037580439"
}
Received Message 849: {
  "id": 849,
  "telephoneNumber": "+396445067776644"
}
Received Message 850: {
  "id": 850,
  "telephoneNumber": "+583304764771505"
}
Received Message 851: {
  "id": 851,
  "telephoneNumber": "+919547753461854"
}
Received Message 852: {
  "id": 852,
  "telephoneNumber": "+633004419577388"
}
Received Message 853: {
  "id": 853,
  "telephoneNumber": "+906119188655575"
}
Received Message 854: {
  "id": 854,
  "telephoneNumber": "+776907158174653"
}
Received Message 855: {
  "id": 855,
  "telephoneNumber": "+549905000071297"
}
Received Message 856: {
  "id": 856,
  "telephoneNumber": "+49279514310264"
}
Received Message 857: {
  "id": 857,
  "telephoneNumber": "+454692705064022"
}
Received Message 858: {
  "id": 858,
  "telephoneNumber": "+91691630765228"
}
Received Message 859: {
  "id": 859,
  "telephoneNumber": "+989261354485132"
}
Received Message 860: {
  "id": 860,
  "telephoneNumber": "+143168095368780"
}
Received Message 861: {
  "id": 861,
  "telephoneNumber": "+559382083313787"
}
Received Message 862: {
  "id": 862,
  "telephoneNumber": "+489296855604359"
}
Received Message 863: {
  "id": 863,
  "telephoneNumber": "+414202591598323"
}
Received Message 864: {
  "id": 864,
  "telephoneNumber": "+970857970425985"
}
Received Message 865: {
  "id": 865,
  "telephoneNumber": "+412395138552995"
}
Received Message 866: {
  "id": 866,
  "telephoneNumber": "+43275327265652"
}
Received Message 867: {
  "id": 867,
  "telephoneNumber": "+322712428357647"
}
Received Message 868: {
  "id": 868,
  "telephoneNumber": "+644805532704793"
}
Received Message 869: {
  "id": 869,
  "telephoneNumber": "+380375275249723"
}
Received Message 870: {
  "id": 870,
  "telephoneNumber": "+230446952514733"
}
Received Message 871: {
  "id": 871,
  "telephoneNumber": "+151360542935361"
}
Received Message 872: {
  "id": 872,
  "telephoneNumber": "+119944454331787"
}
Received Message 873: {
  "id": 873,
  "telephoneNumber": "+17759734205474"
}
Received Message 874: {
  "id": 874,
  "telephoneNumber": "+466899759786871"
}
Received Message 875: {
  "id": 875,
  "telephoneNumber": "+475563157894641"
}
Received Message 876: {
  "id": 876,
  "telephoneNumber": "+723543374845305"
}
Received Message 877: {
  "id": 877,
  "telephoneNumber": "+913389890735569"
}
Received Message 878: {
  "id": 878,
  "telephoneNumber": "+27584612208659"
}
Received Message 879: {
  "id": 879,
  "telephoneNumber": "+560050688067408"
}
Received Message 880: {
  "id": 880,
  "telephoneNumber": "+563277204569892"
}
Received Message 881: {
  "id": 881,
  "telephoneNumber": "+844039535793390"
}
Received Message 882: {
  "id": 882,
  "telephoneNumber": "+251506856954148"
}
Received Message 883: {
  "id": 883,
  "telephoneNumber": "+785846990239054"
}
Received Message 884: {
  "id": 884,
  "telephoneNumber": "+308704698605916"
}
Received Message 885: {
  "id": 885,
  "telephoneNumber": "+466131467587658"
}
Received Message 886: {
  "id": 886,
  "telephoneNumber": "+575283985253365"
}
Received Message 887: {
  "id": 887,
  "telephoneNumber": "+411225999363001"
}
Received Message 888: {
  "id": 888,
  "telephoneNumber": "+775847779610285"
}
Received Message 889: {
  "id": 889,
  "telephoneNumber": "+629994657120388"
}
Received Message 890: {
  "id": 890,
  "telephoneNumber": "+178489793515308"
}
Received Message 891: {
  "id": 891,
  "telephoneNumber": "+362296922830601"
}
Received Message 892: {
  "id": 892,
  "telephoneNumber": "+638849983749545"
}
Received Message 893: {
  "id": 893,
  "telephoneNumber": "+76509304239162"
}
Received Message 894: {
  "id": 894,
  "telephoneNumber": "+744909979988880"
}
Received Message 895: {
  "id": 895,
  "telephoneNumber": "+364148750231417"
}
Received Message 896: {
  "id": 896,
  "telephoneNumber": "+569244845946415"
}
Received Message 897: {
  "id": 897,
  "telephoneNumber": "+641485052518697"
}
Received Message 898: {
  "id": 898,
  "telephoneNumber": "+939730434384051"
}
Received Message 899: {
  "id": 899,
  "telephoneNumber": "+403213371362591"
}
Received Message 900: {
  "id": 900,
  "telephoneNumber": "+727199301239045"
}
Received Message 901: {
  "id": 901,
  "telephoneNumber": "+743177687990834"
}
Received Message 902: {
  "id": 902,
  "telephoneNumber": "+660319061926879"
}
Received Message 903: {
  "id": 903,
  "telephoneNumber": "+585665301161968"
}
Received Message 904: {
  "id": 904,
  "telephoneNumber": "+647706505755331"
}
Received Message 905: {
  "id": 905,
  "telephoneNumber": "+321983777246665"
}
Received Message 906: {
  "id": 906,
  "telephoneNumber": "+771378656662019"
}
Received Message 907: {
  "id": 907,
  "telephoneNumber": "+517726423165703"
}
Received Message 908: {
  "id": 908,
  "telephoneNumber": "+190845434054952"
}
Received Message 909: {
  "id": 909,
  "telephoneNumber": "+631053539307614"
}
Received Message 910: {
  "id": 910,
  "telephoneNumber": "+489733793734788"
}
Received Message 911: {
  "id": 911,
  "telephoneNumber": "+995839148173916"
}
Received Message 912: {
  "id": 912,
  "telephoneNumber": "+886832720147427"
}
Received Message 913: {
  "id": 913,
  "telephoneNumber": "+721721163890021"
}
Received Message 914: {
  "id": 914,
  "telephoneNumber": "+312214395438123"
}
Received Message 915: {
  "id": 915,
  "telephoneNumber": "+44781227227023"
}
Received Message 916: {
  "id": 916,
  "telephoneNumber": "+99381364599035"
}
Received Message 917: {
  "id": 917,
  "telephoneNumber": "+413441649658015"
}
Received Message 918: {
  "id": 918,
  "telephoneNumber": "+608018290416493"
}
Received Message 919: {
  "id": 919,
  "telephoneNumber": "+626776345736248"
}
Received Message 920: {
  "id": 920,
  "telephoneNumber": "+235578421955501"
}
Received Message 921: {
  "id": 921,
  "telephoneNumber": "+911727712535368"
}
Received Message 922: {
  "id": 922,
  "telephoneNumber": "+669149881353092"
}
Received Message 923: {
  "id": 923,
  "telephoneNumber": "+108793113284876"
}
Received Message 924: {
  "id": 924,
  "telephoneNumber": "+533317029955308"
}
Received Message 925: {
  "id": 925,
  "telephoneNumber": "+821624065824856"
}
Received Message 926: {
  "id": 926,
  "telephoneNumber": "+647703811926219"
}
Received Message 927: {
  "id": 927,
  "telephoneNumber": "+227080466809020"
}
Received Message 928: {
  "id": 928,
  "telephoneNumber": "+72400837796063"
}
Received Message 929: {
  "id": 929,
  "telephoneNumber": "+646295088662260"
}
Received Message 930: {
  "id": 930,
  "telephoneNumber": "+367036536413183"
}
Received Message 931: {
  "id": 931,
  "telephoneNumber": "+904596692725758"
}
Received Message 932: {
  "id": 932,
  "telephoneNumber": "+499264972256565"
}
Received Message 933: {
  "id": 933,
  "telephoneNumber": "+240158142067132"
}
Received Message 934: {
  "id": 934,
  "telephoneNumber": "+717841727551847"
}
Received Message 935: {
  "id": 935,
  "telephoneNumber": "+692476958927691"
}
Received Message 936: {
  "id": 936,
  "telephoneNumber": "+939062343448626"
}
Received Message 937: {
  "id": 937,
  "telephoneNumber": "+770040462514218"
}
Received Message 938: {
  "id": 938,
  "telephoneNumber": "+462255789113929"
}
Received Message 939: {
  "id": 939,
  "telephoneNumber": "+173661237858704"
}
Received Message 940: {
  "id": 940,
  "telephoneNumber": "+565798886788393"
}
Received Message 941: {
  "id": 941,
  "telephoneNumber": "+402879851507846"
}
Received Message 942: {
  "id": 942,
  "telephoneNumber": "+933008227542429"
}
Received Message 943: {
  "id": 943,
  "telephoneNumber": "+375002961213736"
}
Received Message 944: {
  "id": 944,
  "telephoneNumber": "+432173237346230"
}
Received Message 945: {
  "id": 945,
  "telephoneNumber": "+485587675628505"
}
Received Message 946: {
  "id": 946,
  "telephoneNumber": "+11635721492627"
}
Received Message 947: {
  "id": 947,
  "telephoneNumber": "+657588011505184"
}
Received Message 948: {
  "id": 948,
  "telephoneNumber": "+35480962245595"
}
Received Message 949: {
  "id": 949,
  "telephoneNumber": "+797570760782770"
}
Received Message 950: {
  "id": 950,
  "telephoneNumber": "+763762827115199"
}
Received Message 951: {
  "id": 951,
  "telephoneNumber": "+147940676309463"
}
Received Message 952: {
  "id": 952,
  "telephoneNumber": "+304532384812331"
}
Received Message 953: {
  "id": 953,
  "telephoneNumber": "+460273446661996"
}
Received Message 954: {
  "id": 954,
  "telephoneNumber": "+708681873833266"
}
Received Message 955: {
  "id": 955,
  "telephoneNumber": "+510075170265582"
}
Received Message 956: {
  "id": 956,
  "telephoneNumber": "+401180792147707"
}
Received Message 957: {
  "id": 957,
  "telephoneNumber": "+589958592816425"
}
Received Message 958: {
  "id": 958,
  "telephoneNumber": "+724367001932028"
}
Received Message 959: {
  "id": 959,
  "telephoneNumber": "+122552262234536"
}
Received Message 960: {
  "id": 960,
  "telephoneNumber": "+905904770726073"
}
Received Message 961: {
  "id": 961,
  "telephoneNumber": "+679930440606520"
}
Received Message 962: {
  "id": 962,
  "telephoneNumber": "+640317310506576"
}
Received Message 963: {
  "id": 963,
  "telephoneNumber": "+325367149205853"
}
Received Message 964: {
  "id": 964,
  "telephoneNumber": "+26487779466891"
}
Received Message 965: {
  "id": 965,
  "telephoneNumber": "+256961057597867"
}
Received Message 966: {
  "id": 966,
  "telephoneNumber": "+975380423660136"
}
Received Message 967: {
  "id": 967,
  "telephoneNumber": "+846848778468602"
}
Received Message 968: {
  "id": 968,
  "telephoneNumber": "+302594915052695"
}
Received Message 969: {
  "id": 969,
  "telephoneNumber": "+794015614275830"
}
Received Message 970: {
  "id": 970,
  "telephoneNumber": "+348734970811983"
}
Received Message 971: {
  "id": 971,
  "telephoneNumber": "+326790657063671"
}
Received Message 972: {
  "id": 972,
  "telephoneNumber": "+950311364230274"
}
Received Message 973: {
  "id": 973,
  "telephoneNumber": "+589621934331616"
}
Received Message 974: {
  "id": 974,
  "telephoneNumber": "+524184450257889"
}
Received Message 975: {
  "id": 975,
  "telephoneNumber": "+369883584070994"
}
Received Message 976: {
  "id": 976,
  "telephoneNumber": "+445680797995320"
}
Received Message 977: {
  "id": 977,
  "telephoneNumber": "+907548418321039"
}
Received Message 978: {
  "id": 978,
  "telephoneNumber": "+463616081385080"
}
Received Message 979: {
  "id": 979,
  "telephoneNumber": "+200814402793958"
}
Received Message 980: {
  "id": 980,
  "telephoneNumber": "+430394473132406"
}
Received Message 981: {
  "id": 981,
  "telephoneNumber": "+403272060826983"
}
Received Message 982: {
  "id": 982,
  "telephoneNumber": "+663432439353"
}
Received Message 983: {
  "id": 983,
  "telephoneNumber": "+630076342953398"
}
Received Message 984: {
  "id": 984,
  "telephoneNumber": "+375261275383960"
}
Received Message 985: {
  "id": 985,
  "telephoneNumber": "+977991487614806"
}
Received Message 986: {
  "id": 986,
  "telephoneNumber": "+535112246837004"
}
Received Message 987: {
  "id": 987,
  "telephoneNumber": "+50265333590848"
}
Received Message 988: {
  "id": 988,
  "telephoneNumber": "+392916927622183"
}
Received Message 989: {
  "id": 989,
  "telephoneNumber": "+522723840299403"
}
Received Message 990: {
  "id": 990,
  "telephoneNumber": "+556452512176681"
}
Received Message 991: {
  "id": 991,
  "telephoneNumber": "+554950947913976"
}
Received Message 992: {
  "id": 992,
  "telephoneNumber": "+527200871158436"
}
Received Message 993: {
  "id": 993,
  "telephoneNumber": "+605205232521911"
}
Received Message 994: {
  "id": 994,
  "telephoneNumber": "+531155374284405"
}
Received Message 995: {
  "id": 995,
  "telephoneNumber": "+792483730345454"
}
Received Message 996: {
  "id": 996,
  "telephoneNumber": "+952394513334740"
}
Received Message 997: {
  "id": 997,
  "telephoneNumber": "+499345967104177"
}
Received Message 998: {
  "id": 998,
  "telephoneNumber": "+177208591985926"
}
Received Message 999: {
  "id": 999,
  "telephoneNumber": "+453671067603523"
}
Received Message 1000: {
  "id": 1000,
  "telephoneNumber": "+245034206624136"
}
Received Message 1001: {
  "id": 1001,
  "telephoneNumber": "+495000202700058"
}
Received Message 1002: {
  "id": 1002,
  "telephoneNumber": "+74442927187853"
}
Received Message 1003: {
  "id": 1003,
  "telephoneNumber": "+606803303432744"
}
Received Message 1004: {
  "id": 1004,
  "telephoneNumber": "+244810732552349"
}
Received Message 1005: {
  "id": 1005,
  "telephoneNumber": "+532712245208503"
}
Received Message 1006: {
  "id": 1006,
  "telephoneNumber": "+580236148145882"
}
Received Message 1007: {
  "id": 1007,
  "telephoneNumber": "+446447459080145"
}
Received Message 1008: {
  "id": 1008,
  "telephoneNumber": "+460981377259116"
}
Received Message 1009: {
  "id": 1009,
  "telephoneNumber": "+856135153970887"
}
Received Message 1010: {
  "id": 1010,
  "telephoneNumber": "+919205846180907"
}
Received Message 1011: {
  "id": 1011,
  "telephoneNumber": "+58982100444249"
}
Received Message 1012: {
  "id": 1012,
  "telephoneNumber": "+624709885299945"
}
Received Message 1013: {
  "id": 1013,
  "telephoneNumber": "+600222026574832"
}
Received Message 1014: {
  "id": 1014,
  "telephoneNumber": "+70909124757419"
}
Received Message 1015: {
  "id": 1015,
  "telephoneNumber": "+576011263423466"
}
Received Message 1016: {
  "id": 1016,
  "telephoneNumber": "+866541494344734"
}
Received Message 1017: {
  "id": 1017,
  "telephoneNumber": "+460547095469113"
}
Received Message 1018: {
  "id": 1018,
  "telephoneNumber": "+742720128352202"
}
Received Message 1019: {
  "id": 1019,
  "telephoneNumber": "+928767593470967"
}
Received Message 1020: {
  "id": 1020,
  "telephoneNumber": "+744067562785188"
}
Received Message 1021: {
  "id": 1021,
  "telephoneNumber": "+138453769694556"
}
Received Message 1022: {
  "id": 1022,
  "telephoneNumber": "+141609490346076"
}
Received Message 1023: {
  "id": 1023,
  "telephoneNumber": "+357563490208857"
}
Received Message 1024: {
  "id": 1024,
  "telephoneNumber": "+145204694607882"
}
Received Message 1025: {
  "id": 1025,
  "telephoneNumber": "+204582547705865"
}
Received Message 1026: {
  "id": 1026,
  "telephoneNumber": "+640039936970446"
}
Received Message 1027: {
  "id": 1027,
  "telephoneNumber": "+842755976243181"
}
Received Message 1028: {
  "id": 1028,
  "telephoneNumber": "+668137906321651"
}
Received Message 1029: {
  "id": 1029,
  "telephoneNumber": "+357354339748826"
}
Received Message 1030: {
  "id": 1030,
  "telephoneNumber": "+993710406679829"
}
Received Message 1031: {
  "id": 1031,
  "telephoneNumber": "+11936030723180"
}
Received Message 1032: {
  "id": 1032,
  "telephoneNumber": "+309138014617728"
}
Received Message 1033: {
  "id": 1033,
  "telephoneNumber": "+146814158053133"
}
Received Message 1034: {
  "id": 1034,
  "telephoneNumber": "+423400333864466"
}
Received Message 1035: {
  "id": 1035,
  "telephoneNumber": "+66881256370891"
}
Received Message 1036: {
  "id": 1036,
  "telephoneNumber": "+348558273543852"
}
Received Message 1037: {
  "id": 1037,
  "telephoneNumber": "+121426345990893"
}
Received Message 1038: {
  "id": 1038,
  "telephoneNumber": "+242775263384482"
}
Received Message 1039: {
  "id": 1039,
  "telephoneNumber": "+522729518688014"
}
Received Message 1040: {
  "id": 1040,
  "telephoneNumber": "+312576338610196"
}
Received Message 1041: {
  "id": 1041,
  "telephoneNumber": "+608949860897026"
}
Received Message 1042: {
  "id": 1042,
  "telephoneNumber": "+637801393925238"
}
Received Message 1043: {
  "id": 1043,
  "telephoneNumber": "+245667444427092"
}
Received Message 1044: {
  "id": 1044,
  "telephoneNumber": "+241155027440930"
}
Received Message 1045: {
  "id": 1045,
  "telephoneNumber": "+525598612780302"
}
Received Message 1046: {
  "id": 1046,
  "telephoneNumber": "+982154275557513"
}
Received Message 1047: {
  "id": 1047,
  "telephoneNumber": "+531632933311941"
}
Received Message 1048: {
  "id": 1048,
  "telephoneNumber": "+430142598753114"
}
Received Message 1049: {
  "id": 1049,
  "telephoneNumber": "+967838680790022"
}
Received Message 1050: {
  "id": 1050,
  "telephoneNumber": "+690986440108457"
}
Received Message 1051: {
  "id": 1051,
  "telephoneNumber": "+141613346702235"
}
Received Message 1052: {
  "id": 1052,
  "telephoneNumber": "+681294637689294"
}
Received Message 1053: {
  "id": 1053,
  "telephoneNumber": "+258991224778085"
}
Received Message 1054: {
  "id": 1054,
  "telephoneNumber": "+752754986691579"
}
Received Message 1055: {
  "id": 1055,
  "telephoneNumber": "+972429668604399"
}
Received Message 1056: {
  "id": 1056,
  "telephoneNumber": "+453059337387981"
}
Received Message 1057: {
  "id": 1057,
  "telephoneNumber": "+236830358148269"
}
Received Message 1058: {
  "id": 1058,
  "telephoneNumber": "+617915498069451"
}
Received Message 1059: {
  "id": 1059,
  "telephoneNumber": "+629423408942776"
}
Received Message 1060: {
  "id": 1060,
  "telephoneNumber": "+3475999990659"
}
Received Message 1061: {
  "id": 1061,
  "telephoneNumber": "+970384474672496"
}
Received Message 1062: {
  "id": 1062,
  "telephoneNumber": "+101084941361859"
}
Received Message 1063: {
  "id": 1063,
  "telephoneNumber": "+555399781483007"
}
Received Message 1064: {
  "id": 1064,
  "telephoneNumber": "+547701467369221"
}
Received Message 1065: {
  "id": 1065,
  "telephoneNumber": "+903490900007990"
}
Received Message 1066: {
  "id": 1066,
  "telephoneNumber": "+591380948561808"
}
Received Message 1067: {
  "id": 1067,
  "telephoneNumber": "+552720762079478"
}
Received Message 1068: {
  "id": 1068,
  "telephoneNumber": "+291831511737575"
}
Received Message 1069: {
  "id": 1069,
  "telephoneNumber": "+923394744169603"
}
Received Message 1070: {
  "id": 1070,
  "telephoneNumber": "+591242851144014"
}
Received Message 1071: {
  "id": 1071,
  "telephoneNumber": "+152863837319029"
}
Received Message 1072: {
  "id": 1072,
  "telephoneNumber": "+342492554662888"
}
Received Message 1073: {
  "id": 1073,
  "telephoneNumber": "+690071730531112"
}
Received Message 1074: {
  "id": 1074,
  "telephoneNumber": "+326373372305026"
}
Received Message 1075: {
  "id": 1075,
  "telephoneNumber": "+338659026223120"
}
Received Message 1076: {
  "id": 1076,
  "telephoneNumber": "+389196745787162"
}
Received Message 1077: {
  "id": 1077,
  "telephoneNumber": "+108623789682990"
}
Received Message 1078: {
  "id": 1078,
  "telephoneNumber": "+632139081449737"
}
Received Message 1079: {
  "id": 1079,
  "telephoneNumber": "+520973843080522"
}
Received Message 1080: {
  "id": 1080,
  "telephoneNumber": "+646962592786964"
}
Received Message 1081: {
  "id": 1081,
  "telephoneNumber": "+702886853461975"
}
Received Message 1082: {
  "id": 1082,
  "telephoneNumber": "+944903610981746"
}
Received Message 1083: {
  "id": 1083,
  "telephoneNumber": "+703521535597549"
}
Received Message 1084: {
  "id": 1084,
  "telephoneNumber": "+537311926331018"
}
Received Message 1085: {
  "id": 1085,
  "telephoneNumber": "+723815900826766"
}
Received Message 1086: {
  "id": 1086,
  "telephoneNumber": "+764160462269207"
}
Received Message 1087: {
  "id": 1087,
  "telephoneNumber": "+455963911949270"
}
Received Message 1088: {
  "id": 1088,
  "telephoneNumber": "+906154151080382"
}
Received Message 1089: {
  "id": 1089,
  "telephoneNumber": "+523928041992462"
}
Received Message 1090: {
  "id": 1090,
  "telephoneNumber": "+378119694364149"
}
Received Message 1091: {
  "id": 1091,
  "telephoneNumber": "+509053969823049"
}
Received Message 1092: {
  "id": 1092,
  "telephoneNumber": "+624639329168621"
}
Received Message 1093: {
  "id": 1093,
  "telephoneNumber": "+175387905279270"
}
Received Message 1094: {
  "id": 1094,
  "telephoneNumber": "+274893986520475"
}
Received Message 1095: {
  "id": 1095,
  "telephoneNumber": "+326060959675515"
}
Received Message 1096: {
  "id": 1096,
  "telephoneNumber": "+336749690940267"
}
Received Message 1097: {
  "id": 1097,
  "telephoneNumber": "+948545027923209"
}
Received Message 1098: {
  "id": 1098,
  "telephoneNumber": "+686723127471964"
}
Received Message 1099: {
  "id": 1099,
  "telephoneNumber": "+79007023083422"
}
Received Message 1100: {
  "id": 1100,
  "telephoneNumber": "+646170045700615"
}
Received Message 1101: {
  "id": 1101,
  "telephoneNumber": "+486229564993333"
}
Received Message 1102: {
  "id": 1102,
  "telephoneNumber": "+907424896252451"
}
Received Message 1103: {
  "id": 1103,
  "telephoneNumber": "+189834293710151"
}
Received Message 1104: {
  "id": 1104,
  "telephoneNumber": "+271555210752772"
}
Received Message 1105: {
  "id": 1105,
  "telephoneNumber": "+41972521356742"
}
Received Message 1106: {
  "id": 1106,
  "telephoneNumber": "+762020322006206"
}
Received Message 1107: {
  "id": 1107,
  "telephoneNumber": "+1284489074186"
}
Received Message 1108: {
  "id": 1108,
  "telephoneNumber": "+632477359409929"
}
Received Message 1109: {
  "id": 1109,
  "telephoneNumber": "+134884898872912"
}
Received Message 1110: {
  "id": 1110,
  "telephoneNumber": "+467067978830272"
}
Received Message 1111: {
  "id": 1111,
  "telephoneNumber": "+946689497996981"
}
Received Message 1112: {
  "id": 1112,
  "telephoneNumber": "+950544075396564"
}
Received Message 1113: {
  "id": 1113,
  "telephoneNumber": "+932686020065200"
}
Received Message 1114: {
  "id": 1114,
  "telephoneNumber": "+574074203107645"
}
Received Message 1115: {
  "id": 1115,
  "telephoneNumber": "+12615529613296"
}
Received Message 1116: {
  "id": 1116,
  "telephoneNumber": "+998693491284466"
}
Received Message 1117: {
  "id": 1117,
  "telephoneNumber": "+327185905445468"
}
Received Message 1118: {
  "id": 1118,
  "telephoneNumber": "+435613005444446"
}
Received Message 1119: {
  "id": 1119,
  "telephoneNumber": "+968099771787341"
}
Received Message 1120: {
  "id": 1120,
  "telephoneNumber": "+511441120272166"
}
Received Message 1121: {
  "id": 1121,
  "telephoneNumber": "+955436010681848"
}
Received Message 1122: {
  "id": 1122,
  "telephoneNumber": "+547301141860644"
}
Received Message 1123: {
  "id": 1123,
  "telephoneNumber": "+463315644410958"
}
Received Message 1124: {
  "id": 1124,
  "telephoneNumber": "+634265219428277"
}
Received Message 1125: {
  "id": 1125,
  "telephoneNumber": "+200458506387319"
}
Received Message 1126: {
  "id": 1126,
  "telephoneNumber": "+634935916679206"
}
Received Message 1127: {
  "id": 1127,
  "telephoneNumber": "+459574986018293"
}
Received Message 1128: {
  "id": 1128,
  "telephoneNumber": "+477794172234884"
}
Received Message 1129: {
  "id": 1129,
  "telephoneNumber": "+524324725279075"
}
Received Message 1130: {
  "id": 1130,
  "telephoneNumber": "+743809594851698"
}
Received Message 1131: {
  "id": 1131,
  "telephoneNumber": "+954615277336587"
}
Received Message 1132: {
  "id": 1132,
  "telephoneNumber": "+568332132110407"
}
Received Message 1133: {
  "id": 1133,
  "telephoneNumber": "+26746338741177"
}
Received Message 1134: {
  "id": 1134,
  "telephoneNumber": "+257974869329237"
}
Received Message 1135: {
  "id": 1135,
  "telephoneNumber": "+67677391118823"
}
Received Message 1136: {
  "id": 1136,
  "telephoneNumber": "+771130030310857"
}
Received Message 1137: {
  "id": 1137,
  "telephoneNumber": "+770908619006747"
}
Received Message 1138: {
  "id": 1138,
  "telephoneNumber": "+313096108409152"
}
Received Message 1139: {
  "id": 1139,
  "telephoneNumber": "+767224493580677"
}
Received Message 1140: {
  "id": 1140,
  "telephoneNumber": "+250357479477025"
}
Received Message 1141: {
  "id": 1141,
  "telephoneNumber": "+600020589923272"
}
Received Message 1142: {
  "id": 1142,
  "telephoneNumber": "+528370161771038"
}
Received Message 1143: {
  "id": 1143,
  "telephoneNumber": "+366139865128092"
}
Received Message 1144: {
  "id": 1144,
  "telephoneNumber": "+470137384125138"
}
Received Message 1145: {
  "id": 1145,
  "telephoneNumber": "+308588218078008"
}
Received Message 1146: {
  "id": 1146,
  "telephoneNumber": "+43816585138234"
}
Received Message 1147: {
  "id": 1147,
  "telephoneNumber": "+458488406867033"
}
Received Message 1148: {
  "id": 1148,
  "telephoneNumber": "+159950882472009"
}
Received Message 1149: {
  "id": 1149,
  "telephoneNumber": "+488532531274892"
}
Received Message 1150: {
  "id": 1150,
  "telephoneNumber": "+658143272009150"
}
Received Message 1151: {
  "id": 1151,
  "telephoneNumber": "+101960884404133"
}
Received Message 1152: {
  "id": 1152,
  "telephoneNumber": "+6217582878619"
}
Received Message 1153: {
  "id": 1153,
  "telephoneNumber": "+469667594497369"
}
Received Message 1154: {
  "id": 1154,
  "telephoneNumber": "+400918515237894"
}
Received Message 1155: {
  "id": 1155,
  "telephoneNumber": "+560102625283686"
}
Received Message 1156: {
  "id": 1156,
  "telephoneNumber": "+29902640513584"
}
Received Message 1157: {
  "id": 1157,
  "telephoneNumber": "+640554245576278"
}
Received Message 1158: {
  "id": 1158,
  "telephoneNumber": "+773054068794673"
}
Received Message 1159: {
  "id": 1159,
  "telephoneNumber": "+263453111106473"
}
Received Message 1160: {
  "id": 1160,
  "telephoneNumber": "+960557367901925"
}
Received Message 1161: {
  "id": 1161,
  "telephoneNumber": "+222635543135365"
}
Received Message 1162: {
  "id": 1162,
  "telephoneNumber": "+138708447267632"
}
Received Message 1163: {
  "id": 1163,
  "telephoneNumber": "+692045872087032"
}
Received Message 1164: {
  "id": 1164,
  "telephoneNumber": "+840224266688290"
}
Received Message 1165: {
  "id": 1165,
  "telephoneNumber": "+867230295011456"
}
Received Message 1166: {
  "id": 1166,
  "telephoneNumber": "+311666555519263"
}
Received Message 1167: {
  "id": 1167,
  "telephoneNumber": "+50006828705531"
}
Received Message 1168: {
  "id": 1168,
  "telephoneNumber": "+821343874801829"
}
Received Message 1169: {
  "id": 1169,
  "telephoneNumber": "+40698269818537"
}
Received Message 1170: {
  "id": 1170,
  "telephoneNumber": "+488250376997405"
}
Received Message 1171: {
  "id": 1171,
  "telephoneNumber": "+120216317149869"
}
Received Message 1172: {
  "id": 1172,
  "telephoneNumber": "+550545511664373"
}
Received Message 1173: {
  "id": 1173,
  "telephoneNumber": "+462259321325082"
}
Received Message 1174: {
  "id": 1174,
  "telephoneNumber": "+726043864703323"
}
Received Message 1175: {
  "id": 1175,
  "telephoneNumber": "+40436827633276"
}
Received Message 1176: {
  "id": 1176,
  "telephoneNumber": "+79459544341408"
}
Received Message 1177: {
  "id": 1177,
  "telephoneNumber": "+11877091757124"
}
Received Message 1178: {
  "id": 1178,
  "telephoneNumber": "+518020062006499"
}
Received Message 1179: {
  "id": 1179,
  "telephoneNumber": "+622156760210645"
}
Received Message 1180: {
  "id": 1180,
  "telephoneNumber": "+713746066567734"
}
Received Message 1181: {
  "id": 1181,
  "telephoneNumber": "+998568121875591"
}
Received Message 1182: {
  "id": 1182,
  "telephoneNumber": "+124843483400725"
}
Received Message 1183: {
  "id": 1183,
  "telephoneNumber": "+678871084829065"
}
Received Message 1184: {
  "id": 1184,
  "telephoneNumber": "+155582622203875"
}
Received Message 1185: {
  "id": 1185,
  "telephoneNumber": "+201439272602038"
}
Received Message 1186: {
  "id": 1186,
  "telephoneNumber": "+522445810464947"
}
Received Message 1187: {
  "id": 1187,
  "telephoneNumber": "+103368076632251"
}
Received Message 1188: {
  "id": 1188,
  "telephoneNumber": "+522889456387150"
}
Received Message 1189: {
  "id": 1189,
  "telephoneNumber": "+4113394998081"
}
Received Message 1190: {
  "id": 1190,
  "telephoneNumber": "+329331184278978"
}
Received Message 1191: {
  "id": 1191,
  "telephoneNumber": "+516188594561455"
}
Received Message 1192: {
  "id": 1192,
  "telephoneNumber": "+589605106810089"
}
Received Message 1193: {
  "id": 1193,
  "telephoneNumber": "+190037090509690"
}
Received Message 1194: {
  "id": 1194,
  "telephoneNumber": "+446748820889715"
}
Received Message 1195: {
  "id": 1195,
  "telephoneNumber": "+265777815391628"
}
Received Message 1196: {
  "id": 1196,
  "telephoneNumber": "+469036079121602"
}
Received Message 1197: {
  "id": 1197,
  "telephoneNumber": "+947579046038280"
}
Received Message 1198: {
  "id": 1198,
  "telephoneNumber": "+239988307088673"
}
Received Message 1199: {
  "id": 1199,
  "telephoneNumber": "+12178995188186"
}
Received Message 1200: {
  "id": 1200,
  "telephoneNumber": "+200195977467296"
}
Received Message 1201: {
  "id": 1201,
  "telephoneNumber": "+722616708276623"
}
Received Message 1202: {
  "id": 1202,
  "telephoneNumber": "+577501877220670"
}
Received Message 1203: {
  "id": 1203,
  "telephoneNumber": "+816512821443412"
}
Received Message 1204: {
  "id": 1204,
  "telephoneNumber": "+672599550236350"
}
Received Message 1205: {
  "id": 1205,
  "telephoneNumber": "+205919992809910"
}
Received Message 1206: {
  "id": 1206,
  "telephoneNumber": "+552058106499053"
}
Received Message 1207: {
  "id": 1207,
  "telephoneNumber": "+182568105729897"
}
Received Message 1208: {
  "id": 1208,
  "telephoneNumber": "+675839389138877"
}
Received Message 1209: {
  "id": 1209,
  "telephoneNumber": "+953617644439274"
}
Received Message 1210: {
  "id": 1210,
  "telephoneNumber": "+685593666080614"
}
Received Message 1211: {
  "id": 1211,
  "telephoneNumber": "+330094768500016"
}
Received Message 1212: {
  "id": 1212,
  "telephoneNumber": "+500234085950571"
}
Received Message 1213: {
  "id": 1213,
  "telephoneNumber": "+959780179085155"
}
Received Message 1214: {
  "id": 1214,
  "telephoneNumber": "+526194697427183"
}
Received Message 1215: {
  "id": 1215,
  "telephoneNumber": "+297801469881584"
}
Received Message 1216: {
  "id": 1216,
  "telephoneNumber": "+632495530984370"
}
Received Message 1217: {
  "id": 1217,
  "telephoneNumber": "+582112266875701"
}
Received Message 1218: {
  "id": 1218,
  "telephoneNumber": "+754013335551279"
}
Received Message 1219: {
  "id": 1219,
  "telephoneNumber": "+598750292178799"
}
Received Message 1220: {
  "id": 1220,
  "telephoneNumber": "+622302902765112"
}
Received Message 1221: {
  "id": 1221,
  "telephoneNumber": "+753961779616188"
}
Received Message 1222: {
  "id": 1222,
  "telephoneNumber": "+495644818256410"
}
Received Message 1223: {
  "id": 1223,
  "telephoneNumber": "+933769709731029"
}
Received Message 1224: {
  "id": 1224,
  "telephoneNumber": "+509270230833565"
}
Received Message 1225: {
  "id": 1225,
  "telephoneNumber": "+960627436913464"
}
Received Message 1226: {
  "id": 1226,
  "telephoneNumber": "+757945498228551"
}
Received Message 1227: {
  "id": 1227,
  "telephoneNumber": "+392369805085412"
}
Received Message 1228: {
  "id": 1228,
  "telephoneNumber": "+111435332831221"
}
Received Message 1229: {
  "id": 1229,
  "telephoneNumber": "+264073583419899"
}
Received Message 1230: {
  "id": 1230,
  "telephoneNumber": "+619041591261660"
}
Received Message 1231: {
  "id": 1231,
  "telephoneNumber": "+941319227863142"
}
Received Message 1232: {
  "id": 1232,
  "telephoneNumber": "+780019763377893"
}
Received Message 1233: {
  "id": 1233,
  "telephoneNumber": "+751595285229382"
}
Received Message 1234: {
  "id": 1234,
  "telephoneNumber": "+145869059999230"
}
Received Message 1235: {
  "id": 1235,
  "telephoneNumber": "+174724098129720"
}
Received Message 1236: {
  "id": 1236,
  "telephoneNumber": "+732381365107691"
}
Received Message 1237: {
  "id": 1237,
  "telephoneNumber": "+722078059162679"
}
Received Message 1238: {
  "id": 1238,
  "telephoneNumber": "+985326020185144"
}
Received Message 1239: {
  "id": 1239,
  "telephoneNumber": "+195356553761638"
}
Received Message 1240: {
  "id": 1240,
  "telephoneNumber": "+563950046868124"
}
Received Message 1241: {
  "id": 1241,
  "telephoneNumber": "+434791041116243"
}
Received Message 1242: {
  "id": 1242,
  "telephoneNumber": "+311297274426427"
}
Received Message 1243: {
  "id": 1243,
  "telephoneNumber": "+685143437924134"
}
Received Message 1244: {
  "id": 1244,
  "telephoneNumber": "+784743609308772"
}
Received Message 1245: {
  "id": 1245,
  "telephoneNumber": "+643528388965421"
}
Received Message 1246: {
  "id": 1246,
  "telephoneNumber": "+142452123076502"
}
Received Message 1247: {
  "id": 1247,
  "telephoneNumber": "+636596243819366"
}
Received Message 1248: {
  "id": 1248,
  "telephoneNumber": "+201912916016835"
}
Received Message 1249: {
  "id": 1249,
  "telephoneNumber": "+204710412898128"
}
Received Message 1250: {
  "id": 1250,
  "telephoneNumber": "+627560079630125"
}
Received Message 1251: {
  "id": 1251,
  "telephoneNumber": "+663507624610522"
}
Received Message 1252: {
  "id": 1252,
  "telephoneNumber": "+129491690056541"
}
Received Message 1253: {
  "id": 1253,
  "telephoneNumber": "+250871862104046"
}
Received Message 1254: {
  "id": 1254,
  "telephoneNumber": "+243469230089031"
}
Received Message 1255: {
  "id": 1255,
  "telephoneNumber": "+956511609914120"
}
Received Message 1256: {
  "id": 1256,
  "telephoneNumber": "+746235437991175"
}
Received Message 1257: {
  "id": 1257,
  "telephoneNumber": "+334691101371837"
}
Received Message 1258: {
  "id": 1258,
  "telephoneNumber": "+455883708662726"
}
Received Message 1259: {
  "id": 1259,
  "telephoneNumber": "+722101521116344"
}
Received Message 1260: {
  "id": 1260,
  "telephoneNumber": "+377875031273353"
}
Received Message 1261: {
  "id": 1261,
  "telephoneNumber": "+209996727620738"
}
Received Message 1262: {
  "id": 1262,
  "telephoneNumber": "+414934863627281"
}
Received Message 1263: {
  "id": 1263,
  "telephoneNumber": "+377734553298695"
}
Received Message 1264: {
  "id": 1264,
  "telephoneNumber": "+661844242768791"
}
Received Message 1265: {
  "id": 1265,
  "telephoneNumber": "+90569316582347"
}
Received Message 1266: {
  "id": 1266,
  "telephoneNumber": "+364695075204566"
}
Received Message 1267: {
  "id": 1267,
  "telephoneNumber": "+434707745716791"
}
Received Message 1268: {
  "id": 1268,
  "telephoneNumber": "+553473600159270"
}
Received Message 1269: {
  "id": 1269,
  "telephoneNumber": "+727950710254346"
}
Received Message 1270: {
  "id": 1270,
  "telephoneNumber": "+352296585916864"
}
Received Message 1271: {
  "id": 1271,
  "telephoneNumber": "+31704539415369"
}
Received Message 1272: {
  "id": 1272,
  "telephoneNumber": "+439052848532907"
}
Received Message 1273: {
  "id": 1273,
  "telephoneNumber": "+97676075065681"
}
Received Message 1274: {
  "id": 1274,
  "telephoneNumber": "+220969609698935"
}
Received Message 1275: {
  "id": 1275,
  "telephoneNumber": "+23455995466749"
}
Received Message 1276: {
  "id": 1276,
  "telephoneNumber": "+517409536260225"
}
Received Message 1277: {
  "id": 1277,
  "telephoneNumber": "+316613618185218"
}
Received Message 1278: {
  "id": 1278,
  "telephoneNumber": "+970388690060668"
}
Received Message 1279: {
  "id": 1279,
  "telephoneNumber": "+416627456485880"
}
Received Message 1280: {
  "id": 1280,
  "telephoneNumber": "+349499590491586"
}
Received Message 1281: {
  "id": 1281,
  "telephoneNumber": "+704276032773782"
}
Received Message 1282: {
  "id": 1282,
  "telephoneNumber": "+271706033051051"
}
Received Message 1283: {
  "id": 1283,
  "telephoneNumber": "+297416548010461"
}
Received Message 1284: {
  "id": 1284,
  "telephoneNumber": "+124716766955481"
}
Received Message 1285: {
  "id": 1285,
  "telephoneNumber": "+134453692829023"
}
Received Message 1286: {
  "id": 1286,
  "telephoneNumber": "+590875986137473"
}
Received Message 1287: {
  "id": 1287,
  "telephoneNumber": "+721201634612210"
}
Received Message 1288: {
  "id": 1288,
  "telephoneNumber": "+792616321360961"
}
Received Message 1289: {
  "id": 1289,
  "telephoneNumber": "+650522733023481"
}
Received Message 1290: {
  "id": 1290,
  "telephoneNumber": "+340347731898603"
}
Received Message 1291: {
  "id": 1291,
  "telephoneNumber": "+954344429444416"
}
Received Message 1292: {
  "id": 1292,
  "telephoneNumber": "+904646961262107"
}
Received Message 1293: {
  "id": 1293,
  "telephoneNumber": "+771092259821053"
}
Received Message 1294: {
  "id": 1294,
  "telephoneNumber": "+820523653977254"
}
Received Message 1295: {
  "id": 1295,
  "telephoneNumber": "+133013453637955"
}
Received Message 1296: {
  "id": 1296,
  "telephoneNumber": "+754347233344029"
}
Received Message 1297: {
  "id": 1297,
  "telephoneNumber": "+500731182609543"
}
Received Message 1298: {
  "id": 1298,
  "telephoneNumber": "+421487335979338"
}
Received Message 1299: {
  "id": 1299,
  "telephoneNumber": "+675755835614248"
}
Received Message 1300: {
  "id": 1300,
  "telephoneNumber": "+647306272701534"
}
Received Message 1301: {
  "id": 1301,
  "telephoneNumber": "+107519658680877"
}
Received Message 1302: {
  "id": 1302,
  "telephoneNumber": "+243171254308487"
}
Received Message 1303: {
  "id": 1303,
  "telephoneNumber": "+847583010906234"
}
Received Message 1304: {
  "id": 1304,
  "telephoneNumber": "+509952512871669"
}
Received Message 1305: {
  "id": 1305,
  "telephoneNumber": "+761306320556508"
}
Received Message 1306: {
  "id": 1306,
  "telephoneNumber": "+586094584634751"
}
Received Message 1307: {
  "id": 1307,
  "telephoneNumber": "+417591407678104"
}
Received Message 1308: {
  "id": 1308,
  "telephoneNumber": "+965051034327617"
}
Received Message 1309: {
  "id": 1309,
  "telephoneNumber": "+268570776160112"
}
Received Message 1310: {
  "id": 1310,
  "telephoneNumber": "+852743022744687"
}
Received Message 1311: {
  "id": 1311,
  "telephoneNumber": "+246556002777000"
}
Received Message 1312: {
  "id": 1312,
  "telephoneNumber": "+466066664470569"
}
Received Message 1313: {
  "id": 1313,
  "telephoneNumber": "+406742388907765"
}
Received Message 1314: {
  "id": 1314,
  "telephoneNumber": "+503026393163534"
}
Received Message 1315: {
  "id": 1315,
  "telephoneNumber": "+717072782912149"
}
Received Message 1316: {
  "id": 1316,
  "telephoneNumber": "+545022573004276"
}
Received Message 1317: {
  "id": 1317,
  "telephoneNumber": "+821419438706314"
}
Received Message 1318: {
  "id": 1318,
  "telephoneNumber": "+354815740782490"
}
Received Message 1319: {
  "id": 1319,
  "telephoneNumber": "+445477049447830"
}
Received Message 1320: {
  "id": 1320,
  "telephoneNumber": "+628774141373958"
}
Received Message 1321: {
  "id": 1321,
  "telephoneNumber": "+995822122021180"
}
Received Message 1322: {
  "id": 1322,
  "telephoneNumber": "+374355295317647"
}
Received Message 1323: {
  "id": 1323,
  "telephoneNumber": "+273464931936456"
}
Received Message 1324: {
  "id": 1324,
  "telephoneNumber": "+543765037171455"
}
Received Message 1325: {
  "id": 1325,
  "telephoneNumber": "+632975771352175"
}
Received Message 1326: {
  "id": 1326,
  "telephoneNumber": "+744504651647370"
}
Received Message 1327: {
  "id": 1327,
  "telephoneNumber": "+362461882958061"
}
Received Message 1328: {
  "id": 1328,
  "telephoneNumber": "+419661012254928"
}
Received Message 1329: {
  "id": 1329,
  "telephoneNumber": "+952035187526627"
}
Received Message 1330: {
  "id": 1330,
  "telephoneNumber": "+538560464291021"
}
Received Message 1331: {
  "id": 1331,
  "telephoneNumber": "+302693918155682"
}
Received Message 1332: {
  "id": 1332,
  "telephoneNumber": "+263191159564657"
}
Received Message 1333: {
  "id": 1333,
  "telephoneNumber": "+408383956376471"
}
Received Message 1334: {
  "id": 1334,
  "telephoneNumber": "+855386573094051"
}
Received Message 1335: {
  "id": 1335,
  "telephoneNumber": "+738412225312824"
}
Received Message 1336: {
  "id": 1336,
  "telephoneNumber": "+311171488475377"
}
Received Message 1337: {
  "id": 1337,
  "telephoneNumber": "+322365023079175"
}
Received Message 1338: {
  "id": 1338,
  "telephoneNumber": "+600595204420898"
}
Received Message 1339: {
  "id": 1339,
  "telephoneNumber": "+720822949265600"
}
Received Message 1340: {
  "id": 1340,
  "telephoneNumber": "+27868829367270"
}
Received Message 1341: {
  "id": 1341,
  "telephoneNumber": "+989072223119159"
}
Received Message 1342: {
  "id": 1342,
  "telephoneNumber": "+39137676682991"
}
Received Message 1343: {
  "id": 1343,
  "telephoneNumber": "+166486002458149"
}
Received Message 1344: {
  "id": 1344,
  "telephoneNumber": "+319743073499357"
}
Received Message 1345: {
  "id": 1345,
  "telephoneNumber": "+381441046531801"
}
Received Message 1346: {
  "id": 1346,
  "telephoneNumber": "+571871403866875"
}
Received Message 1347: {
  "id": 1347,
  "telephoneNumber": "+615489641915848"
}
Received Message 1348: {
  "id": 1348,
  "telephoneNumber": "+665977982471557"
}
Received Message 1349: {
  "id": 1349,
  "telephoneNumber": "+796053107517535"
}
Received Message 1350: {
  "id": 1350,
  "telephoneNumber": "+399140171198533"
}
Received Message 1351: {
  "id": 1351,
  "telephoneNumber": "+447270077838898"
}
Received Message 1352: {
  "id": 1352,
  "telephoneNumber": "+317836481373103"
}
Received Message 1353: {
  "id": 1353,
  "telephoneNumber": "+934412712738002"
}
Received Message 1354: {
  "id": 1354,
  "telephoneNumber": "+147976700318758"
}
Received Message 1355: {
  "id": 1355,
  "telephoneNumber": "+332566941031310"
}
Received Message 1356: {
  "id": 1356,
  "telephoneNumber": "+236618142880256"
}
Received Message 1357: {
  "id": 1357,
  "telephoneNumber": "+935018650295503"
}
Received Message 1358: {
  "id": 1358,
  "telephoneNumber": "+792916645293611"
}
Received Message 1359: {
  "id": 1359,
  "telephoneNumber": "+277003904264628"
}
Received Message 1360: {
  "id": 1360,
  "telephoneNumber": "+670197454424240"
}
Received Message 1361: {
  "id": 1361,
  "telephoneNumber": "+370652675700042"
}
Received Message 1362: {
  "id": 1362,
  "telephoneNumber": "+82377752213929"
}
Received Message 1363: {
  "id": 1363,
  "telephoneNumber": "+209968407558721"
}
Received Message 1364: {
  "id": 1364,
  "telephoneNumber": "+476805982552464"
}
Received Message 1365: {
  "id": 1365,
  "telephoneNumber": "+379719388269355"
}
Received Message 1366: {
  "id": 1366,
  "telephoneNumber": "+752919706778764"
}
Received Message 1367: {
  "id": 1367,
  "telephoneNumber": "+256224834092351"
}
Received Message 1368: {
  "id": 1368,
  "telephoneNumber": "+242146626460199"
}
Received Message 1369: {
  "id": 1369,
  "telephoneNumber": "+964572542347730"
}
Received Message 1370: {
  "id": 1370,
  "telephoneNumber": "+782240568493585"
}
Received Message 1371: {
  "id": 1371,
  "telephoneNumber": "+662300959974050"
}
Received Message 1372: {
  "id": 1372,
  "telephoneNumber": "+434436407851576"
}
Received Message 1373: {
  "id": 1373,
  "telephoneNumber": "+232915033594549"
}
Received Message 1374: {
  "id": 1374,
  "telephoneNumber": "+367943314557730"
}
Received Message 1375: {
  "id": 1375,
  "telephoneNumber": "+633864477299176"
}
Received Message 1376: {
  "id": 1376,
  "telephoneNumber": "+590403384952377"
}
Received Message 1377: {
  "id": 1377,
  "telephoneNumber": "+144468756237541"
}
Received Message 1378: {
  "id": 1378,
  "telephoneNumber": "+438256686710361"
}
Received Message 1379: {
  "id": 1379,
  "telephoneNumber": "+416378563669827"
}
Received Message 1380: {
  "id": 1380,
  "telephoneNumber": "+861038566228392"
}
Received Message 1381: {
  "id": 1381,
  "telephoneNumber": "+730392726623198"
}
Received Message 1382: {
  "id": 1382,
  "telephoneNumber": "+787559559514336"
}
Received Message 1383: {
  "id": 1383,
  "telephoneNumber": "+490912659893306"
}
Received Message 1384: {
  "id": 1384,
  "telephoneNumber": "+341674610064364"
}
Received Message 1385: {
  "id": 1385,
  "telephoneNumber": "+389669286736246"
}
Received Message 1386: {
  "id": 1386,
  "telephoneNumber": "+40587981142376"
}
Received Message 1387: {
  "id": 1387,
  "telephoneNumber": "+94116063975496"
}
Received Message 1388: {
  "id": 1388,
  "telephoneNumber": "+869163433675257"
}
Received Message 1389: {
  "id": 1389,
  "telephoneNumber": "+71969124968940"
}
Received Message 1390: {
  "id": 1390,
  "telephoneNumber": "+321247412234813"
}
Received Message 1391: {
  "id": 1391,
  "telephoneNumber": "+364348210640546"
}
Received Message 1392: {
  "id": 1392,
  "telephoneNumber": "+791763378303275"
}
Received Message 1393: {
  "id": 1393,
  "telephoneNumber": "+661860236164320"
}
Received Message 1394: {
  "id": 1394,
  "telephoneNumber": "+6637832420752"
}
Received Message 1395: {
  "id": 1395,
  "telephoneNumber": "+115652110429111"
}
Received Message 1396: {
  "id": 1396,
  "telephoneNumber": "+724071944333234"
}
Received Message 1397: {
  "id": 1397,
  "telephoneNumber": "+683790051341363"
}
Received Message 1398: {
  "id": 1398,
  "telephoneNumber": "+583442464160929"
}
Received Message 1399: {
  "id": 1399,
  "telephoneNumber": "+533933122586759"
}
Received Message 1400: {
  "id": 1400,
  "telephoneNumber": "+844063265497776"
}
Received Message 1401: {
  "id": 1401,
  "telephoneNumber": "+740363277484978"
}
Received Message 1402: {
  "id": 1402,
  "telephoneNumber": "+375826583852103"
}
Received Message 1403: {
  "id": 1403,
  "telephoneNumber": "+742012425815836"
}
Received Message 1404: {
  "id": 1404,
  "telephoneNumber": "+774767663576394"
}
Received Message 1405: {
  "id": 1405,
  "telephoneNumber": "+23670434599967"
}
Received Message 1406: {
  "id": 1406,
  "telephoneNumber": "+922413480662886"
}
Received Message 1407: {
  "id": 1407,
  "telephoneNumber": "+927600307484825"
}
Received Message 1408: {
  "id": 1408,
  "telephoneNumber": "+690217611635755"
}
Received Message 1409: {
  "id": 1409,
  "telephoneNumber": "+103024352529985"
}
Received Message 1410: {
  "id": 1410,
  "telephoneNumber": "+213560030994379"
}
Received Message 1411: {
  "id": 1411,
  "telephoneNumber": "+868894882324478"
}
Received Message 1412: {
  "id": 1412,
  "telephoneNumber": "+953192411843126"
}
Received Message 1413: {
  "id": 1413,
  "telephoneNumber": "+400211902366879"
}
Received Message 1414: {
  "id": 1414,
  "telephoneNumber": "+665319570485655"
}
Received Message 1415: {
  "id": 1415,
  "telephoneNumber": "+721629437854152"
}
Received Message 1416: {
  "id": 1416,
  "telephoneNumber": "+957188744229379"
}
Received Message 1417: {
  "id": 1417,
  "telephoneNumber": "+855181093684421"
}
Received Message 1418: {
  "id": 1418,
  "telephoneNumber": "+312883350327072"
}
Received Message 1419: {
  "id": 1419,
  "telephoneNumber": "+256228865842670"
}
Received Message 1420: {
  "id": 1420,
  "telephoneNumber": "+123445454665508"
}
Received Message 1421: {
  "id": 1421,
  "telephoneNumber": "+985051136352037"
}
Received Message 1422: {
  "id": 1422,
  "telephoneNumber": "+718123679732836"
}
Received Message 1423: {
  "id": 1423,
  "telephoneNumber": "+495096854339139"
}
Received Message 1424: {
  "id": 1424,
  "telephoneNumber": "+341224175054113"
}
Received Message 1425: {
  "id": 1425,
  "telephoneNumber": "+517273888955411"
}
Received Message 1426: {
  "id": 1426,
  "telephoneNumber": "+786012763261455"
}
Received Message 1427: {
  "id": 1427,
  "telephoneNumber": "+356778317419466"
}
Received Message 1428: {
  "id": 1428,
  "telephoneNumber": "+26379521360877"
}
Received Message 1429: {
  "id": 1429,
  "telephoneNumber": "+149436230164075"
}
Received Message 1430: {
  "id": 1430,
  "telephoneNumber": "+272146333666359"
}
Received Message 1431: {
  "id": 1431,
  "telephoneNumber": "+270082041248634"
}
Received Message 1432: {
  "id": 1432,
  "telephoneNumber": "+18820955521431"
}
Received Message 1433: {
  "id": 1433,
  "telephoneNumber": "+957541850365300"
}
Received Message 1434: {
  "id": 1434,
  "telephoneNumber": "+216545238812931"
}
Received Message 1435: {
  "id": 1435,
  "telephoneNumber": "+631807919394432"
}
Received Message 1436: {
  "id": 1436,
  "telephoneNumber": "+543314527936430"
}
Received Message 1437: {
  "id": 1437,
  "telephoneNumber": "+310588043904257"
}
Received Message 1438: {
  "id": 1438,
  "telephoneNumber": "+55799475127725"
}
Received Message 1439: {
  "id": 1439,
  "telephoneNumber": "+466741618035199"
}
Received Message 1440: {
  "id": 1440,
  "telephoneNumber": "+438213058078264"
}
Received Message 1441: {
  "id": 1441,
  "telephoneNumber": "+540751372142874"
}
Received Message 1442: {
  "id": 1442,
  "telephoneNumber": "+983668780890082"
}
Received Message 1443: {
  "id": 1443,
  "telephoneNumber": "+675318388349804"
}
Received Message 1444: {
  "id": 1444,
  "telephoneNumber": "+886963954721547"
}
Received Message 1445: {
  "id": 1445,
  "telephoneNumber": "+580519270355477"
}
Received Message 1446: {
  "id": 1446,
  "telephoneNumber": "+140606403760301"
}
Received Message 1447: {
  "id": 1447,
  "telephoneNumber": "+232795110902260"
}
Received Message 1448: {
  "id": 1448,
  "telephoneNumber": "+562827637387874"
}
Received Message 1449: {
  "id": 1449,
  "telephoneNumber": "+23090198103463"
}
Received Message 1450: {
  "id": 1450,
  "telephoneNumber": "+151945866720989"
}
Received Message 1451: {
  "id": 1451,
  "telephoneNumber": "+943843664843444"
}
Received Message 1452: {
  "id": 1452,
  "telephoneNumber": "+68697472148927"
}
Received Message 1453: {
  "id": 1453,
  "telephoneNumber": "+188604864730142"
}
Received Message 1454: {
  "id": 1454,
  "telephoneNumber": "+231027072025607"
}
Received Message 1455: {
  "id": 1455,
  "telephoneNumber": "+447544962575079"
}
Received Message 1456: {
  "id": 1456,
  "telephoneNumber": "+112844747993018"
}
Received Message 1457: {
  "id": 1457,
  "telephoneNumber": "+263608025190277"
}
Received Message 1458: {
  "id": 1458,
  "telephoneNumber": "+679561866949970"
}
Received Message 1459: {
  "id": 1459,
  "telephoneNumber": "+539057971815427"
}
Received Message 1460: {
  "id": 1460,
  "telephoneNumber": "+921650105722071"
}
Received Message 1461: {
  "id": 1461,
  "telephoneNumber": "+844935942776579"
}
Received Message 1462: {
  "id": 1462,
  "telephoneNumber": "+865329726243403"
}
Received Message 1463: {
  "id": 1463,
  "telephoneNumber": "+329453591625747"
}
Received Message 1464: {
  "id": 1464,
  "telephoneNumber": "+532617059959329"
}
Received Message 1465: {
  "id": 1465,
  "telephoneNumber": "+140043510404191"
}
Received Message 1466: {
  "id": 1466,
  "telephoneNumber": "+535944700115616"
}
Received Message 1467: {
  "id": 1467,
  "telephoneNumber": "+780664141285583"
}
Received Message 1468: {
  "id": 1468,
  "telephoneNumber": "+500422515731584"
}
Received Message 1469: {
  "id": 1469,
  "telephoneNumber": "+137877303145067"
}
Received Message 1470: {
  "id": 1470,
  "telephoneNumber": "+974713982868565"
}
Received Message 1471: {
  "id": 1471,
  "telephoneNumber": "+351574567804620"
}
Received Message 1472: {
  "id": 1472,
  "telephoneNumber": "+198838182851700"
}
Received Message 1473: {
  "id": 1473,
  "telephoneNumber": "+335546301355386"
}
Received Message 1474: {
  "id": 1474,
  "telephoneNumber": "+651047678247775"
}
Received Message 1475: {
  "id": 1475,
  "telephoneNumber": "+604002242939887"
}
Received Message 1476: {
  "id": 1476,
  "telephoneNumber": "+448205134202986"
}
Received Message 1477: {
  "id": 1477,
  "telephoneNumber": "+321412611924525"
}
Received Message 1478: {
  "id": 1478,
  "telephoneNumber": "+758503689940108"
}
Received Message 1479: {
  "id": 1479,
  "telephoneNumber": "+672656817131177"
}
Received Message 1480: {
  "id": 1480,
  "telephoneNumber": "+528218177005809"
}
Received Message 1481: {
  "id": 1481,
  "telephoneNumber": "+355494049064788"
}
Received Message 1482: {
  "id": 1482,
  "telephoneNumber": "+597511528543276"
}
Received Message 1483: {
  "id": 1483,
  "telephoneNumber": "+102372898601769"
}
Received Message 1484: {
  "id": 1484,
  "telephoneNumber": "+675666198340006"
}
Received Message 1485: {
  "id": 1485,
  "telephoneNumber": "+736431825954229"
}
Received Message 1486: {
  "id": 1486,
  "telephoneNumber": "+619755644958416"
}
Received Message 1487: {
  "id": 1487,
  "telephoneNumber": "+125244169959819"
}
Received Message 1488: {
  "id": 1488,
  "telephoneNumber": "+392187675232636"
}
Received Message 1489: {
  "id": 1489,
  "telephoneNumber": "+703854453455396"
}
Received Message 1490: {
  "id": 1490,
  "telephoneNumber": "+53125577300238"
}
Received Message 1491: {
  "id": 1491,
  "telephoneNumber": "+496383318862047"
}
Received Message 1492: {
  "id": 1492,
  "telephoneNumber": "+715475389480057"
}
Received Message 1493: {
  "id": 1493,
  "telephoneNumber": "+688788806227250"
}
Received Message 1494: {
  "id": 1494,
  "telephoneNumber": "+345547974604742"
}
Received Message 1495: {
  "id": 1495,
  "telephoneNumber": "+639217637676304"
}
Received Message 1496: {
  "id": 1496,
  "telephoneNumber": "+358158950351166"
}
Received Message 1497: {
  "id": 1497,
  "telephoneNumber": "+321164086529406"
}
Received Message 1498: {
  "id": 1498,
  "telephoneNumber": "+814960525565168"
}
Received Message 1499: {
  "id": 1499,
  "telephoneNumber": "+242126362303633"
}
Received Message 1500: {
  "id": 1500,
  "telephoneNumber": "+40561455628208"
}
Received Message 1501: {
  "id": 1501,
  "telephoneNumber": "+65259677649599"
}
Received Message 1502: {
  "id": 1502,
  "telephoneNumber": "+189446301216701"
}
Received Message 1503: {
  "id": 1503,
  "telephoneNumber": "+981718958950702"
}
Received Message 1504: {
  "id": 1504,
  "telephoneNumber": "+752957749201481"
}
Received Message 1505: {
  "id": 1505,
  "telephoneNumber": "+752379518523019"
}
Received Message 1506: {
  "id": 1506,
  "telephoneNumber": "+348573655552631"
}
Received Message 1507: {
  "id": 1507,
  "telephoneNumber": "+953970410408332"
}
Received Message 1508: {
  "id": 1508,
  "telephoneNumber": "+865695190278511"
}
Received Message 1509: {
  "id": 1509,
  "telephoneNumber": "+60943512558824"
}
Received Message 1510: {
  "id": 1510,
  "telephoneNumber": "+681052073939387"
}
Received Message 1511: {
  "id": 1511,
  "telephoneNumber": "+617305990364132"
}
Received Message 1512: {
  "id": 1512,
  "telephoneNumber": "+196440743586903"
}
Received Message 1513: {
  "id": 1513,
  "telephoneNumber": "+644903874029233"
}
Received Message 1514: {
  "id": 1514,
  "telephoneNumber": "+404287762871343"
}
Received Message 1515: {
  "id": 1515,
  "telephoneNumber": "+274174549264417"
}
Received Message 1516: {
  "id": 1516,
  "telephoneNumber": "+145783828519519"
}
Received Message 1517: {
  "id": 1517,
  "telephoneNumber": "+535749909484392"
}
Received Message 1518: {
  "id": 1518,
  "telephoneNumber": "+348284871409777"
}
Received Message 1519: {
  "id": 1519,
  "telephoneNumber": "+821049577358655"
}
Received Message 1520: {
  "id": 1520,
  "telephoneNumber": "+258804757680602"
}
Received Message 1521: {
  "id": 1521,
  "telephoneNumber": "+316021447038734"
}
Received Message 1522: {
  "id": 1522,
  "telephoneNumber": "+35764700003875"
}
Received Message 1523: {
  "id": 1523,
  "telephoneNumber": "+940053896151398"
}
Received Message 1524: {
  "id": 1524,
  "telephoneNumber": "+707511497405777"
}
Received Message 1525: {
  "id": 1525,
  "telephoneNumber": "+177987914112361"
}
Received Message 1526: {
  "id": 1526,
  "telephoneNumber": "+755325331260793"
}
Received Message 1527: {
  "id": 1527,
  "telephoneNumber": "+7279986394770"
}
Received Message 1528: {
  "id": 1528,
  "telephoneNumber": "+689857220499275"
}
Received Message 1529: {
  "id": 1529,
  "telephoneNumber": "+421486094053213"
}
Received Message 1530: {
  "id": 1530,
  "telephoneNumber": "+142844082863678"
}
Received Message 1531: {
  "id": 1531,
  "telephoneNumber": "+743265399504540"
}
Received Message 1532: {
  "id": 1532,
  "telephoneNumber": "+240594090769383"
}
Received Message 1533: {
  "id": 1533,
  "telephoneNumber": "+274195108408366"
}
Received Message 1534: {
  "id": 1534,
  "telephoneNumber": "+511724638108817"
}
Received Message 1535: {
  "id": 1535,
  "telephoneNumber": "+766844000018821"
}
Received Message 1536: {
  "id": 1536,
  "telephoneNumber": "+327681570414624"
}
Received Message 1537: {
  "id": 1537,
  "telephoneNumber": "+568275365799826"
}
Received Message 1538: {
  "id": 1538,
  "telephoneNumber": "+157867647995365"
}
Received Message 1539: {
  "id": 1539,
  "telephoneNumber": "+902232571611256"
}
Received Message 1540: {
  "id": 1540,
  "telephoneNumber": "+905726744861795"
}
Received Message 1541: {
  "id": 1541,
  "telephoneNumber": "+385383570887121"
}
Received Message 1542: {
  "id": 1542,
  "telephoneNumber": "+910108041236522"
}
Received Message 1543: {
  "id": 1543,
  "telephoneNumber": "+412160971909614"
}
Received Message 1544: {
  "id": 1544,
  "telephoneNumber": "+14861326689418"
}
Received Message 1545: {
  "id": 1545,
  "telephoneNumber": "+795964960514200"
}
Received Message 1546: {
  "id": 1546,
  "telephoneNumber": "+230639849195061"
}
Received Message 1547: {
  "id": 1547,
  "telephoneNumber": "+305844412806464"
}
Received Message 1548: {
  "id": 1548,
  "telephoneNumber": "+660723674203164"
}
Received Message 1549: {
  "id": 1549,
  "telephoneNumber": "+855738506878321"
}
Received Message 1550: {
  "id": 1550,
  "telephoneNumber": "+312877544231382"
}
Received Message 1551: {
  "id": 1551,
  "telephoneNumber": "+432084812470650"
}
Received Message 1552: {
  "id": 1552,
  "telephoneNumber": "+310812855945113"
}
Received Message 1553: {
  "id": 1553,
  "telephoneNumber": "+245156747195800"
}
Received Message 1554: {
  "id": 1554,
  "telephoneNumber": "+522523599228998"
}
Received Message 1555: {
  "id": 1555,
  "telephoneNumber": "+418481723063061"
}
Received Message 1556: {
  "id": 1556,
  "telephoneNumber": "+776819126621092"
}
Received Message 1557: {
  "id": 1557,
  "telephoneNumber": "+370497723429389"
}
Received Message 1558: {
  "id": 1558,
  "telephoneNumber": "+562313111510507"
}
Received Message 1559: {
  "id": 1559,
  "telephoneNumber": "+495960415972894"
}
Received Message 1560: {
  "id": 1560,
  "telephoneNumber": "+412861701574513"
}
Received Message 1561: {
  "id": 1561,
  "telephoneNumber": "+19087534691929"
}
Received Message 1562: {
  "id": 1562,
  "telephoneNumber": "+966132490055300"
}
Received Message 1563: {
  "id": 1563,
  "telephoneNumber": "+10010910079607"
}
Received Message 1564: {
  "id": 1564,
  "telephoneNumber": "+987391107638308"
}
Received Message 1565: {
  "id": 1565,
  "telephoneNumber": "+762060297181956"
}
Received Message 1566: {
  "id": 1566,
  "telephoneNumber": "+862354709454020"
}
Received Message 1567: {
  "id": 1567,
  "telephoneNumber": "+149838713675572"
}
Received Message 1568: {
  "id": 1568,
  "telephoneNumber": "+130063101657720"
}
Received Message 1569: {
  "id": 1569,
  "telephoneNumber": "+498256477006766"
}
Received Message 1570: {
  "id": 1570,
  "telephoneNumber": "+822912047157715"
}
Received Message 1571: {
  "id": 1571,
  "telephoneNumber": "+951506083003696"
}
Received Message 1572: {
  "id": 1572,
  "telephoneNumber": "+565953854568654"
}
Received Message 1573: {
  "id": 1573,
  "telephoneNumber": "+465654199639261"
}
Received Message 1574: {
  "id": 1574,
  "telephoneNumber": "+212023365951412"
}
Received Message 1575: {
  "id": 1575,
  "telephoneNumber": "+86009812719267"
}
Received Message 1576: {
  "id": 1576,
  "telephoneNumber": "+983256050332324"
}
Received Message 1577: {
  "id": 1577,
  "telephoneNumber": "+128783088536997"
}
Received Message 1578: {
  "id": 1578,
  "telephoneNumber": "+437182630280579"
}
Received Message 1579: {
  "id": 1579,
  "telephoneNumber": "+609741703802337"
}
Received Message 1580: {
  "id": 1580,
  "telephoneNumber": "+503380309544579"
}
Received Message 1581: {
  "id": 1581,
  "telephoneNumber": "+975193843697994"
}
Received Message 1582: {
  "id": 1582,
  "telephoneNumber": "+781907433320373"
}
Received Message 1583: {
  "id": 1583,
  "telephoneNumber": "+55893111851367"
}
Received Message 1584: {
  "id": 1584,
  "telephoneNumber": "+863697396972338"
}
Received Message 1585: {
  "id": 1585,
  "telephoneNumber": "+464258569423504"
}
Received Message 1586: {
  "id": 1586,
  "telephoneNumber": "+728609383212359"
}
Received Message 1587: {
  "id": 1587,
  "telephoneNumber": "+850030593936034"
}
Received Message 1588: {
  "id": 1588,
  "telephoneNumber": "+365179797357537"
}
Received Message 1589: {
  "id": 1589,
  "telephoneNumber": "+161076220471078"
}
Received Message 1590: {
  "id": 1590,
  "telephoneNumber": "+673113181275522"
}
Received Message 1591: {
  "id": 1591,
  "telephoneNumber": "+886568126683304"
}
Received Message 1592: {
  "id": 1592,
  "telephoneNumber": "+811387663403690"
}
Received Message 1593: {
  "id": 1593,
  "telephoneNumber": "+410927731806541"
}
Received Message 1594: {
  "id": 1594,
  "telephoneNumber": "+303489426344608"
}
Received Message 1595: {
  "id": 1595,
  "telephoneNumber": "+405604803593672"
}
Received Message 1596: {
  "id": 1596,
  "telephoneNumber": "+45019755194137"
}
Received Message 1597: {
  "id": 1597,
  "telephoneNumber": "+862843363619487"
}
Received Message 1598: {
  "id": 1598,
  "telephoneNumber": "+925032027291035"
}
Received Message 1599: {
  "id": 1599,
  "telephoneNumber": "+956039424711083"
}
Received Message 1600: {
  "id": 1600,
  "telephoneNumber": "+133384704033304"
}
Received Message 1601: {
  "id": 1601,
  "telephoneNumber": "+191613252736010"
}
Received Message 1602: {
  "id": 1602,
  "telephoneNumber": "+390371243721291"
}
Received Message 1603: {
  "id": 1603,
  "telephoneNumber": "+922460359969739"
}
Received Message 1604: {
  "id": 1604,
  "telephoneNumber": "+672756740265694"
}
Received Message 1605: {
  "id": 1605,
  "telephoneNumber": "+22070751918141"
}
Received Message 1606: {
  "id": 1606,
  "telephoneNumber": "+945465141244448"
}
Received Message 1607: {
  "id": 1607,
  "telephoneNumber": "+813497786949650"
}
Received Message 1608: {
  "id": 1608,
  "telephoneNumber": "+656135593726614"
}
Received Message 1609: {
  "id": 1609,
  "telephoneNumber": "+392497836376113"
}
Received Message 1610: {
  "id": 1610,
  "telephoneNumber": "+76536757813464"
}
Received Message 1611: {
  "id": 1611,
  "telephoneNumber": "+32832379900980"
}
Received Message 1612: {
  "id": 1612,
  "telephoneNumber": "+744665599278719"
}
Received Message 1613: {
  "id": 1613,
  "telephoneNumber": "+76036498764757"
}
Received Message 1614: {
  "id": 1614,
  "telephoneNumber": "+971954659918356"
}
Received Message 1615: {
  "id": 1615,
  "telephoneNumber": "+587496450481177"
}
Received Message 1616: {
  "id": 1616,
  "telephoneNumber": "+198204740252344"
}
Received Message 1617: {
  "id": 1617,
  "telephoneNumber": "+505501005198355"
}
Received Message 1618: {
  "id": 1618,
  "telephoneNumber": "+913993236748501"
}
Received Message 1619: {
  "id": 1619,
  "telephoneNumber": "+134821928652502"
}
Received Message 1620: {
  "id": 1620,
  "telephoneNumber": "+910612933453293"
}
Received Message 1621: {
  "id": 1621,
  "telephoneNumber": "+745770822029655"
}
Received Message 1622: {
  "id": 1622,
  "telephoneNumber": "+939878247911498"
}
Received Message 1623: {
  "id": 1623,
  "telephoneNumber": "+562314073022899"
}
Received Message 1624: {
  "id": 1624,
  "telephoneNumber": "+253146062739780"
}
Received Message 1625: {
  "id": 1625,
  "telephoneNumber": "+181993230936300"
}
Received Message 1626: {
  "id": 1626,
  "telephoneNumber": "+71470305163198"
}
Received Message 1627: {
  "id": 1627,
  "telephoneNumber": "+702089555559256"
}
Received Message 1628: {
  "id": 1628,
  "telephoneNumber": "+704552195126179"
}
Received Message 1629: {
  "id": 1629,
  "telephoneNumber": "+842885049124400"
}
Received Message 1630: {
  "id": 1630,
  "telephoneNumber": "+386775690430556"
}
Received Message 1631: {
  "id": 1631,
  "telephoneNumber": "+867125044152060"
}
Received Message 1632: {
  "id": 1632,
  "telephoneNumber": "+44963586674837"
}
Received Message 1633: {
  "id": 1633,
  "telephoneNumber": "+575605611971903"
}
Received Message 1634: {
  "id": 1634,
  "telephoneNumber": "+320753100604299"
}
Received Message 1635: {
  "id": 1635,
  "telephoneNumber": "+204889144013282"
}
Received Message 1636: {
  "id": 1636,
  "telephoneNumber": "+691930675480613"
}
Received Message 1637: {
  "id": 1637,
  "telephoneNumber": "+938978528428313"
}
Received Message 1638: {
  "id": 1638,
  "telephoneNumber": "+155189735259698"
}
Received Message 1639: {
  "id": 1639,
  "telephoneNumber": "+653796541469944"
}
Received Message 1640: {
  "id": 1640,
  "telephoneNumber": "+988426417596933"
}
Received Message 1641: {
  "id": 1641,
  "telephoneNumber": "+740269291759016"
}
Received Message 1642: {
  "id": 1642,
  "telephoneNumber": "+183884529224532"
}
Received Message 1643: {
  "id": 1643,
  "telephoneNumber": "+208253607756948"
}
Received Message 1644: {
  "id": 1644,
  "telephoneNumber": "+19419066018051"
}
Received Message 1645: {
  "id": 1645,
  "telephoneNumber": "+918454120539515"
}
Received Message 1646: {
  "id": 1646,
  "telephoneNumber": "+686796713750716"
}
Received Message 1647: {
  "id": 1647,
  "telephoneNumber": "+23618739804841"
}
Received Message 1648: {
  "id": 1648,
  "telephoneNumber": "+680393037332179"
}
Received Message 1649: {
  "id": 1649,
  "telephoneNumber": "+935696937323001"
}
Received Message 1650: {
  "id": 1650,
  "telephoneNumber": "+194593251477246"
}
Received Message 1651: {
  "id": 1651,
  "telephoneNumber": "+783395056542081"
}
Received Message 1652: {
  "id": 1652,
  "telephoneNumber": "+902300844697611"
}
Received Message 1653: {
  "id": 1653,
  "telephoneNumber": "+245864350597901"
}
Received Message 1654: {
  "id": 1654,
  "telephoneNumber": "+410697004419256"
}
Received Message 1655: {
  "id": 1655,
  "telephoneNumber": "+757390591759953"
}
Received Message 1656: {
  "id": 1656,
  "telephoneNumber": "+913577376144395"
}
Received Message 1657: {
  "id": 1657,
  "telephoneNumber": "+22481594405156"
}
Received Message 1658: {
  "id": 1658,
  "telephoneNumber": "+90375734133393"
}
Received Message 1659: {
  "id": 1659,
  "telephoneNumber": "+258305443773836"
}
Received Message 1660: {
  "id": 1660,
  "telephoneNumber": "+483133360847302"
}
Received Message 1661: {
  "id": 1661,
  "telephoneNumber": "+82524402746156"
}
Received Message 1662: {
  "id": 1662,
  "telephoneNumber": "+764104576293249"
}
Received Message 1663: {
  "id": 1663,
  "telephoneNumber": "+917262793191801"
}
Received Message 1664: {
  "id": 1664,
  "telephoneNumber": "+326760374213178"
}
Received Message 1665: {
  "id": 1665,
  "telephoneNumber": "+202898531270746"
}
Received Message 1666: {
  "id": 1666,
  "telephoneNumber": "+358565728111758"
}
Received Message 1667: {
  "id": 1667,
  "telephoneNumber": "+273594675406637"
}
Received Message 1668: {
  "id": 1668,
  "telephoneNumber": "+751495967396349"
}
Received Message 1669: {
  "id": 1669,
  "telephoneNumber": "+192430689737785"
}
Received Message 1670: {
  "id": 1670,
  "telephoneNumber": "+271483457788436"
}
Received Message 1671: {
  "id": 1671,
  "telephoneNumber": "+631532581049370"
}
Received Message 1672: {
  "id": 1672,
  "telephoneNumber": "+408235844099462"
}
Received Message 1673: {
  "id": 1673,
  "telephoneNumber": "+344861532461895"
}
Received Message 1674: {
  "id": 1674,
  "telephoneNumber": "+131292011008420"
}
Received Message 1675: {
  "id": 1675,
  "telephoneNumber": "+183867405765838"
}
Received Message 1676: {
  "id": 1676,
  "telephoneNumber": "+715497532317496"
}
Received Message 1677: {
  "id": 1677,
  "telephoneNumber": "+825748772834398"
}
Received Message 1678: {
  "id": 1678,
  "telephoneNumber": "+340609415849832"
}
Received Message 1679: {
  "id": 1679,
  "telephoneNumber": "+949262462967122"
}
Received Message 1680: {
  "id": 1680,
  "telephoneNumber": "+254694362751516"
}
Received Message 1681: {
  "id": 1681,
  "telephoneNumber": "+735206402099132"
}
Received Message 1682: {
  "id": 1682,
  "telephoneNumber": "+208956458627852"
}
Received Message 1683: {
  "id": 1683,
  "telephoneNumber": "+206724629669663"
}
Received Message 1684: {
  "id": 1684,
  "telephoneNumber": "+886172192262243"
}
Received Message 1685: {
  "id": 1685,
  "telephoneNumber": "+184342461516895"
}
Received Message 1686: {
  "id": 1686,
  "telephoneNumber": "+395680075556413"
}
Received Message 1687: {
  "id": 1687,
  "telephoneNumber": "+277382624307627"
}
Received Message 1688: {
  "id": 1688,
  "telephoneNumber": "+565990608973206"
}
Received Message 1689: {
  "id": 1689,
  "telephoneNumber": "+704743210570031"
}
Received Message 1690: {
  "id": 1690,
  "telephoneNumber": "+624747575248082"
}
Received Message 1691: {
  "id": 1691,
  "telephoneNumber": "+185575003927190"
}
Received Message 1692: {
  "id": 1692,
  "telephoneNumber": "+487055305331267"
}
Received Message 1693: {
  "id": 1693,
  "telephoneNumber": "+189517305359073"
}
Received Message 1694: {
  "id": 1694,
  "telephoneNumber": "+198202642553683"
}
Received Message 1695: {
  "id": 1695,
  "telephoneNumber": "+933125794250296"
}
Received Message 1696: {
  "id": 1696,
  "telephoneNumber": "+347192983557388"
}
Received Message 1697: {
  "id": 1697,
  "telephoneNumber": "+443877688850836"
}
Received Message 1698: {
  "id": 1698,
  "telephoneNumber": "+248031778009935"
}
Received Message 1699: {
  "id": 1699,
  "telephoneNumber": "+863847194398267"
}
Received Message 1700: {
  "id": 1700,
  "telephoneNumber": "+678466174215879"
}
Received Message 1701: {
  "id": 1701,
  "telephoneNumber": "+432431133345396"
}
Received Message 1702: {
  "id": 1702,
  "telephoneNumber": "+655148299516360"
}
Received Message 1703: {
  "id": 1703,
  "telephoneNumber": "+385503686324697"
}
Received Message 1704: {
  "id": 1704,
  "telephoneNumber": "+56099117386018"
}
Received Message 1705: {
  "id": 1705,
  "telephoneNumber": "+912841469810804"
}
Received Message 1706: {
  "id": 1706,
  "telephoneNumber": "+104986225500789"
}
Received Message 1707: {
  "id": 1707,
  "telephoneNumber": "+18879794564304"
}
Received Message 1708: {
  "id": 1708,
  "telephoneNumber": "+618403558195234"
}
Received Message 1709: {
  "id": 1709,
  "telephoneNumber": "+85266619589783"
}
Received Message 1710: {
  "id": 1710,
  "telephoneNumber": "+818462599723317"
}
Received Message 1711: {
  "id": 1711,
  "telephoneNumber": "+902009371895425"
}
Received Message 1712: {
  "id": 1712,
  "telephoneNumber": "+581807872404105"
}
Received Message 1713: {
  "id": 1713,
  "telephoneNumber": "+195660213366864"
}
Received Message 1714: {
  "id": 1714,
  "telephoneNumber": "+56734414757518"
}
Received Message 1715: {
  "id": 1715,
  "telephoneNumber": "+681149383583201"
}
Received Message 1716: {
  "id": 1716,
  "telephoneNumber": "+24079546055682"
}
Received Message 1717: {
  "id": 1717,
  "telephoneNumber": "+949924825241418"
}
Received Message 1718: {
  "id": 1718,
  "telephoneNumber": "+960247003653522"
}
Received Message 1719: {
  "id": 1719,
  "telephoneNumber": "+276714526448726"
}
Received Message 1720: {
  "id": 1720,
  "telephoneNumber": "+949892804582282"
}
Received Message 1721: {
  "id": 1721,
  "telephoneNumber": "+783710421137289"
}
Received Message 1722: {
  "id": 1722,
  "telephoneNumber": "+4163023777397"
}
Received Message 1723: {
  "id": 1723,
  "telephoneNumber": "+949190661048630"
}
Received Message 1724: {
  "id": 1724,
  "telephoneNumber": "+111865239337749"
}
Received Message 1725: {
  "id": 1725,
  "telephoneNumber": "+811083577607072"
}
Received Message 1726: {
  "id": 1726,
  "telephoneNumber": "+952656950625005"
}
Received Message 1727: {
  "id": 1727,
  "telephoneNumber": "+638268017084319"
}
Received Message 1728: {
  "id": 1728,
  "telephoneNumber": "+987422220549411"
}
Received Message 1729: {
  "id": 1729,
  "telephoneNumber": "+787134805371236"
}
Received Message 1730: {
  "id": 1730,
  "telephoneNumber": "+272449519053439"
}
Received Message 1731: {
  "id": 1731,
  "telephoneNumber": "+301543438542421"
}
Received Message 1732: {
  "id": 1732,
  "telephoneNumber": "+810930779818368"
}
Received Message 1733: {
  "id": 1733,
  "telephoneNumber": "+387219031575937"
}
Received Message 1734: {
  "id": 1734,
  "telephoneNumber": "+48430615720649"
}
Received Message 1735: {
  "id": 1735,
  "telephoneNumber": "+476327976241471"
}
Received Message 1736: {
  "id": 1736,
  "telephoneNumber": "+455754992994645"
}
Received Message 1737: {
  "id": 1737,
  "telephoneNumber": "+717791130723207"
}
Received Message 1738: {
  "id": 1738,
  "telephoneNumber": "+816278358912354"
}
Received Message 1739: {
  "id": 1739,
  "telephoneNumber": "+968172857696829"
}
Received Message 1740: {
  "id": 1740,
  "telephoneNumber": "+513441057148345"
}
Received Message 1741: {
  "id": 1741,
  "telephoneNumber": "+751160032648825"
}
Received Message 1742: {
  "id": 1742,
  "telephoneNumber": "+535736780624973"
}
Received Message 1743: {
  "id": 1743,
  "telephoneNumber": "+11360927456791"
}
Received Message 1744: {
  "id": 1744,
  "telephoneNumber": "+314220063504530"
}
Received Message 1745: {
  "id": 1745,
  "telephoneNumber": "+412449374810276"
}
Received Message 1746: {
  "id": 1746,
  "telephoneNumber": "+718802615376583"
}
Received Message 1747: {
  "id": 1747,
  "telephoneNumber": "+401252893099458"
}
Received Message 1748: {
  "id": 1748,
  "telephoneNumber": "+134101380918399"
}
Received Message 1749: {
  "id": 1749,
  "telephoneNumber": "+783327738393121"
}
Received Message 1750: {
  "id": 1750,
  "telephoneNumber": "+121840176832325"
}
Received Message 1751: {
  "id": 1751,
  "telephoneNumber": "+788458080904391"
}
Received Message 1752: {
  "id": 1752,
  "telephoneNumber": "+386124285739812"
}
Received Message 1753: {
  "id": 1753,
  "telephoneNumber": "+31444381062517"
}
Received Message 1754: {
  "id": 1754,
  "telephoneNumber": "+700077628867067"
}
Received Message 1755: {
  "id": 1755,
  "telephoneNumber": "+478248161908765"
}
Received Message 1756: {
  "id": 1756,
  "telephoneNumber": "+634791492185161"
}
Received Message 1757: {
  "id": 1757,
  "telephoneNumber": "+982362649712711"
}
Received Message 1758: {
  "id": 1758,
  "telephoneNumber": "+168141238104650"
}
Received Message 1759: {
  "id": 1759,
  "telephoneNumber": "+387931416479346"
}
Received Message 1760: {
  "id": 1760,
  "telephoneNumber": "+729313680037324"
}
Received Message 1761: {
  "id": 1761,
  "telephoneNumber": "+225015831053429"
}
Received Message 1762: {
  "id": 1762,
  "telephoneNumber": "+206787187448657"
}
Received Message 1763: {
  "id": 1763,
  "telephoneNumber": "+797082379655784"
}
Received Message 1764: {
  "id": 1764,
  "telephoneNumber": "+452395917550153"
}
Received Message 1765: {
  "id": 1765,
  "telephoneNumber": "+584991544026856"
}
Received Message 1766: {
  "id": 1766,
  "telephoneNumber": "+368751856318724"
}
Received Message 1767: {
  "id": 1767,
  "telephoneNumber": "+597930961298587"
}
Received Message 1768: {
  "id": 1768,
  "telephoneNumber": "+705529096540526"
}
Received Message 1769: {
  "id": 1769,
  "telephoneNumber": "+675221448307359"
}
Received Message 1770: {
  "id": 1770,
  "telephoneNumber": "+354359230738395"
}
Received Message 1771: {
  "id": 1771,
  "telephoneNumber": "+330220599003420"
}
Received Message 1772: {
  "id": 1772,
  "telephoneNumber": "+344140722316107"
}
Received Message 1773: {
  "id": 1773,
  "telephoneNumber": "+434889099547877"
}
Received Message 1774: {
  "id": 1774,
  "telephoneNumber": "+768552680087860"
}
Received Message 1775: {
  "id": 1775,
  "telephoneNumber": "+714761313597277"
}
Received Message 1776: {
  "id": 1776,
  "telephoneNumber": "+701196244277934"
}
Received Message 1777: {
  "id": 1777,
  "telephoneNumber": "+207290779148013"
}
Received Message 1778: {
  "id": 1778,
  "telephoneNumber": "+757518594397884"
}
Received Message 1779: {
  "id": 1779,
  "telephoneNumber": "+401768374270245"
}
Received Message 1780: {
  "id": 1780,
  "telephoneNumber": "+418673961112603"
}
Received Message 1781: {
  "id": 1781,
  "telephoneNumber": "+411890246333950"
}
Received Message 1782: {
  "id": 1782,
  "telephoneNumber": "+856664019669435"
}
Received Message 1783: {
  "id": 1783,
  "telephoneNumber": "+993987616961919"
}
Received Message 1784: {
  "id": 1784,
  "telephoneNumber": "+844721962645965"
}
Received Message 1785: {
  "id": 1785,
  "telephoneNumber": "+539280180485464"
}
Received Message 1786: {
  "id": 1786,
  "telephoneNumber": "+98679706660952"
}
Received Message 1787: {
  "id": 1787,
  "telephoneNumber": "+134524481745560"
}
Received Message 1788: {
  "id": 1788,
  "telephoneNumber": "+374538856186832"
}
Received Message 1789: {
  "id": 1789,
  "telephoneNumber": "+611493695644236"
}
Received Message 1790: {
  "id": 1790,
  "telephoneNumber": "+450183138309933"
}
Received Message 1791: {
  "id": 1791,
  "telephoneNumber": "+176938600767486"
}
Received Message 1792: {
  "id": 1792,
  "telephoneNumber": "+683403710585864"
}
Received Message 1793: {
  "id": 1793,
  "telephoneNumber": "+916554896174680"
}
Received Message 1794: {
  "id": 1794,
  "telephoneNumber": "+32861275737534"
}
Received Message 1795: {
  "id": 1795,
  "telephoneNumber": "+475610242019930"
}
Received Message 1796: {
  "id": 1796,
  "telephoneNumber": "+932863902147425"
}
Received Message 1797: {
  "id": 1797,
  "telephoneNumber": "+947190954939320"
}
Received Message 1798: {
  "id": 1798,
  "telephoneNumber": "+58455732302753"
}
Received Message 1799: {
  "id": 1799,
  "telephoneNumber": "+568369337753043"
}
Received Message 1800: {
  "id": 1800,
  "telephoneNumber": "+344488587845776"
}
Received Message 1801: {
  "id": 1801,
  "telephoneNumber": "+776311241295030"
}
Received Message 1802: {
  "id": 1802,
  "telephoneNumber": "+682871107148958"
}
Received Message 1803: {
  "id": 1803,
  "telephoneNumber": "+791883197288629"
}
Received Message 1804: {
  "id": 1804,
  "telephoneNumber": "+445908550790248"
}
Received Message 1805: {
  "id": 1805,
  "telephoneNumber": "+374563699027786"
}
Received Message 1806: {
  "id": 1806,
  "telephoneNumber": "+555166938757339"
}
Received Message 1807: {
  "id": 1807,
  "telephoneNumber": "+867762012682848"
}
Received Message 1808: {
  "id": 1808,
  "telephoneNumber": "+204862197870321"
}
Received Message 1809: {
  "id": 1809,
  "telephoneNumber": "+26943454543356"
}
Received Message 1810: {
  "id": 1810,
  "telephoneNumber": "+666743782352029"
}
Received Message 1811: {
  "id": 1811,
  "telephoneNumber": "+462230613640857"
}
Received Message 1812: {
  "id": 1812,
  "telephoneNumber": "+2725542256411"
}
Received Message 1813: {
  "id": 1813,
  "telephoneNumber": "+585142971332823"
}
Received Message 1814: {
  "id": 1814,
  "telephoneNumber": "+795857540423366"
}
Received Message 1815: {
  "id": 1815,
  "telephoneNumber": "+212610301537614"
}
Received Message 1816: {
  "id": 1816,
  "telephoneNumber": "+419132751618604"
}
Received Message 1817: {
  "id": 1817,
  "telephoneNumber": "+238078899926193"
}
Received Message 1818: {
  "id": 1818,
  "telephoneNumber": "+267598030057105"
}
Received Message 1819: {
  "id": 1819,
  "telephoneNumber": "+10936547910615"
}
Received Message 1820: {
  "id": 1820,
  "telephoneNumber": "+771562738496007"
}
Received Message 1821: {
  "id": 1821,
  "telephoneNumber": "+689963141813918"
}
Received Message 1822: {
  "id": 1822,
  "telephoneNumber": "+377514532565857"
}
Received Message 1823: {
  "id": 1823,
  "telephoneNumber": "+911037081986402"
}
Received Message 1824: {
  "id": 1824,
  "telephoneNumber": "+591091268061115"
}
Received Message 1825: {
  "id": 1825,
  "telephoneNumber": "+310921177477852"
}
Received Message 1826: {
  "id": 1826,
  "telephoneNumber": "+115688608490945"
}
Received Message 1827: {
  "id": 1827,
  "telephoneNumber": "+186518126139611"
}
Received Message 1828: {
  "id": 1828,
  "telephoneNumber": "+271949020417301"
}
Received Message 1829: {
  "id": 1829,
  "telephoneNumber": "+246445665530270"
}
Received Message 1830: {
  "id": 1830,
  "telephoneNumber": "+702930643567579"
}
Received Message 1831: {
  "id": 1831,
  "telephoneNumber": "+576423962507575"
}
Received Message 1832: {
  "id": 1832,
  "telephoneNumber": "+880639481038861"
}
Received Message 1833: {
  "id": 1833,
  "telephoneNumber": "+731917785007987"
}
Received Message 1834: {
  "id": 1834,
  "telephoneNumber": "+739604776338910"
}
Received Message 1835: {
  "id": 1835,
  "telephoneNumber": "+301751865692734"
}
Received Message 1836: {
  "id": 1836,
  "telephoneNumber": "+291304000458548"
}
Received Message 1837: {
  "id": 1837,
  "telephoneNumber": "+297346799056331"
}
Received Message 1838: {
  "id": 1838,
  "telephoneNumber": "+162749227154811"
}
Received Message 1839: {
  "id": 1839,
  "telephoneNumber": "+311964433447458"
}
Received Message 1840: {
  "id": 1840,
  "telephoneNumber": "+598295389806895"
}
Received Message 1841: {
  "id": 1841,
  "telephoneNumber": "+658260972644355"
}
Received Message 1842: {
  "id": 1842,
  "telephoneNumber": "+647916112604316"
}
Received Message 1843: {
  "id": 1843,
  "telephoneNumber": "+272207255248186"
}
Received Message 1844: {
  "id": 1844,
  "telephoneNumber": "+185678450134866"
}
Received Message 1845: {
  "id": 1845,
  "telephoneNumber": "+304521054513867"
}
Received Message 1846: {
  "id": 1846,
  "telephoneNumber": "+445856174031800"
}
Received Message 1847: {
  "id": 1847,
  "telephoneNumber": "+682349183584614"
}
Received Message 1848: {
  "id": 1848,
  "telephoneNumber": "+607228517693847"
}
Received Message 1849: {
  "id": 1849,
  "telephoneNumber": "+621140565269253"
}
Received Message 1850: {
  "id": 1850,
  "telephoneNumber": "+821714878406388"
}
Received Message 1851: {
  "id": 1851,
  "telephoneNumber": "+225890490218613"
}
Received Message 1852: {
  "id": 1852,
  "telephoneNumber": "+823200903603159"
}
Received Message 1853: {
  "id": 1853,
  "telephoneNumber": "+98492094100551"
}
Received Message 1854: {
  "id": 1854,
  "telephoneNumber": "+350080236621661"
}
Received Message 1855: {
  "id": 1855,
  "telephoneNumber": "+237977288490893"
}
Received Message 1856: {
  "id": 1856,
  "telephoneNumber": "+147750434663887"
}
Received Message 1857: {
  "id": 1857,
  "telephoneNumber": "+464060834360480"
}
Received Message 1858: {
  "id": 1858,
  "telephoneNumber": "+177947236003923"
}
Received Message 1859: {
  "id": 1859,
  "telephoneNumber": "+958329499414191"
}
Received Message 1860: {
  "id": 1860,
  "telephoneNumber": "+545179983473123"
}
Received Message 1861: {
  "id": 1861,
  "telephoneNumber": "+74886754536986"
}
Received Message 1862: {
  "id": 1862,
  "telephoneNumber": "+678564843309615"
}
Received Message 1863: {
  "id": 1863,
  "telephoneNumber": "+922061772242498"
}
Received Message 1864: {
  "id": 1864,
  "telephoneNumber": "+324900710349652"
}
Received Message 1865: {
  "id": 1865,
  "telephoneNumber": "+568568418983128"
}
Received Message 1866: {
  "id": 1866,
  "telephoneNumber": "+57685476912335"
}
Received Message 1867: {
  "id": 1867,
  "telephoneNumber": "+865098934836091"
}
Received Message 1868: {
  "id": 1868,
  "telephoneNumber": "+672021262278694"
}
Received Message 1869: {
  "id": 1869,
  "telephoneNumber": "+518806905746864"
}
Received Message 1870: {
  "id": 1870,
  "telephoneNumber": "+810294738808018"
}
Received Message 1871: {
  "id": 1871,
  "telephoneNumber": "+773008120232159"
}
Received Message 1872: {
  "id": 1872,
  "telephoneNumber": "+179052416086467"
}
Received Message 1873: {
  "id": 1873,
  "telephoneNumber": "+105690063503309"
}
Received Message 1874: {
  "id": 1874,
  "telephoneNumber": "+541539329796318"
}
Received Message 1875: {
  "id": 1875,
  "telephoneNumber": "+10122785671670"
}
Received Message 1876: {
  "id": 1876,
  "telephoneNumber": "+973841674604544"
}
Received Message 1877: {
  "id": 1877,
  "telephoneNumber": "+107936588608094"
}
Received Message 1878: {
  "id": 1878,
  "telephoneNumber": "+525446888326360"
}
Received Message 1879: {
  "id": 1879,
  "telephoneNumber": "+305781648107650"
}
Received Message 1880: {
  "id": 1880,
  "telephoneNumber": "+120341394006654"
}
Received Message 1881: {
  "id": 1881,
  "telephoneNumber": "+479103363910313"
}
Received Message 1882: {
  "id": 1882,
  "telephoneNumber": "+677470918840499"
}
Received Message 1883: {
  "id": 1883,
  "telephoneNumber": "+550484323774945"
}
Received Message 1884: {
  "id": 1884,
  "telephoneNumber": "+771336220042858"
}
Received Message 1885: {
  "id": 1885,
  "telephoneNumber": "+239308809568768"
}
Received Message 1886: {
  "id": 1886,
  "telephoneNumber": "+378905143604659"
}
Received Message 1887: {
  "id": 1887,
  "telephoneNumber": "+126630867115489"
}
Received Message 1888: {
  "id": 1888,
  "telephoneNumber": "+751816129354236"
}
Received Message 1889: {
  "id": 1889,
  "telephoneNumber": "+354372282585622"
}
Received Message 1890: {
  "id": 1890,
  "telephoneNumber": "+588599574399512"
}
Received Message 1891: {
  "id": 1891,
  "telephoneNumber": "+622112021928173"
}
Received Message 1892: {
  "id": 1892,
  "telephoneNumber": "+517148203462979"
}
Received Message 1893: {
  "id": 1893,
  "telephoneNumber": "+437519412964285"
}
Received Message 1894: {
  "id": 1894,
  "telephoneNumber": "+921939113135899"
}
Received Message 1895: {
  "id": 1895,
  "telephoneNumber": "+65865303357460"
}
Received Message 1896: {
  "id": 1896,
  "telephoneNumber": "+196402712876512"
}
Received Message 1897: {
  "id": 1897,
  "telephoneNumber": "+354301001707307"
}
Received Message 1898: {
  "id": 1898,
  "telephoneNumber": "+956009082072780"
}
Received Message 1899: {
  "id": 1899,
  "telephoneNumber": "+149359171200213"
}
Received Message 1900: {
  "id": 1900,
  "telephoneNumber": "+249753198199468"
}
Received Message 1901: {
  "id": 1901,
  "telephoneNumber": "+403738235654803"
}
Received Message 1902: {
  "id": 1902,
  "telephoneNumber": "+115118382249619"
}
Received Message 1903: {
  "id": 1903,
  "telephoneNumber": "+79296188029959"
}
Received Message 1904: {
  "id": 1904,
  "telephoneNumber": "+631287182233694"
}
Received Message 1905: {
  "id": 1905,
  "telephoneNumber": "+260000910327397"
}
Received Message 1906: {
  "id": 1906,
  "telephoneNumber": "+421474686653083"
}
Received Message 1907: {
  "id": 1907,
  "telephoneNumber": "+355484083405797"
}
Received Message 1908: {
  "id": 1908,
  "telephoneNumber": "+439320740292097"
}
Received Message 1909: {
  "id": 1909,
  "telephoneNumber": "+778985667036566"
}
Received Message 1910: {
  "id": 1910,
  "telephoneNumber": "+959781117386885"
}
Received Message 1911: {
  "id": 1911,
  "telephoneNumber": "+980512807671921"
}
Received Message 1912: {
  "id": 1912,
  "telephoneNumber": "+534079960162501"
}
Received Message 1913: {
  "id": 1913,
  "telephoneNumber": "+380242554105837"
}
Received Message 1914: {
  "id": 1914,
  "telephoneNumber": "+162811651738077"
}
Received Message 1915: {
  "id": 1915,
  "telephoneNumber": "+372646745748013"
}
Received Message 1916: {
  "id": 1916,
  "telephoneNumber": "+412574497326187"
}
Received Message 1917: {
  "id": 1917,
  "telephoneNumber": "+638282718241932"
}
Received Message 1918: {
  "id": 1918,
  "telephoneNumber": "+179139768367430"
}
Received Message 1919: {
  "id": 1919,
  "telephoneNumber": "+68717304733701"
}
Received Message 1920: {
  "id": 1920,
  "telephoneNumber": "+886580002173014"
}
Received Message 1921: {
  "id": 1921,
  "telephoneNumber": "+576239476817604"
}
Received Message 1922: {
  "id": 1922,
  "telephoneNumber": "+603784431646327"
}
Received Message 1923: {
  "id": 1923,
  "telephoneNumber": "+886299341562339"
}
Received Message 1924: {
  "id": 1924,
  "telephoneNumber": "+613816026576776"
}
Received Message 1925: {
  "id": 1925,
  "telephoneNumber": "+367344490105342"
}
Received Message 1926: {
  "id": 1926,
  "telephoneNumber": "+329057159088597"
}
Received Message 1927: {
  "id": 1927,
  "telephoneNumber": "+227652176634897"
}
Received Message 1928: {
  "id": 1928,
  "telephoneNumber": "+362173520945980"
}
Received Message 1929: {
  "id": 1929,
  "telephoneNumber": "+311189385891452"
}
Received Message 1930: {
  "id": 1930,
  "telephoneNumber": "+537978742167995"
}
Received Message 1931: {
  "id": 1931,
  "telephoneNumber": "+114061427919713"
}
Received Message 1932: {
  "id": 1932,
  "telephoneNumber": "+350640759416373"
}
Received Message 1933: {
  "id": 1933,
  "telephoneNumber": "+914402993823968"
}
Received Message 1934: {
  "id": 1934,
  "telephoneNumber": "+927650371715142"
}
Received Message 1935: {
  "id": 1935,
  "telephoneNumber": "+123235597842387"
}
Received Message 1936: {
  "id": 1936,
  "telephoneNumber": "+907062315093214"
}
Received Message 1937: {
  "id": 1937,
  "telephoneNumber": "+445536089132464"
}
Received Message 1938: {
  "id": 1938,
  "telephoneNumber": "+341463953481065"
}
Received Message 1939: {
  "id": 1939,
  "telephoneNumber": "+82136211149414"
}
Received Message 1940: {
  "id": 1940,
  "telephoneNumber": "+793652802339602"
}
Received Message 1941: {
  "id": 1941,
  "telephoneNumber": "+100886102253296"
}
Received Message 1942: {
  "id": 1942,
  "telephoneNumber": "+580777565956667"
}
Received Message 1943: {
  "id": 1943,
  "telephoneNumber": "+63566872746366"
}
Received Message 1944: {
  "id": 1944,
  "telephoneNumber": "+676938560689644"
}
Received Message 1945: {
  "id": 1945,
  "telephoneNumber": "+358002553958664"
}
Received Message 1946: {
  "id": 1946,
  "telephoneNumber": "+908511406112843"
}
Received Message 1947: {
  "id": 1947,
  "telephoneNumber": "+827562150427612"
}
Received Message 1948: {
  "id": 1948,
  "telephoneNumber": "+482889938396776"
}
Received Message 1949: {
  "id": 1949,
  "telephoneNumber": "+400163854919462"
}
Received Message 1950: {
  "id": 1950,
  "telephoneNumber": "+701489509823726"
}
Received Message 1951: {
  "id": 1951,
  "telephoneNumber": "+849894522616913"
}
Received Message 1952: {
  "id": 1952,
  "telephoneNumber": "+392610758902253"
}
Received Message 1953: {
  "id": 1953,
  "telephoneNumber": "+853888983482897"
}
Received Message 1954: {
  "id": 1954,
  "telephoneNumber": "+184786810987317"
}
Received Message 1955: {
  "id": 1955,
  "telephoneNumber": "+377874697729951"
}
Received Message 1956: {
  "id": 1956,
  "telephoneNumber": "+732986137596075"
}
Received Message 1957: {
  "id": 1957,
  "telephoneNumber": "+980626342205721"
}
Received Message 1958: {
  "id": 1958,
  "telephoneNumber": "+167037194674564"
}
Received Message 1959: {
  "id": 1959,
  "telephoneNumber": "+475292684281810"
}
Received Message 1960: {
  "id": 1960,
  "telephoneNumber": "+415405660623204"
}
Received Message 1961: {
  "id": 1961,
  "telephoneNumber": "+622262706655576"
}
Received Message 1962: {
  "id": 1962,
  "telephoneNumber": "+24097347184523"
}
Received Message 1963: {
  "id": 1963,
  "telephoneNumber": "+822846545721998"
}
Received Message 1964: {
  "id": 1964,
  "telephoneNumber": "+771719073415455"
}
Received Message 1965: {
  "id": 1965,
  "telephoneNumber": "+580728666602660"
}
Received Message 1966: {
  "id": 1966,
  "telephoneNumber": "+96222241501982"
}
Received Message 1967: {
  "id": 1967,
  "telephoneNumber": "+26436026620691"
}
Received Message 1968: {
  "id": 1968,
  "telephoneNumber": "+582406216212083"
}
Received Message 1969: {
  "id": 1969,
  "telephoneNumber": "+113729322487700"
}
Received Message 1970: {
  "id": 1970,
  "telephoneNumber": "+528802449125366"
}
Received Message 1971: {
  "id": 1971,
  "telephoneNumber": "+419642992113684"
}
Received Message 1972: {
  "id": 1972,
  "telephoneNumber": "+856689192531283"
}
Received Message 1973: {
  "id": 1973,
  "telephoneNumber": "+263678441122051"
}
Received Message 1974: {
  "id": 1974,
  "telephoneNumber": "+797045503663397"
}
Received Message 1975: {
  "id": 1975,
  "telephoneNumber": "+139984858358220"
}
Received Message 1976: {
  "id": 1976,
  "telephoneNumber": "+202604034980178"
}
Received Message 1977: {
  "id": 1977,
  "telephoneNumber": "+347179288933393"
}
Received Message 1978: {
  "id": 1978,
  "telephoneNumber": "+13298362631209"
}
Received Message 1979: {
  "id": 1979,
  "telephoneNumber": "+708685120357036"
}
Received Message 1980: {
  "id": 1980,
  "telephoneNumber": "+314495484883543"
}
Received Message 1981: {
  "id": 1981,
  "telephoneNumber": "+904737564386399"
}
Received Message 1982: {
  "id": 1982,
  "telephoneNumber": "+572039114535622"
}
Received Message 1983: {
  "id": 1983,
  "telephoneNumber": "+776272060700147"
}
Received Message 1984: {
  "id": 1984,
  "telephoneNumber": "+886678117527540"
}
Received Message 1985: {
  "id": 1985,
  "telephoneNumber": "+559024937787713"
}
Received Message 1986: {
  "id": 1986,
  "telephoneNumber": "+417060635660611"
}
Received Message 1987: {
  "id": 1987,
  "telephoneNumber": "+605832409237731"
}
Received Message 1988: {
  "id": 1988,
  "telephoneNumber": "+330441744133575"
}
Received Message 1989: {
  "id": 1989,
  "telephoneNumber": "+613085871358685"
}
Received Message 1990: {
  "id": 1990,
  "telephoneNumber": "+256255215118679"
}
Received Message 1991: {
  "id": 1991,
  "telephoneNumber": "+12179797067081"
}
Received Message 1992: {
  "id": 1992,
  "telephoneNumber": "+731471337913388"
}
Received Message 1993: {
  "id": 1993,
  "telephoneNumber": "+679051493753831"
}
Received Message 1994: {
  "id": 1994,
  "telephoneNumber": "+558982661446742"
}
Received Message 1995: {
  "id": 1995,
  "telephoneNumber": "+152962715557486"
}
Received Message 1996: {
  "id": 1996,
  "telephoneNumber": "+686610513586004"
}
Received Message 1997: {
  "id": 1997,
  "telephoneNumber": "+501029285675728"
}
Received Message 1998: {
  "id": 1998,
  "telephoneNumber": "+108162452557746"
}
Received Message 1999: {
  "id": 1999,
  "telephoneNumber": "+776174111949492"
}
Received Message 2000: {
  "id": 2000,
  "telephoneNumber": "+197601886982047"
}
{PR=[193951286972893], PS=[970857970425985, 970384474672496, 970388690060668], PT=[351574567804620], PW=[680393037332179], QA=[974045225938266, 974660194905175, 974713982868565], AD=[376732706191878, 376632315044655], AE=[971954659918356], AF=[939333622050175, 932256757410541, 935402377084821, 93130062090601, 931232232460948, 933706119872038, 930099295136086, 936467374064812, 938558858984170, 934747402760695, 937986950825492, 93564930443033, 93242461992774, 939730434384051, 939062343448626, 933008227542429, 932686020065200, 933769709731029, 934412712738002, 935018650295503, 939878247911498, 938978528428313, 935696937323001, 933125794250296, 932863902147425], AL=[355115196606937, 355494049064788, 355484083405797], AM=[374471954886411, 374428101033701, 374355295317647, 374538856186832, 374563699027786], AO=[244884945026850, 244810732552349], AQ=[672599550236350, 672656817131177, 672756740265694, 672021262278694], AR=[546596490789455, 540372176241233, 545969846945322, 548830240536193, 546234312505042, 542629459279264, 541988895076836, 54507175930139, 544850416861717, 544259750550139, 549792626469512, 544095722740606, 547032231025984, 548351848220049, 549301392123576, 540808880382363, 549905000071297, 547701467369221, 547301141860644, 545022573004276, 543765037171455, 543314527936430, 540751372142874, 545179983473123, 541539329796318], AT=[438991347279298, 434790046321021, 437485399212771, 437978703193213, 436292957813401, 431559444437988, 437794485409183, 439802215923672, 43224699285545, 435082759528473, 439760628920199, 434898952690835, 436641785578675, 438023363823240, 437563562212433, 43275327265652, 432173237346230, 430394473132406, 430142598753114, 435613005444446, 43816585138234, 434791041116243, 434707745716791, 439052848532907, 434436407851576, 438256686710361, 438213058078264, 432084812470650, 437182630280579, 432431133345396, 434889099547877, 437519412964285, 439320740292097], AW=[297801469881584, 297416548010461, 297346799056331], AZ=[994628700016786], RO=[407841248213763, 406053322233488, 403605658881092, 408547074349439, 40817998539955, 407263520319987, 405936899619230, 404742732653948, 404405837492214, 403213371362591, 402879851507846, 401180792147707, 403272060826983, 400918515237894, 40698269818537, 40436827633276, 406742388907765, 408383956376471, 40587981142376, 400211902366879, 40561455628208, 404287762871343, 405604803593672, 408235844099462, 401252893099458, 401768374270245, 403738235654803, 400163854919462], BA=[387206585186185, 387514868443811, 387340342847663, 387219031575937, 387931416479346], RS=[381223156461167, 381441046531801], BD=[880910414222221, 880639481038861], BE=[329981858741186, 323415717122260, 320480532512089, 324021643889338, 324716481954043, 320477875662379, 325915612210933, 322900211581024, 320648501285786, 323470833449499, 321040078547490, 322712428357647, 321983777246665, 325367149205853, 326790657063671, 326373372305026, 326060959675515, 327185905445468, 329331184278978, 322365023079175, 321247412234813, 329453591625747, 321412611924525, 321164086529406, 327681570414624, 32832379900980, 320753100604299, 326760374213178, 32861275737534, 324900710349652, 329057159088597], BF=[226230546271452], BG=[35954129581954], RW=[250357479477025, 250871862104046], BH=[973924466632966, 973841674604544], BI=[257974869329237], BL=[590707584376173, 590875986137473, 590403384952377], BN=[673113181275522], BO=[591380948561808, 591242851144014, 591091268061115], SA=[966132490055300], SB=[677470918840499], BR=[557618707740631, 553563306667293, 557649498036915, 55302116665349, 556223540399135, 559382083313787, 556452512176681, 554950947913976, 555399781483007, 552720762079478, 550545511664373, 552058106499053, 553473600159270, 55799475127725, 55893111851367, 555166938757339, 550484323774945, 559024937787713, 558982661446742], SC=[248031778009935], SD=[249992061540795, 249642721107760, 249254521457386, 249753198199468], SE=[463824364851316, 466483420158199, 460009260395486, 461254106507658, 466265494472819, 462911910440762, 461098821801759, 465769385649309, 466899759786871, 466131467587658, 462255789113929, 460273446661996, 463616081385080, 460981377259116, 460547095469113, 467067978830272, 463315644410958, 469667594497369, 462259321325082, 469036079121602, 466066664470569, 466741618035199, 465654199639261, 464258569423504, 462230613640857, 464060834360480], BT=[975595236585094, 975822608338173, 975380423660136, 975193843697994], SG=[654229989802265, 653064869587516, 659840378115521, 657149273828730, 65151415037686, 650167163632157, 651475686978320, 651087006332310, 652655679442061, 650129704267751, 653037834983108, 65823780163093, 651343445103771, 650342147308259, 655589360321719, 657588011505184, 658143272009150, 650522733023481, 651047678247775, 65259677649599, 656135593726614, 653796541469944, 655148299516360, 658260972644355, 65865303357460], BW=[267406673427899, 26746338741177, 267598030057105], SI=[386609229224272, 386775690430556, 386124285739812], SJ=[479527936423559, 47350653496572, 472505972825405, 473774879851358, 477149554812221, 475110462384854, 476141870185507, 475563157894641, 477794172234884, 470137384125138, 476805982552464, 476327976241471, 478248161908765, 475610242019930, 479103363910313, 475292684281810], BY=[375258705913600, 375002961213736, 375261275383960, 375826583852103], BZ=[501670580270751, 501029285675728], SK=[421848480979950, 421487335979338, 421486094053213, 421474686653083], SL=[232326545123412, 232915033594549, 232795110902260], SM=[378119694364149, 378905143604659], SO=[25262112996895, 252536138340243], SR=[597217973607194, 597511528543276, 597930961298587], SS=[211484390352245], ST=[239068513793169, 239333304610168, 23969577371612, 239277042321329, 239988307088673, 239308809568768], CD=[243469230089031, 243171254308487], CF=[236561837854187, 236830358148269, 236618142880256, 23670434599967, 23618739804841], SV=[503414914336975, 503026393163534, 503380309544579], CG=[242152997737475, 242775263384482, 242146626460199, 242126362303633], CH=[415791403083775, 416543697822116, 415667928837377, 416391982021275, 413134340527692, 417900855372847, 418562559375015, 416990253421431, 418762007456947, 413779520231530, 414398322796877, 418556149759866, 415390464104106, 415814774596731, 414202591598323, 412395138552995, 411225999363001, 413441649658015, 41972521356742, 4113394998081, 414934863627281, 416627456485880, 417591407678104, 419661012254928, 416378563669827, 412160971909614, 418481723063061, 412861701574513, 410927731806541, 410697004419256, 4163023777397, 412449374810276, 418673961112603, 411890246333950, 419132751618604, 412574497326187, 415405660623204, 419642992113684, 417060635660611], CI=[225771592172402, 225015831053429, 225890490218613], SZ=[268570776160112], CK=[682871107148958, 682349183584614], CL=[569129472784292, 566342482816684, 561059752190617, 563143019139639, 565865213164362, 568148103603862, 566873035421306, 563599144623849, 561296784871834, 560050688067408, 563277204569892, 569244845946415, 565798886788393, 568332132110407, 560102625283686, 563950046868124, 562827637387874, 568275365799826, 562313111510507, 565953854568654, 562314073022899, 565990608973206, 56099117386018, 56734414757518, 568369337753043, 568568418983128], CM=[237977288490893], CN=[861558721225653, 867682190431645, 865530461023487, 861106896217770, 869637330807618, 860701421793674, 863219556106855, 866541494344734, 867230295011456, 861038566228392, 869163433675257, 868894882324478, 865329726243403, 865695190278511, 862354709454020, 86009812719267, 863697396972338, 862843363619487, 867125044152060, 863847194398267, 867762012682848, 865098934836091], CO=[574396256312302, 573690198761102, 57620825723956, 579929016174589, 570218271171853, 576211554681895, 578545009613959, 575283985253365, 576011263423466, 574074203107645, 577501877220670, 571871403866875, 575605611971903, 576423962507575, 57685476912335, 576239476817604, 572039114535622], CR=[506777222480547], TD=[235205901591767, 235904273660828, 235682769111709, 235578421955501], CU=[534664380858751, 538817936155369, 534014700593269, 530006391235568, 532515551504443, 535896917494123, 534241288975918, 533317029955308, 535112246837004, 531155374284405, 532712245208503, 531632933311941, 537311926331018, 538560464291021, 533933122586759, 539057971815427, 532617059959329, 535944700115616, 53125577300238, 535749909484392, 535736780624973, 539280180485464, 534079960162501, 537978742167995], TG=[228787513696907, 228699499760195], CV=[238078899926193], TH=[666548869931050, 662691906824131, 664708839216127, 668549095829472, 662309553351452, 666978379424238, 666686684777477, 660655289316416, 66658590360315, 664108960540818, 668051414516727, 664158529153569, 668420503745509, 667500437055583, 660319061926879, 669149881353092, 663432439353, 668137906321651, 66881256370891, 663507624610522, 661844242768791, 665977982471557, 662300959974050, 661860236164320, 6637832420752, 665319570485655, 660723674203164, 666743782352029], CY=[35782772198989, 357563490208857, 357354339748826, 35764700003875], TJ=[992467455653871, 992167533047512, 992746689641976], CZ=[420275925582031, 420065940162865], TK=[690257583809124, 690986440108457, 690071730531112, 690217611635755], TL=[670418150345485, 670197454424240], TM=[993216101614964, 993679409298730, 99381364599035, 993710406679829, 993987616961919], TN=[216723327159226, 216545238812931], TO=[676511770729857, 676239811746382, 67677391118823, 676938560689644], TR=[908563093632728, 902764173141338, 902875092094857, 904273899929838, 900271415179915, 902477741478580, 90944972978082, 908768084886898, 90953124500461, 90650766353663, 907671844185383, 906119188655575, 904596692725758, 905904770726073, 907548418321039, 903490900007990, 906154151080382, 907424896252451, 90569316582347, 904646961262107, 902232571611256, 905726744861795, 902300844697611, 90375734133393, 902009371895425, 907062315093214, 908511406112843, 904737564386399], DE=[498472183029453, 492371172432040, 490476471700931, 492483816554153, 492614087979809, 498499472642453, 498128182397038, 493755984974268, 491794491102321, 495971111195956, 492227664813801, 498983111393389, 498707413837511, 49279514310264, 499264972256565, 499345967104177, 495000202700058, 495644818256410, 490912659893306, 495096854339139, 496383318862047, 495960415972894, 498256477006766], TV=[688788806227250], TW=[886038825033418, 886832720147427, 886963954721547, 886568126683304, 886172192262243, 886580002173014, 886299341562339, 886678117527540], DJ=[253492503647994, 253212491772532, 253146062739780], DK=[458883409227063, 45835393925299, 455647338710143, 454083374222249, 450358535203030, 450334820779179, 450948577089146, 452359521540549, 450292699179587, 452200960632065, 454692705064022, 453671067603523, 453059337387981, 455963911949270, 459574986018293, 458488406867033, 455883708662726, 45019755194137, 455754992994645, 452395917550153, 450183138309933], UA=[38028874830458, 380375275249723, 380242554105837], UG=[256961057597867, 256224834092351, 256228865842670, 256255215118679], DZ=[213067337958825, 213539987437307, 21363741913801, 213615605049924, 213560030994379], EE=[372646745748013], EG=[206909210766105, 207084116829771, 201915554728222, 204391553008777, 20135531999124, 208164132125600, 20146451000014, 203826309712511, 209570289362114, 209830818203143, 201178152869935, 20326297382565, 209555423716994, 205249143868095, 200957513685910, 200260359067551, 208757069345924, 200814402793958, 204582547705865, 200458506387319, 201439272602038, 200195977467296, 205919992809910, 201912916016835, 204710412898128, 209996727620738, 209968407558721, 204889144013282, 208253607756948, 202898531270746, 208956458627852, 206724629669663, 206787187448657, 207290779148013, 204862197870321, 202604034980178], UY=[598029247242890, 598750292178799, 598295389806895], UZ=[998693491284466, 998568121875591], VA=[379337826218401, 379683301271032, 379719388269355], ER=[291433712794964, 291831511737575, 291304000458548], VC=[178471478265779, 178489793515308], ES=[346046963764419, 346255771110755, 346084904272312, 340116632237900, 347844849174024, 349784948067895, 341006682303017, 343841341974126, 347018253596306, 348747089722921, 348734970811983, 348558273543852, 3475999990659, 342492554662888, 349499590491586, 340347731898603, 341674610064364, 341224175054113, 345547974604742, 348573655552631, 348284871409777, 344861532461895, 340609415849832, 347192983557388, 344140722316107, 344488587845776, 341463953481065, 347179288933393], VE=[5818503750023, 582789677553622, 582120944140885, 584932804372946, 588858162495622, 583285933229843, 586597034199219, 580113539572374, 585577413161638, 588110166122478, 582545906289879, 584000362199391, 585318539894544, 583299247210639, 583304764771505, 585665301161968, 589958592816425, 589621934331616, 580236148145882, 58982100444249, 589605106810089, 582112266875701, 586094584634751, 583442464160929, 580519270355477, 587496450481177, 581807872404105, 584991544026856, 58455732302753, 585142971332823, 588599574399512, 580777565956667, 580728666602660, 582406216212083], ET=[251504161678366, 251657874643418, 251506856954148], VG=[1284489074186], VN=[844353880811538, 841676204520078, 847120307380074, 841358716446521, 848163117144692, 846462554636986, 840183877520190, 844542060932368, 843550566071440, 842300175375920, 844039535793390, 846848778468602, 842755976243181, 840224266688290, 847583010906234, 844063265497776, 844935942776579, 842885049124400, 844721962645965, 849894522616913], VU=[678418298392649, 678871084829065, 678466174215879, 678564843309615], FI=[358062883536794, 358158950351166, 358565728111758, 358002553958664], FJ=[679200333495382, 679930440606520, 679561866949970, 679051493753831], FK=[500039700227150, 50059153398706, 50006828705531, 500234085950571, 500731182609543, 500422515731584], FM=[691930675480613], AU+CX+CC=[611793640130498, 617186309121824, 61052194910595, 619320555348864, 610460394388010, 613212584608402, 610483584677288, 616869530084265, 619463654727293, 619101323387947, 611555796797529, 619707089290573, 619283164093273, 619030534815934, 617915498069451, 619041591261660, 615489641915848, 619755644958416, 617305990364132, 618403558195234, 611493695644236, 613816026576776, 613085871358685], FO=[298047762280180, 298017188433753], FR=[339103328727327, 33451311218441, 33490372690295, 334149137797825, 330549000240152, 330753148611250, 33258403786244, 333556942502822, 338114965186257, 330324206627087, 338098907252578, 33533776563066, 338659026223120, 336749690940267, 330094768500016, 334691101371837, 332566941031310, 335546301355386, 330220599003420, 330441744133575], WF=[681294637689294, 681052073939387, 681149383583201], GA=[241576836881633, 241831600523932, 241155027440930], GB=[449091060850098, 444048075999452, 441737206398518, 446643866276901, 448916593606972, 448773889871829, 444077677205220, 447693910047876, 44781227227023, 445680797995320, 446447459080145, 446748820889715, 445477049447830, 447270077838898, 447544962575079, 448205134202986, 44963586674837, 443877688850836, 445908550790248, 445856174031800, 445536089132464], WS=[685593666080614, 685143437924134], GE=[995454329486752, 995839148173916, 995822122021180], GH=[233423682555412], GI=[350609520055483, 350080236621661, 350640759416373], GL=[299229296306562, 299844373728580, 29902640513584], GM=[220969609698935, 22070751918141], GN=[22481594405156], GQ=[240060328674695, 240158142067132, 240594090769383, 24079546055682, 24097347184523], GR=[305915142329652, 301125079679163, 307983183631095, 307270618918992, 308656541415390, 303334537835465, 302163787368792, 30222446686706, 302870635474390, 307837417243259, 305522340952299, 302047456400511, 30825028270713, 306860388994214, 300295803387956, 307337641523985, 307956825904717, 30669242986566, 300565911979897, 308704698605916, 304532384812331, 302594915052695, 309138014617728, 308588218078008, 302693918155682, 305844412806464, 303489426344608, 301543438542421, 301751865692734, 304521054513867, 305781648107650], GT=[50265333590848], GW=[245094015886404, 245034206624136, 245667444427092, 245156747195800, 245864350597901], GY=[592538732807368], XK=[383874184884140], HK=[852743022744687, 85266619589783], HN=[504446645301326], HR=[385412922570635, 385409601142512, 385384042041888, 385383570887121, 385503686324697], YE=[967693000143648, 967838680790022], HT=[509053969823049, 509270230833565, 509952512871669], HU=[368695379183052, 365553655897855, 360213291844510, 369892985995932, 369592009388217, 368297364003808, 362897912706563, 363285210952288, 363403782933716, 361039525455676, 366530783488823, 364478852104242, 366751377559545, 36745922688738, 360915910430235, 363593170940235, 362296922830601, 364148750231417, 367036536413183, 369883584070994, 366139865128092, 364695075204566, 362461882958061, 367943314557730, 364348210640546, 365179797357537, 368751856318724, 367344490105342, 362173520945980], ID=[626815907122080, 626170021233579, 629283239922366, 624202504360758, 629994657120388, 626776345736248, 624709885299945, 629423408942776, 624639329168621, 6217582878619, 622156760210645, 622302902765112, 627560079630125, 628774141373958, 624747575248082, 621140565269253, 622112021928173, 622262706655576], IE=[353527828032476, 353894244145456], RU+KZ=[705231241851389, 797769395468422, 733067213283780, 79369706902746, 771191738039279, 730223776933487, 715727769691335, 741903797785208, 777572181150788, 718873961823979, 748095417965382, 711557667360015, 755208778432693, 794816384594224, 706651197478906, 741999824397253, 764429476578906, 732954963052279, 778979787492180, 799246437480442, 75298124070753, 785138187214129, 797932398515183, 787176215712212, 72762624313319, 707668325206736, 791878385586045, 729620140886338, 79874851764831, 751734578752163, 727854431768245, 74387574758419, 779173548564341, 76880961438653, 772838138813325, 701151429263008, 75444400928536, 743523654917650, 709033867232371, 792732700704629, 734698045662459, 790388501344929, 717573317575463, 704503027157949, 770437616230229, 724641074580341, 764675560624945, 712634678637621, 724211305978713, 723856163172384, 762122054185087, 761096647440579, 726743270270028, 755725954561385, 730307578334825, 799210009983347, 732079377474925, 756099972214745, 732352383491110, 733309166340135, 749654421836159, 792515900240170, 708313956771314, 7633512331983, 781868028737154, 772761302471013, 75667247332856, 710122165254125, 798143092110098, 797413697241273, 714540346083746, 754340362763776, 76517698834713, 788350645593283, 789959000364823, 723786079390677, 725039554888754, 773888034977032, 78050594127468, 771733200300918, 738398308859814, 725320187592581, 711739387711116, 782145094367920, 745890742860733, 78873510468803, 770261257214883, 729715659608234, 720735197484783, 777495537027916, 741447008116647, 771965057268405, 784060345607574, 724399182879866, 785778968413551, 755652037580439, 776907158174653, 723543374845305, 785846990239054, 775847779610285, 76509304239162, 744909979988880, 727199301239045, 743177687990834, 771378656662019, 721721163890021, 72400837796063, 717841727551847, 770040462514218, 797570760782770, 763762827115199, 708681873833266, 724367001932028, 794015614275830, 792483730345454, 74442927187853, 70909124757419, 742720128352202, 744067562785188, 752754986691579, 702886853461975, 703521535597549, 723815900826766, 764160462269207, 79007023083422, 762020322006206, 743809594851698, 771130030310857, 770908619006747, 767224493580677, 773054068794673, 726043864703323, 79459544341408, 713746066567734, 722616708276623, 754013335551279, 753961779616188, 757945498228551, 780019763377893, 751595285229382, 732381365107691, 722078059162679, 784743609308772, 746235437991175, 722101521116344, 727950710254346, 704276032773782, 721201634612210, 792616321360961, 771092259821053, 754347233344029, 761306320556508, 717072782912149, 744504651647370, 738412225312824, 720822949265600, 796053107517535, 792916645293611, 752919706778764, 782240568493585, 730392726623198, 787559559514336, 71969124968940, 791763378303275, 724071944333234, 740363277484978, 742012425815836, 774767663576394, 721629437854152, 718123679732836, 786012763261455, 780664141285583, 758503689940108, 736431825954229, 703854453455396, 715475389480057, 752957749201481, 752379518523019, 707511497405777, 755325331260793, 7279986394770, 743265399504540, 766844000018821, 795964960514200, 776819126621092, 762060297181956, 781907433320373, 728609383212359, 76536757813464, 744665599278719, 76036498764757, 745770822029655, 71470305163198, 702089555559256, 704552195126179, 740269291759016, 783395056542081, 757390591759953, 764104576293249, 751495967396349, 715497532317496, 735206402099132, 704743210570031, 783710421137289, 787134805371236, 717791130723207, 751160032648825, 718802615376583, 783327738393121, 788458080904391, 700077628867067, 729313680037324, 797082379655784, 705529096540526, 768552680087860, 714761313597277, 701196244277934, 757518594397884, 776311241295030, 791883197288629, 795857540423366, 771562738496007, 702930643567579, 731917785007987, 739604776338910, 74886754536986, 773008120232159, 771336220042858, 751816129354236, 79296188029959, 778985667036566, 793652802339602, 701489509823726, 732986137596075, 771719073415455, 797045503663397, 708685120357036, 776272060700147, 731471337913388, 776174111949492], IL=[972318809349755, 972429668604399], CA+US=[191162937695437, 135850570267338, 159326754893231, 142974250071468, 10306076433658, 199244344767272, 118171634855641, 114732073367148, 100256929969934, 119906317998317, 198871466250994, 148780407986547, 177340246126756, 128080251060033, 154801705192071, 155771458262055, 116474672263968, 132019548744089, 185147547110166, 117720225437921, 19790873996195, 108272748804162, 113409763339235, 183411208932108, 176648437257185, 14457734481326, 161035577056845, 178848746199220, 152236890553756, 127244867378826, 186636901841360, 113788865572006, 183308115602125, 106603867854759, 114255522533456, 108155447030408, 184644069211596, 127829305035345, 12099682217020, 172916099186499, 124768046810940, 114014013799537, 107277759717359, 132349466714609, 132983027064112, 117175893234246, 182677786442860, 139872883452014, 126707239422613, 174883614626895, 152144940094098, 104102041863875, 136568265701578, 153341092787606, 164642091913483, 120724583200091, 140471274870889, 195603419165739, 159386700158042, 139883652977536, 177521874620941, 182844697894143, 140646937755577, 150214068867, 184671631673072, 110987553966084, 149819604710442, 100032023489738, 189298691595287, 189937194158593, 19319489826356, 183534810759698, 113424332658070, 176874300945669, 162447127242595, 117419397678817, 140020123712312, 107606983781982, 140811895054415, 152262067623993, 168115536979324, 189500128404642, 182642353809312, 197488975974928, 125025268054934, 187060228689193, 15854766492103, 100478038311006, 160542495748902, 182028311067572, 14460224000163, 179164064794700, 165098978088191, 129909162366666, 141965754583982, 154390320889085, 185975214828398, 191955368964041, 183421047926756, 154388960521215, 153454058492107, 17835919740107, 189813422592601, 102924037889069, 166477061371029, 143168095368780, 151360542935361, 119944454331787, 17759734205474, 190845434054952, 108793113284876, 173661237858704, 11635721492627, 147940676309463, 122552262234536, 177208591985926, 138453769694556, 141609490346076, 145204694607882, 11936030723180, 146814158053133, 121426345990893, 141613346702235, 101084941361859, 152863837319029, 108623789682990, 175387905279270, 189834293710151, 134884898872912, 12615529613296, 159950882472009, 101960884404133, 138708447267632, 120216317149869, 11877091757124, 124843483400725, 155582622203875, 103368076632251, 190037090509690, 12178995188186, 182568105729897, 111435332831221, 145869059999230, 174724098129720, 195356553761638, 142452123076502, 129491690056541, 124716766955481, 134453692829023, 133013453637955, 107519658680877, 166486002458149, 147976700318758, 144468756237541, 115652110429111, 103024352529985, 123445454665508, 149436230164075, 18820955521431, 140606403760301, 151945866720989, 188604864730142, 112844747993018, 140043510404191, 137877303145067, 198838182851700, 102372898601769, 125244169959819, 189446301216701, 196440743586903, 145783828519519, 177987914112361, 142844082863678, 157867647995365, 14861326689418, 19087534691929, 10010910079607, 149838713675572, 130063101657720, 128783088536997, 161076220471078, 133384704033304, 191613252736010, 198204740252344, 134821928652502, 181993230936300, 155189735259698, 183884529224532, 19419066018051, 194593251477246, 192430689737785, 131292011008420, 183867405765838, 184342461516895, 185575003927190, 189517305359073, 198202642553683, 104986225500789, 18879794564304, 195660213366864, 111865239337749, 11360927456791, 134101380918399, 121840176832325, 168141238104650, 134524481745560, 176938600767486, 10936547910615, 115688608490945, 186518126139611, 162749227154811, 185678450134866, 147750434663887, 177947236003923, 179052416086467, 105690063503309, 10122785671670, 107936588608094, 120341394006654, 126630867115489, 196402712876512, 149359171200213, 115118382249619, 162811651738077, 179139768367430, 114061427919713, 123235597842387, 100886102253296, 184786810987317, 167037194674564, 113729322487700, 139984858358220, 13298362631209, 12179797067081, 152962715557486, 108162452557746, 197601886982047], IN=[910630902265267, 917799743537884, 915577505780715, 914391778911396, 916551006613460, 917571403051892, 917071631278227, 910190955173759, 911897855547228, 915081691151826, 917269648105307, 914281602282047, 910900501142358, 918976839769083, 911474002145950, 919547753461854, 91691630765228, 913389890735569, 911727712535368, 919205846180907, 910108041236522, 913993236748501, 910612933453293, 918454120539515, 913577376144395, 917262793191801, 912841469810804, 916554896174680, 911037081986402, 914402993823968], IO=[246556002777000, 246445665530270], ZA=[273687597444194, 274580423473741, 275330319093430, 279775762707433, 277027066109415, 275164985687735, 275511289091980, 27584612208659, 274893986520475, 271555210752772, 271706033051051, 273464931936456, 27868829367270, 277003904264628, 272146333666359, 270082041248634, 274174549264417, 274195108408366, 273594675406637, 271483457788436, 277382624307627, 276714526448726, 272449519053439, 2725542256411, 271949020417301, 272207255248186], IQ=[964572542347730], IR=[982470803271975, 983428874626942, 989452916782508, 982603892089125, 981267552877430, 984022756371366, 986819527066432, 989261354485132, 982154275557513, 985326020185144, 989072223119159, 985051136352037, 983668780890082, 981718958950702, 987391107638308, 983256050332324, 988426417596933, 987422220549411, 982362649712711, 98679706660952, 98492094100551, 980512807671921, 980626342205721], IS=[35429256900037, 35480962245595, 354815740782490, 354359230738395, 354372282585622, 354301001707307], IT=[398769951154270, 393571124348679, 394202502977256, 391067056200534, 396340941371413, 393952219300547, 399305535108362, 399973123676872, 397833179338019, 392386328278883, 395855949959712, 396274413966711, 396445067776644, 392916927622183, 392369805085412, 39137676682991, 399140171198533, 392187675232636, 390371243721291, 392497836376113, 395680075556413, 392610758902253], ZM=[260182107162926, 260523843581592, 260998258334847, 260159178540760, 260000910327397], ZW=[263453111106473, 263191159564657, 26379521360877, 263608025190277, 263678441122051], JO=[962732801698040, 962727550408861, 96222241501982], JP=[813437189691779, 818986193544145, 814991793325549, 811374436911657, 817901298344467, 811975792038681, 81012295700723, 814050745230691, 817191457351242, 813932965968168, 818796229186471, 819610609821102, 816314379307324, 816057208601415, 812449686949838, 810362296748903, 811865122624538, 817849114734323, 816512821443412, 814960525565168, 811387663403690, 813497786949650, 818462599723317, 811083577607072, 810930779818368, 816278358912354, 810294738808018], KE=[25467072224284, 254237394027589, 254694362751516], KH=[85512191613759, 855567246372017, 855386573094051, 855181093684421, 855738506878321], KI=[686723127471964, 68697472148927, 686796713750716, 686610513586004], KM=[269177735096787, 26943454543356], KP=[850647262402731, 850513400410428, 850030593936034], KR=[825637010060723, 826195726335990, 829661514380864, 822393913448250, 823800759185367, 822905918910073, 822447785102870, 829798134356536, 826809873574681, 826001996338293, 821624065824856, 821343874801829, 820523653977254, 821419438706314, 82377752213929, 821049577358655, 822912047157715, 82524402746156, 825748772834398, 821714878406388, 823200903603159, 82136211149414, 827562150427612, 822846545721998], KW=[965060578136642, 965051034327617], LA=[856135153970887, 856664019669435, 856689192531283], LI=[423400333864466], LK=[942149681928860, 944972555890418, 949580629557501, 942965816186576, 94996494130192, 940910375415749, 949331571585167, 94656543030226, 946490412058865, 9462664929292, 948740606391655, 944903610981746, 948545027923209, 946689497996981, 947579046038280, 941319227863142, 94116063975496, 943843664843444, 940053896151398, 945465141244448, 949262462967122, 949924825241418, 949892804582282, 949190661048630, 947190954939320], LR=[231650232392449, 231027072025607], LS=[266577404694333], LT=[370652675700042, 370497723429389], LU=[352296585916864], LV=[371599190205997], LY=[218897473163579], MC=[377093155979443, 377959104518662, 37794456517281, 377875031273353, 377734553298695, 377514532565857, 377874697729951], MD=[373791905547380], ME=[38204776260947, 382825081224872], MG=[261690983214537, 261456728307389], MH=[692298611942049, 692476958927691, 692045872087032], MK=[389196745787162, 389669286736246], ML=[223613713698333, 223704752980732], MM=[954065414194781, 950817874255457, 958547487148191, 953224034308972, 958445439944487, 952574618076810, 951586440185036, 955779536020195, 956520197446745, 954625869679180, 951410347882802, 950311364230274, 952394513334740, 950544075396564, 955436010681848, 954615277336587, 953617644439274, 959780179085155, 956511609914120, 954344429444416, 952035187526627, 953192411843126, 957188744229379, 957541850365300, 953970410408332, 951506083003696, 956039424711083, 952656950625005, 958329499414191, 956009082072780, 959781117386885], MN=[976027601873411, 976715126966102, 97676075065681], MA+EH=[212023365951412, 212610301537614], MO=[853888983482897], MR=[222119997350236, 222635543135365], MT=[356778317419466], MU=[230446952514733, 23090198103463, 230639849195061], MV=[960933977085777, 960557367901925, 960627436913464, 960247003653522], MW=[265806482732381, 265700074219123, 265691400035855, 265777815391628], MX=[528629274454202, 529114300523491, 521337220085248, 522174648698708, 525549840871653, 527551543883775, 522837453530180, 528552083767607, 524974828026726, 524184450257889, 522723840299403, 527200871158436, 522729518688014, 525598612780302, 520973843080522, 523928041992462, 524324725279075, 528370161771038, 522445810464947, 522889456387150, 526194697427183, 528218177005809, 522523599228998, 525446888326360, 528802449125366], MY=[607249786307123, 604215646571152, 603805789994680, 604702218885088, 601538119908142, 605953297293753, 601802503868354, 605931434744941, 605971813215138, 6065658128411, 60602884679248, 600860676309726, 602327180549300, 603226024725463, 608018290416493, 605205232521911, 606803303432744, 600222026574832, 608949860897026, 600020589923272, 600595204420898, 604002242939887, 60943512558824, 609741703802337, 607228517693847, 603784431646327, 605832409237731], MZ=[258991224778085, 258804757680602, 258305443773836], NA=[26487779466891, 264073583419899, 26436026620691], NC=[687687745807078, 68717304733701], NE=[227342557968727, 227410245720433, 227080466809020, 227652176634897], NG=[23455995466749], NI=[505501005198355], NL=[31127363659813, 317033131206567, 31820425413677, 310855994758034, 31940587315015, 316661527202302, 31973758956985, 315678068123500, 315652502817772, 312215232704016, 316593141363156, 311154486383603, 316260111178841, 313089968441404, 312214395438123, 312576338610196, 313096108409152, 311666555519263, 311297274426427, 31704539415369, 316613618185218, 311171488475377, 319743073499357, 317836481373103, 312883350327072, 310588043904257, 316021447038734, 312877544231382, 310812855945113, 314220063504530, 31444381062517, 310921177477852, 311964433447458, 311189385891452, 314495484883543], NP=[977551268684001, 977991487614806], NR=[674331373695692, 674800334838464, 674057215369391], NU=[683797345789811, 683576647812761, 683790051341363, 683403710585864], NZ=[644748795235155, 642566498247777, 648774619460333, 647811422780337, 64023219835387, 648967219736798, 649445480210441, 641006277127833, 640196401823928, 64338155438206, 649452795170192, 643188396876875, 644805532704793, 641485052518697, 647706505755331, 647703811926219, 646295088662260, 640317310506576, 640039936970446, 646962592786964, 646170045700615, 640554245576278, 643528388965421, 647306272701534, 644903874029233, 647916112604316], OM=[968272401790930, 968099771787341, 968172857696829], PE=[512497438245474, 515757522944958, 518832575684616, 511210000999520, 51131709855367, 512200202809353, 51996632800362, 514414466682001, 512199107754781, 512951698017848, 518544470884583, 517726423165703, 510075170265582, 511441120272166, 518020062006499, 516188594561455, 517409536260225, 517273888955411, 511724638108817, 513441057148345, 518806905746864, 517148203462979], PF=[689106223995086, 689178319309363, 689135924964026, 689857220499275, 689963141813918], PG=[675839389138877, 675755835614248, 675318388349804, 675666198340006, 675221448307359], PH=[634350463050274, 635227425654326, 637920959553981, 639836522085513, 631193643516835, 637406201680676, 636084619571240, 632293205568271, 630089580395928, 632443203990340, 63738146165986, 633413175262808, 633004419577388, 638849983749545, 631053539307614, 630076342953398, 637801393925238, 632139081449737, 632477359409929, 634265219428277, 634935916679206, 632495530984370, 636596243819366, 632975771352175, 633864477299176, 631807919394432, 639217637676304, 631532581049370, 638268017084319, 634791492185161, 631287182233694, 638282718241932, 63566872746366], PK=[924892098843861, 920001303962266, 92210839996126, 924492510479461, 923604130729349, 925369398087621, 928767593470967, 923394744169603, 922413480662886, 927600307484825, 921650105722071, 925032027291035, 922460359969739, 922061772242498, 921939113135899, 927650371715142], PL=[488077321328848, 485608831894577, 48086627693970, 488493345496484, 483589581705838, 484931791531899, 482474617109616, 488884658342728, 4875485114159, 489296855604359, 489733793734788, 485587675628505, 486229564993333, 488532531274892, 488250376997405, 483133360847302, 487055305331267, 48430615720649, 482889938396776], PM=[50834683179398, 508610964542081]}
GE has 3 recognised numbers.
YE has 2 recognised numbers.
GB has 21 recognised numbers.
CA+US has 237 recognised numbers.

]]></system-out>
  <system-err><![CDATA[]]></system-err>
</testsuite>
